--- Game Configuration ---
--- Player Configuration ---
Available players: uct, mccfr
[(1, <UCTagent.UCTAgent object at 0x7f8154b86c40>), (2, <MCCFRagent.MCCFRAgent object at 0x7f8154b86ca0>), (0, <UCTagent.UCTAgent object at 0x7f8154b86d00>)]
0 UCT Agent(time=3, exploration_constant=3)
1 MCCFR Agent(time=3, epsilon=0.6)
2 UCT Agent(time=3, exploration_constant=3)
15 UCT iterations in 3s
turn complete
turn complete
13 UCT iterations in 3s
turn complete
13 UCT iterations in 3s
turn complete
turn complete
17 UCT iterations in 3s
turn complete
18 UCT iterations in 3s
turn complete
turn complete
17 UCT iterations in 3s
turn complete
18 UCT iterations in 3s
turn complete
turn complete
25 UCT iterations in 3s
turn complete
35 UCT iterations in 3s
turn complete
turn complete
808 UCT iterations in 3s
turn complete
Action sequence ---------------------------
<monastery_road, 2, (0, -1), ROAD, 0>
<monastery, 0, (0, -2), MONASTERY, 0>
<city_cap_straight_road, 0, (1, -2), None, 0>
<big_city, 0, (1, 0), CITY, 0>
<city_cap_straight_road, 1, (0, -3), FARM, 0>
<tri_road, 0, (-1, -3), ROAD, 1>
<city_cap_straight_road, 0, (-1, -4), None, 0>
<city_tunnel, 0, (-1, 0), None, 0>
<monastery, 0, (-2, -4), MONASTERY, 0>
<monastery_road, 2, (-1, -2), None, 0>
<monastery, 0, (-2, 0), None, 0>
<tri_road, 1, (-1, -5), None, 0>
<monastery, 0, (-2, -1), None, 0>
<tri_road, 2, (1, -3), None, 0>
<tri_road, 2, (-2, -3), ROAD, 2>
-------------------------------------------
Cities:  5
Roads:  11
Farms:  7
Free Meeples:  [0, 0, 1]
SCORES:  [5, 7, 10]
TIMES: [15.46590256690979, 15.212733030319214, 15.33621621131897]
GAMES: [0, 0, 1]
[(1, <UCTagent.UCTAgent object at 0x7f8154b86c40>), (2, <MCCFRagent.MCCFRAgent object at 0x7f8154b86ca0>), (0, <UCTagent.UCTAgent object at 0x7f8154b86d00>)]
0 UCT Agent(time=3, exploration_constant=3)
1 MCCFR Agent(time=3, epsilon=0.6)
2 UCT Agent(time=3, exploration_constant=3)
15 UCT iterations in 3s
turn complete
turn complete
16 UCT iterations in 3s
turn complete
16 UCT iterations in 3s
turn complete
turn complete
23 UCT iterations in 3s
turn complete
20 UCT iterations in 3s
turn complete
turn complete
24 UCT iterations in 3s
turn complete
42 UCT iterations in 3s
turn complete
turn complete
111 UCT iterations in 3s
turn complete
371 UCT iterations in 3s
turn complete
turn complete
892 UCT iterations in 3s
turn complete
Action sequence ---------------------------
<city_cap_straight_road, 2, (0, 1), ROAD, 0>
<monastery, 0, (-1, 0), MONASTERY, 0>
<tri_road, 3, (0, 2), ROAD, 0>
<city_cap_straight_road, 2, (1, 0), CITY, 0>
<tri_road, 3, (1, 1), None, 0>
<city_tunnel, 1, (-1, -1), FARM, 0>
<monastery, 0, (2, 0), MONASTERY, 0>
<tri_road, 0, (0, 3), ROAD, 0>
<monastery, 0, (-1, 2), MONASTERY, 0>
<tri_road, 0, (2, -1), None, 0>
<monastery_road, 0, (3, 0), None, 0>
<city_cap_straight_road, 2, (-2, 2), None, 0>
<monastery_road, 1, (2, 1), None, 0>
<big_city, 0, (-2, -1), None, 0>
<monastery, 0, (-1, -2), None, 0>
-------------------------------------------
Cities:  4
Roads:  13
Farms:  9
Free Meeples:  [0, 0, 0]
SCORES:  [13, 6, 7]
TIMES: [15.433881521224976, 15.301215171813965, 15.326377630233765]
GAMES: [1, 0, 1]
[(1, <UCTagent.UCTAgent object at 0x7f8154b86c40>), (2, <MCCFRagent.MCCFRAgent object at 0x7f8154b86ca0>), (0, <UCTagent.UCTAgent object at 0x7f8154b86d00>)]
0 UCT Agent(time=3, exploration_constant=3)
1 MCCFR Agent(time=3, epsilon=0.6)
2 UCT Agent(time=3, exploration_constant=3)
14 UCT iterations in 3s
turn complete
turn complete
17 UCT iterations in 3s
turn complete
19 UCT iterations in 3s
turn complete
turn complete
21 UCT iterations in 3s
turn complete
29 UCT iterations in 3s
turn complete
turn complete
26 UCT iterations in 3s
turn complete
25 UCT iterations in 3s
turn complete
turn complete
42 UCT iterations in 3s
turn complete
218 UCT iterations in 3s
turn complete
turn complete
885 UCT iterations in 3s
turn complete
Action sequence ---------------------------
<monastery_road, 0, (0, 1), MONASTERY, 0>
<tri_road, 1, (-1, 0), None, 0>
<city_cap_straight_road, 1, (-2, 0), ROAD, 0>
<city_cap_straight_road, 3, (0, 2), CITY, 0>
<city_cap_straight_road, 0, (1, 1), CITY, 0>
<monastery_road, 2, (-1, -1), ROAD, 0>
<tri_road, 3, (0, -1), None, 0>
<monastery, 0, (-1, -2), MONASTERY, 0>
<monastery, 0, (-2, 1), MONASTERY, 0>
<monastery, 0, (-1, -3), None, 0>
<monastery, 0, (-2, -2), None, 0>
<tri_road, 0, (-3, 0), None, 0>
<tri_road, 1, (1, 2), None, 0>
<big_city, 0, (2, 1), None, 0>
<city_tunnel, 1, (-2, 2), CITY, 0>
-------------------------------------------
Cities:  5
Roads:  11
Farms:  7
Free Meeples:  [0, 0, 0]
SCORES:  [7, 8, 11]
TIMES: [15.280004978179932, 15.310590267181396, 15.536259174346924]
GAMES: [1, 0, 2]
[(1, <UCTagent.UCTAgent object at 0x7f8154b86c40>), (2, <MCCFRagent.MCCFRAgent object at 0x7f8154b86ca0>), (0, <UCTagent.UCTAgent object at 0x7f8154b86d00>)]
0 UCT Agent(time=3, exploration_constant=3)
1 MCCFR Agent(time=3, epsilon=0.6)
2 UCT Agent(time=3, exploration_constant=3)
14 UCT iterations in 3s
turn complete
turn complete
11 UCT iterations in 3s
turn complete
12 UCT iterations in 3s
turn complete
turn complete
13 UCT iterations in 3s
turn complete
13 UCT iterations in 3s
turn complete
turn complete
13 UCT iterations in 3s
turn complete
15 UCT iterations in 3s
turn complete
turn complete
18 UCT iterations in 3s
turn complete
24 UCT iterations in 3s
turn complete
turn complete
853 UCT iterations in 3s
turn complete
Action sequence ---------------------------
<monastery_road, 0, (-1, 0), MONASTERY, 0>
<monastery, 0, (-2, 0), MONASTERY, 0>
<big_city, 0, (1, 0), CITY, 0>
<monastery_road, 2, (0, -1), MONASTERY, 0>
<monastery, 0, (-2, 1), MONASTERY, 0>
<city_cap_straight_road, 2, (0, 1), ROAD, 0>
<city_tunnel, 1, (-2, 2), None, 0>
<city_cap_straight_road, 2, (-1, 2), None, 0>
<monastery, 0, (-2, 3), None, 0>
<city_cap_straight_road, 0, (0, 2), None, 0>
<monastery, 0, (-3, 0), None, 0>
<tri_road, 0, (-3, -1), None, 0>
<tri_road, 1, (-1, -1), None, 0>
<tri_road, 2, (-2, 4), None, 0>
<tri_road, 1, (0, 3), None, 0>
-------------------------------------------
Cities:  4
Roads:  13
Farms:  9
Free Meeples:  [0, 0, 1]
SCORES:  [12, 12, 8]
TIMES: [15.721134185791016, 15.45988130569458, 15.396644592285156]
GAMES: [1.5, 0.5, 2]
[(1, <UCTagent.UCTAgent object at 0x7f8154b86c40>), (2, <MCCFRagent.MCCFRAgent object at 0x7f8154b86ca0>), (0, <UCTagent.UCTAgent object at 0x7f8154b86d00>)]
0 UCT Agent(time=3, exploration_constant=3)
1 MCCFR Agent(time=3, epsilon=0.6)
2 UCT Agent(time=3, exploration_constant=3)
14 UCT iterations in 3s
turn complete
turn complete
14 UCT iterations in 3s
turn complete
15 UCT iterations in 3s
turn complete
turn complete
17 UCT iterations in 3s
turn complete
16 UCT iterations in 3s
turn complete
turn complete
17 UCT iterations in 3s
turn complete
23 UCT iterations in 3s
turn complete
turn complete
48 UCT iterations in 3s
turn complete
73 UCT iterations in 3s
turn complete
turn complete
876 UCT iterations in 3s
turn complete
Action sequence ---------------------------
<monastery, 0, (-1, 0), MONASTERY, 0>
<tri_road, 2, (-1, 1), ROAD, 0>
<big_city, 0, (1, 0), CITY, 0>
<city_cap_straight_road, 0, (0, -1), ROAD, 0>
<tri_road, 1, (0, -2), ROAD, 0>
<monastery, 0, (-1, -1), MONASTERY, 0>
<monastery, 0, (1, -2), None, 0>
<monastery_road, 3, (-2, 1), None, 0>
<monastery, 0, (-2, -1), None, 0>
<tri_road, 0, (0, 1), None, 0>
<city_cap_straight_road, 1, (-2, -2), CITY, 0>
<tri_road, 0, (1, -3), None, 0>
<monastery_road, 1, (-2, 2), MONASTERY, 0>
<city_tunnel, 0, (-3, -1), None, 0>
<city_cap_straight_road, 2, (2, 0), None, 0>
-------------------------------------------
Cities:  4
Roads:  13
Farms:  10
Free Meeples:  [0, 0, 0]
SCORES:  [15, 4, 11]
TIMES: [15.476837873458862, 15.453169107437134, 15.245447397232056]
GAMES: [2.5, 0.5, 2]
[(1, <UCTagent.UCTAgent object at 0x7f8154b86c40>), (2, <MCCFRagent.MCCFRAgent object at 0x7f8154b86ca0>), (0, <UCTagent.UCTAgent object at 0x7f8154b86d00>)]
0 UCT Agent(time=3, exploration_constant=3)
1 MCCFR Agent(time=3, epsilon=0.6)
2 UCT Agent(time=3, exploration_constant=3)
14 UCT iterations in 3s
turn complete
turn complete
17 UCT iterations in 3s
turn complete
21 UCT iterations in 3s
turn complete
turn complete
17 UCT iterations in 3s
turn complete
17 UCT iterations in 3s
[(0, <UCTagent.UCTAgent object at 0x7f8154b86a00>), (2, <MCCFRagent.MCCFRAgent object at 0x7f8154b86a60>), (1, <UCTagent.UCTAgent object at 0x7f8154b86ac0>)]
0 UCT Agent(time=3, exploration_constant=3)
1 MCCFR Agent(time=3, epsilon=0.6)
2 UCT Agent(time=3, exploration_constant=3)
14 UCT iterations in 3s
turn complete
turn complete
14 UCT iterations in 3s
turn complete
13 UCT iterations in 3s
turn complete
turn complete
16 UCT iterations in 3s
turn complete
18 UCT iterations in 3s
turn complete
turn complete
17 UCT iterations in 3s
turn complete
17 UCT iterations in 3s
turn complete
turn complete
22 UCT iterations in 3s
turn complete
19 UCT iterations in 3s
turn complete
turn complete
883 UCT iterations in 3s
turn complete
Action sequence ---------------------------
<monastery_road, 2, (0, -1), MONASTERY, 0>
<monastery, 0, (-1, -1), MONASTERY, 0>
<city_cap_straight_road, 0, (0, 1), FARM, 1>
<big_city, 0, (1, 0), CITY, 0>
<city_cap_straight_road, 2, (0, 2), ROAD, 0>
<tri_road, 3, (1, 2), None, 0>
<city_cap_straight_road, 2, (2, 0), None, 0>
<city_tunnel, 0, (-2, -1), None, 0>
<monastery, 0, (3, 0), MONASTERY, 0>
<monastery_road, 0, (4, 0), None, 0>
<monastery, 0, (-3, -1), None, 0>
<tri_road, 1, (2, 1), None, 0>
<monastery, 0, (-4, -1), None, 0>
<tri_road, 1, (2, 2), None, 0>
<tri_road, 3, (4, -1), None, 0>
-------------------------------------------
Cities:  4
Roads:  11
Farms:  7
Free Meeples:  [0, 0, 0]
SCORES:  [8, 8, 5]
TIMES: [15.33881139755249, 15.402814388275146, 15.412163734436035]
GAMES: [0.5, 0.5, 0]
[(0, <UCTagent.UCTAgent object at 0x7f8154b86a00>), (2, <MCCFRagent.MCCFRAgent object at 0x7f8154b86a60>), (1, <UCTagent.UCTAgent object at 0x7f8154b86ac0>)]
0 UCT Agent(time=3, exploration_constant=3)
1 MCCFR Agent(time=3, epsilon=0.6)
2 UCT Agent(time=3, exploration_constant=3)
15 UCT iterations in 3s
turn complete
turn complete
16 UCT iterations in 3s
turn complete
17 UCT iterations in 3s
turn complete
turn complete
21 UCT iterations in 3s
turn complete
21 UCT iterations in 3s
turn complete
turn complete
26 UCT iterations in 3s
turn complete
42 UCT iterations in 3s
turn complete
turn complete
109 UCT iterations in 3s
turn complete
322 UCT iterations in 3s
turn complete
turn complete
876 UCT iterations in 3s
turn complete
Action sequence ---------------------------
<city_cap_straight_road, 0, (0, -1), ROAD, 0>
<monastery, 0, (-1, -1), MONASTERY, 0>
<tri_road, 1, (0, -2), ROAD, 0>
<city_cap_straight_road, 2, (1, -1), CITY, 0>
<tri_road, 3, (0, -3), None, 0>
<city_tunnel, 0, (2, -1), None, 0>
<monastery, 0, (-1, 0), MONASTERY, 0>
<tri_road, 1, (1, -3), ROAD, 0>
<monastery, 0, (2, -3), MONASTERY, 0>
<tri_road, 0, (0, 1), None, 0>
<monastery_road, 3, (0, 2), None, 0>
<city_cap_straight_road, 3, (2, -2), CITY, 0>
<monastery_road, 3, (-1, 1), MONASTERY, 0>
<big_city, 0, (2, 0), None, 0>
<monastery, 0, (3, -3), None, 0>
-------------------------------------------
Cities:  3
Roads:  12
Farms:  9
Free Meeples:  [0, 0, 0]
SCORES:  [19, 6, 10]
TIMES: [15.514845132827759, 15.340686559677124, 15.226343393325806]
GAMES: [1.5, 0.5, 0]
[(0, <UCTagent.UCTAgent object at 0x7f8154b86a00>), (2, <MCCFRagent.MCCFRAgent object at 0x7f8154b86a60>), (1, <UCTagent.UCTAgent object at 0x7f8154b86ac0>)]
0 UCT Agent(time=3, exploration_constant=3)
1 MCCFR Agent(time=3, epsilon=0.6)
2 UCT Agent(time=3, exploration_constant=3)
14 UCT iterations in 3s
turn complete
turn complete
17 UCT iterations in 3s
turn complete
19 UCT iterations in 3s
turn complete
turn complete
23 UCT iterations in 3s
turn complete
32 UCT iterations in 3s
turn complete
turn complete
26 UCT iterations in 3s
turn complete
28 UCT iterations in 3s
turn complete
turn complete
40 UCT iterations in 3s
turn complete
332 UCT iterations in 3s
turn complete
turn complete
Action sequence ---------------------------
<monastery_road, 1, (-1, 0), MONASTERY, 0>
<tri_road, 2, (-1, 1), ROAD, 0>
<city_cap_straight_road, 3, (-2, 1), None, 0>
<city_cap_straight_road, 0, (-1, 2), None, 0>
<city_cap_straight_road, 2, (0, 2), CITY, 0>
<monastery_road, 2, (1, 2), MONASTERY, 0>
<tri_road, 0, (-2, 0), ROAD, 1>
<monastery, 0, (-1, -1), MONASTERY, 0>
<monastery, 0, (1, 1), MONASTERY, 0>
<monastery, 0, (2, 1), None, 0>
<monastery, 0, (3, 1), None, 0>
<tri_road, 1, (0, 1), None, 0>
<tri_road, 1, (-2, -1), None, 0>
<city_tunnel, 1, (-1, -2), None, 0>
-------------------------------------------
Cities:  4
Roads:  11
Farms:  7
Free Meeples:  [1, 0, 0]
SCORES:  [10, 12, 11]
TIMES: [15.273132801055908, 15.298566102981567, 12.293274164199829]
GAMES: [1.5, 1.5, 0]
[(0, <UCTagent.UCTAgent object at 0x7f8154b86a00>), (2, <MCCFRagent.MCCFRAgent object at 0x7f8154b86a60>), (1, <UCTagent.UCTAgent object at 0x7f8154b86ac0>)]
0 UCT Agent(time=3, exploration_constant=3)
1 MCCFR Agent(time=3, epsilon=0.6)
2 UCT Agent(time=3, exploration_constant=3)
14 UCT iterations in 3s
turn complete
turn complete
13 UCT iterations in 3s
turn complete
13 UCT iterations in 3s
turn complete
turn complete
13 UCT iterations in 3s
turn complete
13 UCT iterations in 3s
turn complete
turn complete
14 UCT iterations in 3s
turn complete
14 UCT iterations in 3s
turn complete
turn complete
19 UCT iterations in 3s
turn complete
25 UCT iterations in 3s
turn complete
turn complete
898 UCT iterations in 3s
turn complete
Action sequence ---------------------------
<monastery_road, 2, (0, -1), ROAD, 0>
<monastery, 0, (-1, 0), MONASTERY, 0>
<big_city, 0, (1, 0), CITY, 0>
<monastery_road, 3, (0, -2), ROAD, 0>
<monastery, 0, (-1, -2), FARM, 0>
<city_cap_straight_road, 2, (-2, 0), None, 0>
<city_tunnel, 1, (-3, 0), None, 0>
<city_cap_straight_road, 0, (-2, 1), None, 0>
<monastery, 0, (0, -3), MONASTERY, 0>
<city_cap_straight_road, 0, (0, 1), None, 0>
<monastery, 0, (-1, -1), None, 0>
<tri_road, 0, (0, -4), None, 0>
<tri_road, 0, (0, 2), None, 0>
<tri_road, 1, (-2, -1), None, 0>
<tri_road, 3, (-1, -4), None, 0>
-------------------------------------------
Cities:  4
Roads:  12
Farms:  9
Free Meeples:  [1, 0, 0]
SCORES:  [5, 8, 8]
TIMES: [15.364740371704102, 15.49870491027832, 15.604694366455078]
GAMES: [1.5, 2.0, 0.5]
[(0, <UCTagent.UCTAgent object at 0x7f8154b86a00>), (2, <MCCFRagent.MCCFRAgent object at 0x7f8154b86a60>), (1, <UCTagent.UCTAgent object at 0x7f8154b86ac0>)]
0 UCT Agent(time=3, exploration_constant=3)
1 MCCFR Agent(time=3, epsilon=0.6)
2 UCT Agent(time=3, exploration_constant=3)
14 UCT iterations in 3s
turn complete
turn complete
14 UCT iterations in 3s
turn complete
14 UCT iterations in 3s
turn complete
turn complete
18 UCT iterations in 3s
turn complete
17 UCT iterations in 3s
turn complete
turn complete
15 UCT iterations in 3s
turn complete
22 UCT iterations in 3s
turn complete
turn complete
46 UCT iterations in 3s
turn complete
73 UCT iterations in 3s
turn complete
turn complete
856 UCT iterations in 3s
turn complete
Action sequence ---------------------------
<monastery, 0, (-1, 0), MONASTERY, 0>
<tri_road, 2, (-1, 1), ROAD, 0>
<big_city, 0, (1, 0), CITY, 0>
<city_cap_straight_road, 1, (-1, -1), None, 0>
<tri_road, 0, (-2, 1), ROAD, 1>
<monastery, 0, (-2, 2), MONASTERY, 0>
<monastery, 0, (-3, 2), MONASTERY, 0>
<monastery_road, 1, (-3, 3), ROAD, 0>
<monastery, 0, (-2, 3), None, 0>
<tri_road, 1, (0, 1), None, 0>
<city_cap_straight_road, 2, (-4, 2), None, 0>
<tri_road, 3, (-1, 3), None, 0>
<monastery_road, 3, (-2, -1), None, 0>
<city_tunnel, 0, (-3, -1), None, 0>
<city_cap_straight_road, 3, (1, -1), None, 0>
-------------------------------------------
Cities:  4
Roads:  14
Farms:  11
Free Meeples:  [0, 0, 0]
SCORES:  [13, 4, 11]
TIMES: [15.531166076660156, 15.375921487808228, 15.31078290939331]
GAMES: [2.5, 2.0, 0.5]
[(0, <UCTagent.UCTAgent object at 0x7f8154b86a00>), (2, <MCCFRagent.MCCFRAgent object at 0x7f8154b86a60>), (1, <UCTagent.UCTAgent object at 0x7f8154b86ac0>)]
0 UCT Agent(time=3, exploration_constant=3)
1 MCCFR Agent(time=3, epsilon=0.6)
2 UCT Agent(time=3, exploration_constant=3)
15 UCT iterations in 3s
turn complete
turn complete
18 UCT iterations in 3s
turn complete
20 UCT iterations in 3s
turn complete
turn complete
20 UCT iterations in 3s
turn complete
20 UCT iterations in 3s
turn complete
turn complete
26 UCT iterations in 3s
[(2, <MCCFRagent.MCCFRAgent object at 0x7f8154b86e80>), (1, <UCTagent.UCTAgent object at 0x7f8154b86ee0>), (0, <UCTagent.UCTAgent object at 0x7f8154b86f40>)]
0 MCCFR Agent(time=3, epsilon=0.6)
1 UCT Agent(time=3, exploration_constant=3)
2 UCT Agent(time=3, exploration_constant=3)
turn complete
14 UCT iterations in 3s
turn complete
15 UCT iterations in 3s
turn complete
turn complete
14 UCT iterations in 3s
turn complete
17 UCT iterations in 3s
turn complete
turn complete
19 UCT iterations in 3s
turn complete
18 UCT iterations in 3s
turn complete
turn complete
21 UCT iterations in 3s
turn complete
27 UCT iterations in 3s
turn complete
turn complete
137 UCT iterations in 3s
turn complete
688 UCT iterations in 3s
turn complete
Action sequence ---------------------------
<monastery_road, 2, (0, -1), MONASTERY, 0>
<monastery, 0, (-1, 0), None, 0>
<city_cap_straight_road, 0, (0, 1), ROAD, 0>
<big_city, 0, (1, 1), CITY, 0>
<city_cap_straight_road, 2, (0, 2), FARM, 1>
<tri_road, 1, (0, 3), ROAD, 2>
<city_cap_straight_road, 0, (1, 3), None, 0>
<city_tunnel, 1, (2, 3), None, 0>
<monastery, 0, (-1, 1), None, 0>
<monastery_road, 0, (-1, -1), None, 0>
<monastery, 0, (-2, 1), MONASTERY, 0>
<tri_road, 1, (0, 4), None, 0>
<monastery, 0, (0, -2), None, 0>
<tri_road, 1, (-3, 1), None, 0>
<tri_road, 0, (-4, 1), ROAD, 0>
-------------------------------------------
Cities:  4
Roads:  12
Farms:  9
Free Meeples:  [0, 0, 2]
SCORES:  [8, 4, 9]
TIMES: [15.453229904174805, 15.43924331665039, 15.296884536743164]
GAMES: [0, 0, 1]
[(2, <MCCFRagent.MCCFRAgent object at 0x7f8154b86e80>), (1, <UCTagent.UCTAgent object at 0x7f8154b86ee0>), (0, <UCTagent.UCTAgent object at 0x7f8154b86f40>)]
0 MCCFR Agent(time=3, epsilon=0.6)
1 UCT Agent(time=3, exploration_constant=3)
2 UCT Agent(time=3, exploration_constant=3)
turn complete
14 UCT iterations in 3s
turn complete
16 UCT iterations in 3s
turn complete
turn complete
21 UCT iterations in 3s
turn complete
20 UCT iterations in 3s
turn complete
turn complete
27 UCT iterations in 3s
turn complete
27 UCT iterations in 3s
turn complete
turn complete
53 UCT iterations in 3s
turn complete
107 UCT iterations in 3s
turn complete
turn complete
829 UCT iterations in 3s
turn complete
830 UCT iterations in 3s
turn complete
Action sequence ---------------------------
<city_cap_straight_road, 2, (1, 0), None, 0>
<monastery, 0, (-1, 0), MONASTERY, 0>
<tri_road, 3, (1, 1), None, 0>
<city_cap_straight_road, 0, (1, 2), ROAD, 0>
<tri_road, 1, (-2, 0), ROAD, 2>
<city_tunnel, 0, (2, 0), None, 0>
<monastery, 0, (-1, 1), MONASTERY, 0>
<tri_road, 3, (0, -1), None, 0>
<monastery, 0, (-1, -1), MONASTERY, 0>
<tri_road, 0, (1, 3), None, 0>
<monastery_road, 3, (1, 4), None, 0>
<city_cap_straight_road, 2, (2, 2), CITY, 0>
<monastery_road, 1, (0, 2), MONASTERY, 0>
<big_city, 0, (2, -1), None, 0>
<monastery, 0, (-1, -2), MONASTERY, 0>
-------------------------------------------
Cities:  3
Roads:  14
Farms:  12
Free Meeples:  [0, 0, 0]
SCORES:  [13, 7, 13]
TIMES: [15.467617511749268, 15.471970796585083, 15.278503179550171]
GAMES: [0.5, 0, 1.5]
[(2, <MCCFRagent.MCCFRAgent object at 0x7f8154b86e80>), (1, <UCTagent.UCTAgent object at 0x7f8154b86ee0>), (0, <UCTagent.UCTAgent object at 0x7f8154b86f40>)]
0 MCCFR Agent(time=3, epsilon=0.6)
1 UCT Agent(time=3, exploration_constant=3)
2 UCT Agent(time=3, exploration_constant=3)
turn complete
15 UCT iterations in 3s
turn complete
17 UCT iterations in 3s
turn complete
turn complete
20 UCT iterations in 3s
turn complete
21 UCT iterations in 3s
turn complete
turn complete
27 UCT iterations in 3s
turn complete
25 UCT iterations in 3s
turn complete
turn complete
22 UCT iterations in 3s
turn complete
36 UCT iterations in 3s
turn complete
turn complete
896 UCT iterations in 3s
turn complete
Action sequence ---------------------------
<monastery_road, 2, (0, -1), MONASTERY, 0>
<tri_road, 3, (1, -1), ROAD, 2>
<city_cap_straight_road, 2, (-1, 0), FARM, 1>
<city_cap_straight_road, 0, (-2, 0), CITY, 0>
<city_cap_straight_road, 2, (-2, -1), None, 0>
<monastery_road, 0, (0, 1), ROAD, 0>
<tri_road, 0, (-2, 1), FARM, 0>
<monastery, 0, (-3, 0), MONASTERY, 0>
<monastery, 0, (-2, 2), MONASTERY, 0>
<monastery, 0, (0, -2), None, 0>
<monastery, 0, (-4, 0), None, 0>
<tri_road, 2, (-3, 1), None, 0>
<tri_road, 1, (-1, -2), None, 0>
<city_tunnel, 1, (-4, -1), None, 0>
-------------------------------------------
Cities:  4
Roads:  13
Farms:  11
Free Meeples:  [0, 0, 0]
SCORES:  [10, 8, 9]
TIMES: [15.234640121459961, 15.490152835845947, 12.155030965805054]
GAMES: [1.5, 0, 1.5]
[(2, <MCCFRagent.MCCFRAgent object at 0x7f8154b86e80>), (1, <UCTagent.UCTAgent object at 0x7f8154b86ee0>), (0, <UCTagent.UCTAgent object at 0x7f8154b86f40>)]
0 MCCFR Agent(time=3, epsilon=0.6)
1 UCT Agent(time=3, exploration_constant=3)
2 UCT Agent(time=3, exploration_constant=3)
turn complete
14 UCT iterations in 3s
turn complete
12 UCT iterations in 3s
turn complete
turn complete
13 UCT iterations in 3s
turn complete
13 UCT iterations in 3s
turn complete
turn complete
15 UCT iterations in 3s
turn complete
14 UCT iterations in 3s
turn complete
turn complete
14 UCT iterations in 3s
turn complete
19 UCT iterations in 3s
turn complete
turn complete
37 UCT iterations in 3s
turn complete
864 UCT iterations in 3s
turn complete
Action sequence ---------------------------
<monastery_road, 2, (0, -1), MONASTERY, 0>
<monastery, 0, (-1, 0), MONASTERY, 0>
<big_city, 0, (1, 0), CITY, 0>
<monastery_road, 0, (-1, -1), MONASTERY, 0>
<monastery, 0, (-1, 1), MONASTERY, 0>
<city_cap_straight_road, 2, (-1, -2), None, 0>
<city_tunnel, 0, (1, -1), None, 0>
<city_cap_straight_road, 3, (-1, 2), None, 0>
<monastery, 0, (-2, 0), MONASTERY, 0>
<city_cap_straight_road, 0, (-2, -2), None, 0>
<monastery, 0, (-2, 1), None, 0>
<tri_road, 1, (-3, 1), None, 0>
<tri_road, 2, (-2, -3), None, 0>
<tri_road, 3, (0, 1), None, 0>
<tri_road, 1, (-3, 0), None, 0>
-------------------------------------------
Cities:  3
Roads:  13
Farms:  10
Free Meeples:  [0, 0, 0]
SCORES:  [14, 15, 11]
TIMES: [15.679859161376953, 15.482300758361816, 15.41798448562622]
GAMES: [1.5, 1, 1.5]
[(2, <MCCFRagent.MCCFRAgent object at 0x7f8154b86e80>), (1, <UCTagent.UCTAgent object at 0x7f8154b86ee0>), (0, <UCTagent.UCTAgent object at 0x7f8154b86f40>)]
0 MCCFR Agent(time=3, epsilon=0.6)
1 UCT Agent(time=3, exploration_constant=3)
2 UCT Agent(time=3, exploration_constant=3)
turn complete
16 UCT iterations in 3s
turn complete
15 UCT iterations in 3s
turn complete
turn complete
18 UCT iterations in 3s
turn complete
18 UCT iterations in 3s
turn complete
turn complete
19 UCT iterations in 3s
turn complete
18 UCT iterations in 3s
turn complete
turn complete
32 UCT iterations in 3s
turn complete
52 UCT iterations in 3s
turn complete
turn complete
652 UCT iterations in 3s
turn complete
941 UCT iterations in 3s
turn complete
Action sequence ---------------------------
<monastery, 0, (-1, 0), None, 0>
<tri_road, 3, (0, -1), ROAD, 0>
<big_city, 0, (1, 0), CITY, 0>
<city_cap_straight_road, 0, (0, -2), CITY, 0>
<tri_road, 0, (0, 1), FARM, 0>
<monastery, 0, (-1, -2), MONASTERY, 0>
<monastery, 0, (-1, -1), FARM, 0>
<monastery_road, 1, (-2, -2), None, 0>
<monastery, 0, (-2, -1), None, 0>
<tri_road, 0, (-1, -3), None, 0>
<city_cap_straight_road, 0, (-1, -4), ROAD, 0>
<tri_road, 0, (-2, -3), None, 0>
<monastery_road, 0, (-3, -1), None, 0>
<city_tunnel, 0, (-4, -1), None, 0>
<city_cap_straight_road, 1, (1, 1), None, 0>
-------------------------------------------
Cities:  4
Roads:  12
Farms:  8
Free Meeples:  [0, 0, 0]
SCORES:  [1, 5, 12]
TIMES: [15.571512460708618, 15.3258638381958, 15.546259641647339]
GAMES: [1.5, 1, 2.5]
[(2, <MCCFRagent.MCCFRAgent object at 0x7f8154b86e80>), (1, <UCTagent.UCTAgent object at 0x7f8154b86ee0>), (0, <UCTagent.UCTAgent object at 0x7f8154b86f40>)]
0 MCCFR Agent(time=3, epsilon=0.6)
1 UCT Agent(time=3, exploration_constant=3)
2 UCT Agent(time=3, exploration_constant=3)
turn complete
16 UCT iterations in 3s
turn complete
17 UCT iterations in 3s
turn complete
turn complete
19 UCT iterations in 3s
turn complete
20 UCT iterations in 3s
turn complete
turn complete
26 UCT iterations in 3s
turn complete
26 UCT iterations in 3s
[(1, <UCTagent.UCTAgent object at 0x7f8154b86b20>), (0, <UCTagent.UCTAgent object at 0x7f8154b86b80>), (2, <MCCFRagent.MCCFRAgent object at 0x7f8154b86be0>)]
0 UCT Agent(time=3, exploration_constant=3)
1 UCT Agent(time=3, exploration_constant=3)
2 MCCFR Agent(time=3, epsilon=0.6)
14 UCT iterations in 3s
turn complete
13 UCT iterations in 3s
turn complete
turn complete
13 UCT iterations in 3s
turn complete
14 UCT iterations in 3s
turn complete
turn complete
18 UCT iterations in 3s
turn complete
17 UCT iterations in 3s
turn complete
turn complete
19 UCT iterations in 3s
turn complete
18 UCT iterations in 3s
turn complete
turn complete
47 UCT iterations in 3s
turn complete
206 UCT iterations in 3s
turn complete
turn complete
Action sequence ---------------------------
<monastery_road, 2, (0, -1), ROAD, 0>
<monastery, 0, (-1, 0), MONASTERY, 0>
<city_cap_straight_road, 2, (-2, 0), CITY, 0>
<big_city, 0, (1, 0), CITY, 0>
<city_cap_straight_road, 1, (0, -2), FARM, 1>
<tri_road, 0, (1, -2), ROAD, 1>
<city_cap_straight_road, 0, (-2, 1), None, 0>
<city_tunnel, 1, (-1, 1), None, 0>
<monastery, 0, (-1, 2), None, 0>
<monastery_road, 0, (-2, 2), None, 0>
<monastery, 0, (-1, -1), None, 0>
<tri_road, 3, (1, -3), None, 0>
<monastery, 0, (0, 2), None, 0>
<tri_road, 1, (-2, -1), None, 0>
<tri_road, 0, (-1, -2), None, 0>
-------------------------------------------
Cities:  4
Roads:  11
Farms:  6
Free Meeples:  [0, 0, 1]
SCORES:  [5, 8, 3]
TIMES: [15.515062808990479, 15.510993480682373, 15.686633110046387]
GAMES: [0, 1, 0]
[(1, <UCTagent.UCTAgent object at 0x7f8154b86b20>), (0, <UCTagent.UCTAgent object at 0x7f8154b86b80>), (2, <MCCFRagent.MCCFRAgent object at 0x7f8154b86be0>)]
0 UCT Agent(time=3, exploration_constant=3)
1 UCT Agent(time=3, exploration_constant=3)
2 MCCFR Agent(time=3, epsilon=0.6)
15 UCT iterations in 3s
turn complete
14 UCT iterations in 3s
turn complete
turn complete
17 UCT iterations in 3s
turn complete
21 UCT iterations in 3s
turn complete
turn complete
21 UCT iterations in 3s
turn complete
27 UCT iterations in 3s
turn complete
turn complete
43 UCT iterations in 3s
turn complete
58 UCT iterations in 3s
turn complete
turn complete
351 UCT iterations in 3s
turn complete
919 UCT iterations in 3s
turn complete
turn complete
Action sequence ---------------------------
<city_cap_straight_road, 0, (0, -1), ROAD, 0>
<monastery, 0, (-1, -1), MONASTERY, 0>
<tri_road, 0, (-1, -2), ROAD, 2>
<city_cap_straight_road, 2, (1, -1), None, 0>
<tri_road, 1, (0, -2), None, 0>
<city_tunnel, 0, (2, -1), CITY, 0>
<monastery, 0, (3, -1), MONASTERY, 0>
<tri_road, 3, (0, -3), None, 0>
<monastery, 0, (-1, 0), None, 0>
<tri_road, 1, (0, 1), None, 0>
<monastery_road, 0, (1, 1), MONASTERY, 0>
<city_cap_straight_road, 0, (1, -2), None, 0>
<monastery_road, 3, (3, 0), MONASTERY, 0>
<big_city, 0, (2, -2), None, 0>
<monastery, 0, (-2, 0), None, 0>
-------------------------------------------
Cities:  3
Roads:  12
Farms:  8
Free Meeples:  [0, 0, 0]
SCORES:  [11, 10, 5]
TIMES: [15.336184024810791, 15.43562912940979, 15.28445553779602]
GAMES: [1, 1, 0]
[(1, <UCTagent.UCTAgent object at 0x7f8154b86b20>), (0, <UCTagent.UCTAgent object at 0x7f8154b86b80>), (2, <MCCFRagent.MCCFRAgent object at 0x7f8154b86be0>)]
0 UCT Agent(time=3, exploration_constant=3)
1 UCT Agent(time=3, exploration_constant=3)
2 MCCFR Agent(time=3, epsilon=0.6)
14 UCT iterations in 3s
turn complete
16 UCT iterations in 3s
turn complete
turn complete
19 UCT iterations in 3s
turn complete
21 UCT iterations in 3s
turn complete
turn complete
31 UCT iterations in 3s
turn complete
29 UCT iterations in 3s
turn complete
turn complete
28 UCT iterations in 3s
turn complete
25 UCT iterations in 3s
turn complete
turn complete
208 UCT iterations in 3s
turn complete
914 UCT iterations in 3s
turn complete
Action sequence ---------------------------
<monastery_road, 1, (-1, 0), None, 0>
<tri_road, 0, (0, 1), None, 0>
<city_cap_straight_road, 3, (-2, 0), FARM, 0>
<city_cap_straight_road, 2, (1, 0), None, 0>
<city_cap_straight_road, 1, (-2, 1), CITY, 0>
<monastery_road, 3, (2, 0), MONASTERY, 0>
<tri_road, 3, (0, -1), FARM, 1>
<monastery, 0, (-1, -1), MONASTERY, 0>
<monastery, 0, (-2, 2), None, 0>
<monastery, 0, (2, 1), MONASTERY, 0>
<monastery, 0, (-2, 3), MONASTERY, 0>
<tri_road, 3, (0, -2), None, 0>
<tri_road, 1, (1, 1), None, 0>
<city_tunnel, 0, (-3, 2), None, 0>
-------------------------------------------
Cities:  3
Roads:  12
Farms:  9
Free Meeples:  [0, 0, 0]
SCORES:  [7, 13, 7]
TIMES: [15.466529846191406, 15.291220903396606, 12.219177007675171]
GAMES: [1, 2, 0]
[(1, <UCTagent.UCTAgent object at 0x7f8154b86b20>), (0, <UCTagent.UCTAgent object at 0x7f8154b86b80>), (2, <MCCFRagent.MCCFRAgent object at 0x7f8154b86be0>)]
0 UCT Agent(time=3, exploration_constant=3)
1 UCT Agent(time=3, exploration_constant=3)
2 MCCFR Agent(time=3, epsilon=0.6)
14 UCT iterations in 3s
turn complete
13 UCT iterations in 3s
turn complete
turn complete
13 UCT iterations in 3s
turn complete
12 UCT iterations in 3s
turn complete
turn complete
12 UCT iterations in 3s
turn complete
13 UCT iterations in 3s
turn complete
turn complete
14 UCT iterations in 3s
turn complete
13 UCT iterations in 3s
turn complete
turn complete
24 UCT iterations in 3s
turn complete
37 UCT iterations in 3s
turn complete
turn complete
Action sequence ---------------------------
<monastery_road, 1, (-1, 0), MONASTERY, 0>
<monastery, 0, (-1, -1), MONASTERY, 0>
<big_city, 0, (1, 0), CITY, 0>
<monastery_road, 3, (-2, 0), MONASTERY, 0>
<monastery, 0, (-2, -1), MONASTERY, 0>
<city_cap_straight_road, 1, (1, 1), FARM, 0>
<city_tunnel, 0, (1, -1), None, 0>
<city_cap_straight_road, 1, (-2, -2), None, 0>
<monastery, 0, (1, 2), None, 0>
<city_cap_straight_road, 3, (-2, 1), None, 0>
<monastery, 0, (1, 3), None, 0>
<tri_road, 1, (0, 3), None, 0>
<tri_road, 1, (-3, 0), None, 0>
<tri_road, 0, (-1, -2), None, 0>
<tri_road, 1, (0, -2), None, 0>
-------------------------------------------
Cities:  3
Roads:  15
Farms:  14
Free Meeples:  [0, 0, 0]
SCORES:  [12, 15, 5]
TIMES: [15.378906488418579, 15.465988636016846, 15.656461238861084]
GAMES: [1, 3, 0]
[(1, <UCTagent.UCTAgent object at 0x7f8154b86b20>), (0, <UCTagent.UCTAgent object at 0x7f8154b86b80>), (2, <MCCFRagent.MCCFRAgent object at 0x7f8154b86be0>)]
0 UCT Agent(time=3, exploration_constant=3)
1 UCT Agent(time=3, exploration_constant=3)
2 MCCFR Agent(time=3, epsilon=0.6)
14 UCT iterations in 3s
turn complete
15 UCT iterations in 3s
turn complete
turn complete
15 UCT iterations in 3s
turn complete
18 UCT iterations in 3s
turn complete
turn complete
17 UCT iterations in 3s
turn complete
18 UCT iterations in 3s
turn complete
turn complete
22 UCT iterations in 3s
turn complete
25 UCT iterations in 3s
turn complete
turn complete
56 UCT iterations in 3s
turn complete
480 UCT iterations in 3s
turn complete
turn complete
Action sequence ---------------------------
<monastery, 0, (-1, 0), MONASTERY, 0>
<tri_road, 1, (0, -1), FARM, 1>
<big_city, 0, (1, 0), None, 0>
<city_cap_straight_road, 1, (1, 1), CITY, 0>
<tri_road, 2, (2, 1), ROAD, 1>
<monastery, 0, (-1, 1), MONASTERY, 0>
<monastery, 0, (-2, 0), None, 0>
<monastery_road, 0, (-3, 0), None, 0>
<monastery, 0, (-2, 1), MONASTERY, 0>
<tri_road, 2, (1, 2), None, 0>
<city_cap_straight_road, 0, (1, 3), None, 0>
<tri_road, 1, (-4, 0), None, 0>
<monastery_road, 3, (-2, -1), None, 0>
<city_tunnel, 1, (-2, -2), None, 0>
<city_cap_straight_road, 3, (-1, 2), None, 0>
-------------------------------------------
Cities:  4
Roads:  15
Farms:  12
Free Meeples:  [0, 0, 0]
SCORES:  [11, 1, 12]
TIMES: [15.348430156707764, 15.283244371414185, 15.42302393913269]
GAMES: [1, 3, 1]
[(1, <UCTagent.UCTAgent object at 0x7f8154b86b20>), (0, <UCTagent.UCTAgent object at 0x7f8154b86b80>), (2, <MCCFRagent.MCCFRAgent object at 0x7f8154b86be0>)]
0 UCT Agent(time=3, exploration_constant=3)
1 UCT Agent(time=3, exploration_constant=3)
2 MCCFR Agent(time=3, epsilon=0.6)
15 UCT iterations in 3s
turn complete
16 UCT iterations in 3s
turn complete
turn complete
21 UCT iterations in 3s
turn complete
22 UCT iterations in 3s
turn complete
turn complete
20 UCT iterations in 3s
turn complete
20 UCT iterations in 3s
turn complete
[(0, <UCTagent.UCTAgent object at 0x7f8154b868e0>), (1, <UCTagent.UCTAgent object at 0x7f8154b86940>), (2, <MCCFRagent.MCCFRAgent object at 0x7f8154b869a0>)]
0 UCT Agent(time=3, exploration_constant=3)
1 UCT Agent(time=3, exploration_constant=3)
2 MCCFR Agent(time=3, epsilon=0.6)
15 UCT iterations in 3s
turn complete
14 UCT iterations in 3s
turn complete
turn complete
14 UCT iterations in 3s
turn complete
13 UCT iterations in 3s
turn complete
turn complete
18 UCT iterations in 3s
turn complete
18 UCT iterations in 3s
turn complete
turn complete
19 UCT iterations in 3s
turn complete
17 UCT iterations in 3s
turn complete
turn complete
30 UCT iterations in 3s
turn complete
36 UCT iterations in 3s
turn complete
turn complete
Action sequence ---------------------------
<monastery_road, 2, (-1, 0), FARM, 0>
<monastery, 0, (-1, -1), MONASTERY, 0>
<city_cap_straight_road, 2, (-2, -1), ROAD, 0>
<big_city, 0, (1, 0), CITY, 0>
<city_cap_straight_road, 0, (-2, -2), None, 0>
<tri_road, 1, (0, 1), ROAD, 0>
<city_cap_straight_road, 0, (-3, -1), None, 0>
<city_tunnel, 1, (-1, -2), CITY, 0>
<monastery, 0, (-1, -3), None, 0>
<monastery_road, 2, (-2, -3), None, 0>
<monastery, 0, (-3, -3), None, 0>
<tri_road, 3, (0, -3), None, 0>
<monastery, 0, (-1, -4), None, 0>
<tri_road, 3, (0, 2), None, 0>
<tri_road, 0, (-3, -4), None, 0>
-------------------------------------------
Cities:  3
Roads:  14
Farms:  10
Free Meeples:  [0, 0, 0]
SCORES:  [6, 8, 5]
TIMES: [15.297898292541504, 15.431137084960938, 15.64064908027649]
GAMES: [0, 1, 0]
[(0, <UCTagent.UCTAgent object at 0x7f8154b868e0>), (1, <UCTagent.UCTAgent object at 0x7f8154b86940>), (2, <MCCFRagent.MCCFRAgent object at 0x7f8154b869a0>)]
0 UCT Agent(time=3, exploration_constant=3)
1 UCT Agent(time=3, exploration_constant=3)
2 MCCFR Agent(time=3, epsilon=0.6)
16 UCT iterations in 3s
turn complete
19 UCT iterations in 3s
turn complete
turn complete
23 UCT iterations in 3s
turn complete
23 UCT iterations in 3s
turn complete
turn complete
28 UCT iterations in 3s
turn complete
26 UCT iterations in 3s
turn complete
turn complete
56 UCT iterations in 3s
turn complete
133 UCT iterations in 3s
turn complete
turn complete
889 UCT iterations in 3s
turn complete
899 UCT iterations in 3s
turn complete
Action sequence ---------------------------
<city_cap_straight_road, 2, (-1, 0), None, 0>
<tri_road, 1, (-1, 1), FARM, 0>
<city_cap_straight_road, 2, (-1, -1), ROAD, 0>
<tri_road, 3, (-2, 1), ROAD, 1>
<city_tunnel, 1, (1, 0), CITY, 0>
<monastery, 0, (1, -1), MONASTERY, 0>
<tri_road, 0, (-2, 2), None, 0>
<monastery, 0, (-2, 3), None, 0>
<tri_road, 3, (2, -1), None, 0>
<monastery_road, 1, (1, 1), MONASTERY, 0>
<city_cap_straight_road, 2, (2, 0), None, 0>
<monastery_road, 2, (2, -2), None, 0>
<big_city, 0, (-2, -1), CITY, 0>
<monastery, 0, (-3, 3), MONASTERY, 0>
-------------------------------------------
Cities:  3
Roads:  12
Farms:  9
Free Meeples:  [0, 0, 0]
SCORES:  [9, 9, 9]
TIMES: [15.36437201499939, 15.287166833877563, 12.261743307113647]
GAMES: [0.5, 1.5, 0.5]
[(0, <UCTagent.UCTAgent object at 0x7f8154b868e0>), (1, <UCTagent.UCTAgent object at 0x7f8154b86940>), (2, <MCCFRagent.MCCFRAgent object at 0x7f8154b869a0>)]
0 UCT Agent(time=3, exploration_constant=3)
1 UCT Agent(time=3, exploration_constant=3)
2 MCCFR Agent(time=3, epsilon=0.6)
14 UCT iterations in 3s
turn complete
16 UCT iterations in 3s
turn complete
turn complete
17 UCT iterations in 3s
turn complete
20 UCT iterations in 3s
turn complete
turn complete
24 UCT iterations in 3s
turn complete
23 UCT iterations in 3s
turn complete
turn complete
21 UCT iterations in 3s
turn complete
20 UCT iterations in 3s
turn complete
turn complete
164 UCT iterations in 3s
turn complete
772 UCT iterations in 3s
turn complete
turn complete
Action sequence ---------------------------
<monastery_road, 0, (0, 1), MONASTERY, 0>
<tri_road, 2, (0, -1), ROAD, 2>
<city_cap_straight_road, 1, (0, -2), CITY, 0>
<city_cap_straight_road, 1, (1, -2), FARM, 1>
<city_cap_straight_road, 3, (0, 2), FARM, 1>
<monastery_road, 0, (-1, 1), MONASTERY, 0>
<tri_road, 1, (2, -2), None, 0>
<monastery, 0, (3, -2), None, 0>
<monastery, 0, (3, -1), None, 0>
<monastery, 0, (4, -1), None, 0>
<monastery, 0, (4, 0), None, 0>
<tri_road, 2, (4, 1), None, 0>
<tri_road, 2, (1, 2), None, 0>
<big_city, 0, (1, -3), None, 0>
<city_tunnel, 0, (-2, 1), None, 0>
-------------------------------------------
Cities:  5
Roads:  13
Farms:  9
Free Meeples:  [0, 0, 0]
SCORES:  [5, 1, 6]
TIMES: [15.422819375991821, 15.48504638671875, 15.342360973358154]
GAMES: [0.5, 1.5, 1.5]
[(0, <UCTagent.UCTAgent object at 0x7f8154b868e0>), (1, <UCTagent.UCTAgent object at 0x7f8154b86940>), (2, <MCCFRagent.MCCFRAgent object at 0x7f8154b869a0>)]
0 UCT Agent(time=3, exploration_constant=3)
1 UCT Agent(time=3, exploration_constant=3)
2 MCCFR Agent(time=3, epsilon=0.6)
14 UCT iterations in 3s
turn complete
14 UCT iterations in 3s
turn complete
turn complete
13 UCT iterations in 3s
turn complete
13 UCT iterations in 3s
turn complete
turn complete
13 UCT iterations in 3s
turn complete
14 UCT iterations in 3s
turn complete
turn complete
15 UCT iterations in 3s
turn complete
13 UCT iterations in 3s
turn complete
turn complete
24 UCT iterations in 3s
turn complete
36 UCT iterations in 3s
turn complete
turn complete
Action sequence ---------------------------
<monastery_road, 0, (0, 1), None, 0>
<monastery, 0, (-1, 0), MONASTERY, 0>
<big_city, 0, (1, 0), CITY, 0>
<monastery_road, 1, (0, 2), None, 0>
<monastery, 0, (0, 3), MONASTERY, 0>
<city_cap_straight_road, 0, (1, 3), CITY, 0>
<city_tunnel, 0, (-1, 3), FARM, 1>
<city_cap_straight_road, 2, (-2, 0), None, 0>
<monastery, 0, (-1, -1), None, 0>
<city_cap_straight_road, 2, (2, 3), FARM, 1>
<monastery, 0, (0, 4), None, 0>
<tri_road, 2, (0, 5), ROAD, 0>
<tri_road, 3, (2, 4), None, 0>
<tri_road, 3, (-2, 1), None, 0>
<tri_road, 0, (-1, 5), None, 0>
-------------------------------------------
Cities:  4
Roads:  14
Farms:  11
Free Meeples:  [0, 0, 1]
SCORES:  [3, 11, 9]
TIMES: [15.72788667678833, 15.544488191604614, 15.617859840393066]
GAMES: [0.5, 2.5, 1.5]
[(0, <UCTagent.UCTAgent object at 0x7f8154b868e0>), (1, <UCTagent.UCTAgent object at 0x7f8154b86940>), (2, <MCCFRagent.MCCFRAgent object at 0x7f8154b869a0>)]
0 UCT Agent(time=3, exploration_constant=3)
1 UCT Agent(time=3, exploration_constant=3)
2 MCCFR Agent(time=3, epsilon=0.6)
13 UCT iterations in 3s
turn complete
16 UCT iterations in 3s
turn complete
turn complete
15 UCT iterations in 3s
turn complete
17 UCT iterations in 3s
turn complete
turn complete
16 UCT iterations in 3s
turn complete
17 UCT iterations in 3s
turn complete
turn complete
20 UCT iterations in 3s
turn complete
24 UCT iterations in 3s
turn complete
turn complete
54 UCT iterations in 3s
turn complete
320 UCT iterations in 3s
turn complete
turn complete
Action sequence ---------------------------
<monastery, 0, (-1, 0), MONASTERY, 0>
<tri_road, 0, (-1, -1), FARM, 2>
<big_city, 0, (1, 0), CITY, 0>
<city_cap_straight_road, 0, (-1, -2), None, 0>
<tri_road, 1, (-1, -3), ROAD, 0>
<monastery, 0, (-1, 1), None, 0>
<monastery, 0, (-2, 0), MONASTERY, 0>
<monastery_road, 2, (-1, 2), None, 0>
<monastery, 0, (-2, -2), MONASTERY, 0>
<tri_road, 3, (-1, -4), None, 0>
<city_cap_straight_road, 1, (-2, -3), ROAD, 0>
<tri_road, 3, (-1, -5), None, 0>
<monastery_road, 1, (-2, 1), None, 0>
<city_tunnel, 0, (1, 1), None, 0>
<city_cap_straight_road, 1, (-3, -3), None, 0>
-------------------------------------------
Cities:  4
Roads:  12
Farms:  9
Free Meeples:  [0, 0, 0]
SCORES:  [11, 5, 10]
TIMES: [15.401531219482422, 15.286195039749146, 15.63325810432434]
GAMES: [1.5, 2.5, 1.5]
[(0, <UCTagent.UCTAgent object at 0x7f8154b868e0>), (1, <UCTagent.UCTAgent object at 0x7f8154b86940>), (2, <MCCFRagent.MCCFRAgent object at 0x7f8154b869a0>)]
0 UCT Agent(time=3, exploration_constant=3)
1 UCT Agent(time=3, exploration_constant=3)
2 MCCFR Agent(time=3, epsilon=0.6)
16 UCT iterations in 3s
turn complete
17 UCT iterations in 3s
turn complete
turn complete
20 UCT iterations in 3s
turn complete
20 UCT iterations in 3s
turn complete
turn complete
19 UCT iterations in 3s
turn complete
21 UCT iterations in 3s
turn complete
turn complete[(2, <MCCFRagent.MCCFRAgent object at 0x7f8154b86d60>), (0, <UCTagent.UCTAgent object at 0x7f8154b86dc0>), (1, <UCTagent.UCTAgent object at 0x7f8154b86e20>)]
0 MCCFR Agent(time=3, epsilon=0.6)
1 UCT Agent(time=3, exploration_constant=3)
2 UCT Agent(time=3, exploration_constant=3)
turn complete
14 UCT iterations in 3s
turn complete
16 UCT iterations in 3s
turn complete
turn complete
14 UCT iterations in 3s
turn complete
17 UCT iterations in 3s
turn complete
turn complete
17 UCT iterations in 3s
turn complete
17 UCT iterations in 3s
turn complete
turn complete
17 UCT iterations in 3s
turn complete
23 UCT iterations in 3s
turn complete
turn complete
34 UCT iterations in 3s
turn complete
838 UCT iterations in 3s
turn complete
Action sequence ---------------------------
<monastery_road, 2, (-1, 0), None, 0>
<monastery, 0, (-1, -1), None, 0>
<city_cap_straight_road, 2, (-2, -1), FARM, 0>
<big_city, 0, (1, 0), CITY, 0>
<city_cap_straight_road, 0, (-1, 1), CITY, 0>
<tri_road, 0, (-1, 2), ROAD, 1>
<city_cap_straight_road, 0, (-3, -1), FARM, 1>
<city_tunnel, 0, (-2, 1), None, 0>
<monastery, 0, (-4, -1), MONASTERY, 0>
<monastery_road, 3, (-4, -2), None, 0>
<monastery, 0, (-4, 0), MONASTERY, 0>
<tri_road, 1, (-5, 0), None, 0>
<monastery, 0, (-3, 1), None, 0>
<tri_road, 3, (-5, 1), None, 0>
<tri_road, 2, (-3, -2), None, 0>
-------------------------------------------
Cities:  4
Roads:  13
Farms:  10
Free Meeples:  [0, 0, 0]
SCORES:  [6, 7, 9]
TIMES: [15.668016910552979, 15.676777839660645, 15.639453172683716]
GAMES: [0, 0, 1]
[(2, <MCCFRagent.MCCFRAgent object at 0x7f8154b86d60>), (0, <UCTagent.UCTAgent object at 0x7f8154b86dc0>), (1, <UCTagent.UCTAgent object at 0x7f8154b86e20>)]
0 MCCFR Agent(time=3, epsilon=0.6)
1 UCT Agent(time=3, exploration_constant=3)
2 UCT Agent(time=3, exploration_constant=3)
turn complete
15 UCT iterations in 3s
turn complete
17 UCT iterations in 3s
turn complete
turn complete
23 UCT iterations in 3s
turn complete
21 UCT iterations in 3s
turn complete
turn complete
26 UCT iterations in 3s
turn complete
25 UCT iterations in 3s
turn complete
turn complete
51 UCT iterations in 3s
turn complete
104 UCT iterations in 3s
turn complete
turn complete
848 UCT iterations in 3s
turn complete
868 UCT iterations in 3s
turn complete
Action sequence ---------------------------
<city_cap_straight_road, 0, (0, -1), ROAD, 0>
<monastery, 0, (-1, 0), MONASTERY, 0>
<tri_road, 2, (0, -2), None, 0>
<city_cap_straight_road, 2, (1, -1), CITY, 0>
<tri_road, 2, (-1, 1), None, 0>
<city_tunnel, 0, (2, -1), None, 0>
<monastery, 0, (3, -1), MONASTERY, 0>
<tri_road, 1, (-1, 2), None, 0>
<monastery, 0, (0, -3), None, 0>
<tri_road, 3, (0, 2), None, 0>
<monastery_road, 3, (-2, 1), ROAD, 0>
<city_cap_straight_road, 2, (1, 0), FARM, 1>
<monastery_road, 1, (-1, -1), None, 0>
<big_city, 0, (2, -2), CITY, 0>
<monastery, 0, (1, -3), MONASTERY, 0>
-------------------------------------------
Cities:  3
Roads:  13
Farms:  10
Free Meeples:  [0, 0, 0]
SCORES:  [10, 11, 10]
TIMES: [15.435741424560547, 15.389758825302124, 15.53804063796997]
GAMES: [0, 1, 1]
[(2, <MCCFRagent.MCCFRAgent object at 0x7f8154b86d60>), (0, <UCTagent.UCTAgent object at 0x7f8154b86dc0>), (1, <UCTagent.UCTAgent object at 0x7f8154b86e20>)]
0 MCCFR Agent(time=3, epsilon=0.6)
1 UCT Agent(time=3, exploration_constant=3)
2 UCT Agent(time=3, exploration_constant=3)
turn complete
16 UCT iterations in 3s
turn complete
18 UCT iterations in 3s
turn complete
turn complete
20 UCT iterations in 3s
turn complete
22 UCT iterations in 3s
turn complete
turn complete
28 UCT iterations in 3s
turn complete
26 UCT iterations in 3s
turn complete
turn complete
23 UCT iterations in 3s
turn complete
37 UCT iterations in 3s
turn complete
turn complete
831 UCT iterations in 3s
turn complete
833 UCT iterations in 3s
turn complete
Action sequence ---------------------------
<monastery_road, 2, (-1, 0), None, 0>
<tri_road, 0, (-1, -1), ROAD, 1>
<city_cap_straight_road, 2, (-1, -2), CITY, 0>
<city_cap_straight_road, 2, (-1, 1), FARM, 0>
<city_cap_straight_road, 0, (-2, 1), ROAD, 0>
<monastery_road, 2, (0, -2), MONASTERY, 0>
<tri_road, 0, (-2, -1), ROAD, 0>
<monastery, 0, (-3, 1), None, 0>
<monastery, 0, (0, -3), None, 0>
<monastery, 0, (-3, 0), MONASTERY, 0>
<monastery, 0, (0, -4), None, 0>
<tri_road, 3, (-2, 2), None, 0>
<tri_road, 0, (0, -5), None, 0>
<big_city, 0, (1, 0), None, 0>
<city_tunnel, 0, (1, -3), None, 0>
-------------------------------------------
Cities:  4
Roads:  14
Farms:  11
Free Meeples:  [0, 0, 0]
SCORES:  [9, 4, 6]
TIMES: [15.340055465698242, 15.367341041564941, 15.332468032836914]
GAMES: [1, 1, 1]
[(2, <MCCFRagent.MCCFRAgent object at 0x7f8154b86d60>), (0, <UCTagent.UCTAgent object at 0x7f8154b86dc0>), (1, <UCTagent.UCTAgent object at 0x7f8154b86e20>)]
0 MCCFR Agent(time=3, epsilon=0.6)
1 UCT Agent(time=3, exploration_constant=3)
2 UCT Agent(time=3, exploration_constant=3)
turn complete
13 UCT iterations in 3s
turn complete
12 UCT iterations in 3s
turn complete
turn complete
13 UCT iterations in 3s
turn complete
13 UCT iterations in 3s
turn complete
turn complete
14 UCT iterations in 3s
turn complete
14 UCT iterations in 3s
turn complete
turn complete
13 UCT iterations in 3s
turn complete
19 UCT iterations in 3s
turn complete
turn complete
36 UCT iterations in 3s
turn complete
860 UCT iterations in 3s
turn complete
Action sequence ---------------------------
<monastery_road, 2, (-1, 0), None, 0>
<monastery, 0, (-1, -1), MONASTERY, 0>
<big_city, 0, (1, 0), CITY, 0>
<monastery_road, 0, (-1, 1), ROAD, 0>
<monastery, 0, (-2, -1), MONASTERY, 0>
<city_cap_straight_road, 3, (1, -1), ROAD, 0>
<city_tunnel, 0, (-2, 1), None, 0>
<city_cap_straight_road, 1, (-2, -2), None, 0>
<monastery, 0, (-1, 2), None, 0>
<city_cap_straight_road, 1, (2, -1), CITY, 0>
<monastery, 0, (-1, 3), None, 0>
<tri_road, 3, (0, 2), None, 0>
<tri_road, 3, (0, 3), ROAD, 0>
<tri_road, 0, (-1, -2), None, 0>
<tri_road, 1, (3, -1), None, 0>
-------------------------------------------
Cities:  4
Roads:  13
Farms:  11
Free Meeples:  [0, 0, 0]
SCORES:  [4, 11, 7]
TIMES: [15.788589477539062, 15.843002796173096, 15.38404369354248]
GAMES: [1, 2, 1]
[(2, <MCCFRagent.MCCFRAgent object at 0x7f8154b86d60>), (0, <UCTagent.UCTAgent object at 0x7f8154b86dc0>), (1, <UCTagent.UCTAgent object at 0x7f8154b86e20>)]
0 MCCFR Agent(time=3, epsilon=0.6)
1 UCT Agent(time=3, exploration_constant=3)
2 UCT Agent(time=3, exploration_constant=3)
turn complete
14 UCT iterations in 3s
turn complete
15 UCT iterations in 3s
turn complete
turn complete
17 UCT iterations in 3s
turn complete
17 UCT iterations in 3s
turn complete
turn complete
17 UCT iterations in 3s
turn complete
15 UCT iterations in 3s
turn complete
turn complete
24 UCT iterations in 3s
turn complete
40 UCT iterations in 3s
turn complete
turn complete
563 UCT iterations in 3s
turn complete
793 UCT iterations in 3s
turn complete
Action sequence ---------------------------
<monastery, 0, (-1, 0), MONASTERY, 0>
<tri_road, 1, (0, -1), ROAD, 2>
<big_city, 0, (1, 0), CITY, 0>
<city_cap_straight_road, 2, (2, 0), None, 0>
<tri_road, 1, (2, -1), ROAD, 2>
<monastery, 0, (3, -1), MONASTERY, 0>
<monastery, 0, (3, -2), MONASTERY, 0>
<monastery_road, 1, (-2, 0), None, 0>
<monastery, 0, (-2, -1), None, 0>
<tri_road, 1, (-3, -1), None, 0>
<city_cap_straight_road, 0, (2, 1), None, 0>
<tri_road, 3, (4, -1), None, 0>
<monastery_road, 1, (-2, 1), None, 0>
<city_tunnel, 1, (-2, 2), None, 0>
<city_cap_straight_road, 0, (4, 0), None, 0>
-------------------------------------------
Cities:  4
Roads:  14
Farms:  11
Free Meeples:  [0, 0, 0]
SCORES:  [10, 5, 10]
TIMES: [15.718289852142334, 15.302968502044678, 15.439362525939941]
GAMES: [1.5, 2, 1.5]
[(2, <MCCFRagent.MCCFRAgent object at 0x7f8154b86d60>), (0, <UCTagent.UCTAgent object at 0x7f8154b86dc0>), (1, <UCTagent.UCTAgent object at 0x7f8154b86e20>)]
0 MCCFR Agent(time=3, epsilon=0.6)
1 UCT Agent(time=3, exploration_constant=3)
2 UCT Agent(time=3, exploration_constant=3)
turn complete
16 UCT iterations in 3s
turn complete
18 UCT iterations in 3s
turn complete
turn complete
18 UCT iterations in 3s
turn complete
17 UCT iterations in 3s
turn complete
turn complete
17 UCT iterations in 3s
turn complete
31 UCT iterations in 3s
turn complete
turn complete
91 UCT iterations in 3s
turn complete
711 UCT iterations in 3s
turn complete
turn complete
Action sequence ---------------------------
<city_cap_straight_road, 2, (1, 0), CITY, 0>
<tri_road, 3, (0, 1), ROAD, 2>
<monastery_road, 0, (0, 2), ROAD, 0>
<tri_road, 1, (1, -1), FARM, 2>
<monastery, 0, (2, 0), MONASTERY, 0>
<city_tunnel, 0, (1, 2), FARM, 1>
<monastery, 0, (2, -1), MONASTERY, 0>
<tri_road, 2, (2, 1), None, 0>
<monastery, 0, (3, 0), MONASTERY, 0>
<city_cap_straight_road, 1, (2, -2), None, 0>
<tri_road, 0, (3, -2), None, 0>
<monastery_road, 2, (4, 0), None, 0>
<city_cap_straight_road, 0, (3, -3), None, 0>
<monastery, 0, (-1, 2), None, 0>
-------------------------------------------
Cities:  4
Roads:  13
Farms:  10
Free Meeples:  [0, 0, 0]
SCORES:  [14, 8, 7]
TIMES: [15.617409944534302, 15.328668594360352, 12.357601165771484]
GAMES: [3.5, 2.0, 0.5]
[(0, <UCTagent.UCTAgent object at 0x7f8154b86a00>), (2, <MCCFRagent.MCCFRAgent object at 0x7f8154b86a60>), (1, <UCTagent.UCTAgent object at 0x7f8154b86ac0>)]
0 UCT Agent(time=3, exploration_constant=3)
1 MCCFR Agent(time=3, epsilon=0.6)
2 UCT Agent(time=3, exploration_constant=3)
14 UCT iterations in 3s
turn complete
turn complete
14 UCT iterations in 3s
turn complete
13 UCT iterations in 3s
turn complete
turn complete
14 UCT iterations in 3s
turn complete
15 UCT iterations in 3s
turn complete
turn complete
20 UCT iterations in 3s
turn complete
29 UCT iterations in 3s
turn complete
turn complete
34 UCT iterations in 3s
turn complete
151 UCT iterations in 3s
turn complete
turn complete
Action sequence ---------------------------
<monastery, 0, (-1, 0), MONASTERY, 0>
<monastery, 0, (-1, -1), MONASTERY, 0>
<tri_road, 1, (-2, 0), ROAD, 1>
<city_tunnel, 1, (1, 0), CITY, 0>
<monastery, 0, (-1, -2), None, 0>
<monastery_road, 0, (-2, 1), None, 0>
<city_cap_straight_road, 2, (2, 0), None, 0>
<tri_road, 1, (-2, -2), ROAD, 0>
<city_cap_straight_road, 0, (0, -2), ROAD, 0>
<tri_road, 1, (0, 1), ROAD, 1>
<city_cap_straight_road, 1, (-3, -2), None, 0>
<monastery, 0, (-3, 1), None, 0>
<tri_road, 0, (1, -1), None, 0>
<monastery_road, 2, (-2, -3), None, 0>
-------------------------------------------
Cities:  3
Roads:  14
Farms:  12
Free Meeples:  [0, 1, 0]
SCORES:  [13, 9, 2]
TIMES: [15.447754144668579, 15.639879703521729, 12.453186273574829]
GAMES: [4.5, 2.0, 0.5]
[(0, <UCTagent.UCTAgent object at 0x7f8154b86a00>), (2, <MCCFRagent.MCCFRAgent object at 0x7f8154b86a60>), (1, <UCTagent.UCTAgent object at 0x7f8154b86ac0>)]
0 UCT Agent(time=3, exploration_constant=3)
1 MCCFR Agent(time=3, epsilon=0.6)
2 UCT Agent(time=3, exploration_constant=3)
14 UCT iterations in 3s
turn complete
turn complete
15 UCT iterations in 3s
turn complete
13 UCT iterations in 3s
turn complete
turn complete
18 UCT iterations in 3s
turn complete
19 UCT iterations in 3s
turn complete
turn complete
23 UCT iterations in 3s
turn complete
22 UCT iterations in 3s
turn complete
turn complete
49 UCT iterations in 3s
turn complete
208 UCT iterations in 3s
turn complete
turn complete
951 UCT iterations in 3s
turn complete
Action sequence ---------------------------
<monastery_road, 2, (0, -1), MONASTERY, 0>
<monastery, 0, (-1, -1), MONASTERY, 0>
<city_cap_straight_road, 0, (0, 1), None, 0>
<monastery, 0, (-1, 0), MONASTERY, 0>
<city_cap_straight_road, 1, (0, -2), CITY, 0>
<tri_road, 1, (1, -2), FARM, 2>
<monastery_road, 1, (-2, 0), None, 0>
<big_city, 0, (1, 1), None, 0>
<tri_road, 1, (0, 2), ROAD, 0>
<monastery, 0, (-1, 1), None, 0>
<tri_road, 2, (1, -3), None, 0>
<city_cap_straight_road, 3, (-1, 2), ROAD, 0>
<tri_road, 3, (1, -1), None, 0>
<monastery, 0, (2, -2), None, 0>
<city_tunnel, 0, (3, -2), None, 0>
-------------------------------------------
Cities:  5
Roads:  11
Farms:  7
Free Meeples:  [0, 0, 0]
SCORES:  [14, 7, 6]
TIMES: [15.379109859466553, 15.244681358337402, 15.42286729812622]
GAMES: [5.5, 2.0, 0.5]
[(0, <UCTagent.UCTAgent object at 0x7f8154b86a00>), (2, <MCCFRagent.MCCFRAgent object at 0x7f8154b86a60>), (1, <UCTagent.UCTAgent object at 0x7f8154b86ac0>)]
0 UCT Agent(time=3, exploration_constant=3)
1 MCCFR Agent(time=3, epsilon=0.6)
2 UCT Agent(time=3, exploration_constant=3)
16 UCT iterations in 3s
turn complete
turn complete
20 UCT iterations in 3s
turn complete
25 UCT iterations in 3s
turn complete
turn complete
35 UCT iterations in 3s
turn complete
32 UCT iterations in 3s
turn complete
turn complete
35 UCT iterations in 3s
turn complete
44 UCT iterations in 3s
turn complete
turn complete
278 UCT iterations in 3s
turn complete
356 UCT iterations in 3s
turn complete
turn complete
751 UCT iterations in 3s
turn complete
Action sequence ---------------------------
<tri_road, 0, (0, 1), ROAD, 2>
<city_cap_straight_road, 3, (0, 2), None, 0>
<tri_road, 2, (1, 1), ROAD, 0>
<tri_road, 0, (-1, 1), None, 0>
<city_tunnel, 1, (1, 0), None, 0>
<city_cap_straight_road, 3, (-2, 1), None, 0>
<monastery, 0, (-2, 0), MONASTERY, 0>
<monastery, 0, (-2, -1), MONASTERY, 0>
<monastery_road, 1, (-2, -2), MONASTERY, 0>
<city_cap_straight_road, 1, (-2, -3), None, 0>
<monastery_road, 0, (-3, 0), MONASTERY, 0>
<tri_road, 3, (-3, -2), ROAD, 1>
<big_city, 0, (2, 0), CITY, 0>
<monastery, 0, (-4, 0), None, 0>
<monastery, 0, (-1, -2), MONASTERY, 0>
-------------------------------------------
Cities:  4
Roads:  13
Farms:  9
Free Meeples:  [0, 0, 0]
SCORES:  [11, 11, 13]
TIMES: [15.50196361541748, 15.367147445678711, 15.519003629684448]
GAMES: [5.5, 2.0, 1.5]
[(0, <UCTagent.UCTAgent object at 0x7f8154b86a00>), (2, <MCCFRagent.MCCFRAgent object at 0x7f8154b86a60>), (1, <UCTagent.UCTAgent object at 0x7f8154b86ac0>)]
0 UCT Agent(time=3, exploration_constant=3)
1 MCCFR Agent(time=3, epsilon=0.6)
2 UCT Agent(time=3, exploration_constant=3)
13 UCT iterations in 3s
turn complete
turn complete
16 UCT iterations in 3s
turn complete
16 UCT iterations in 3s
turn complete
turn complete
20 UCT iterations in 3s
turn complete
23 UCT iterations in 3s
turn complete
turn complete
45 UCT iterations in 3s
turn complete
41 UCT iterations in 3s
turn complete
turn complete
54 UCT iterations in 3s
turn complete
57 UCT iterations in 3s
turn complete
turn complete
909 UCT iterations in 3s
turn complete
Action sequence ---------------------------
<big_city, 0, (1, 0), CITY, 0>
<city_cap_straight_road, 0, (0, -1), None, 0>
<tri_road, 3, (0, 1), ROAD, 0>
<city_cap_straight_road, 2, (-1, 1), CITY, 0>
<tri_road, 1, (-1, 2), ROAD, 0>
<city_tunnel, 0, (-1, -1), FARM, 0>
<city_cap_straight_road, 0, (-2, 1), None, 0>
<tri_road, 1, (0, -2), ROAD, 0>
<monastery_road, 0, (0, 2), None, 0>
<monastery, 0, (1, 2), MONASTERY, 0>
<monastery_road, 2, (-2, 0), None, 0>
<monastery, 0, (-2, -1), MONASTERY, 0>
<monastery, 0, (0, 3), None, 0>
<tri_road, 3, (0, -3), None, 0>
<monastery, 0, (-3, 0), None, 0>
-------------------------------------------
Cities:  4
Roads:  11
Farms:  7
Free Meeples:  [0, 1, 0]
SCORES:  [11, 4, 9]
TIMES: [15.307100057601929, 15.31618356704712, 15.167859315872192]
GAMES: [6.5, 2.0, 1.5]
--------------------------------------------
Average Points: [11.8, 7.7, 8.2]
Average Times: [15.427603340148925, 15.38132541179657, 14.476777625083923]
Average Game Duration: 45.49874398708344 seconds
--- THREAD 1 FINISHED ---

25 UCT iterations in 3s
turn complete
28 UCT iterations in 3s
turn complete
turn complete
85 UCT iterations in 3s
turn complete
374 UCT iterations in 3s
turn complete
turn complete
Action sequence ---------------------------
<city_cap_straight_road, 2, (0, -1), ROAD, 0>
<tri_road, 0, (0, 1), ROAD, 0>
<monastery_road, 2, (1, -1), MONASTERY, 0>
<tri_road, 1, (0, -2), None, 0>
<big_city, 0, (-1, -1), None, 0>
<monastery, 0, (2, -1), None, 0>
<city_tunnel, 0, (-1, 0), CITY, 0>
<monastery, 0, (1, -2), MONASTERY, 0>
<tri_road, 2, (2, 0), ROAD, 1>
<monastery, 0, (3, -1), MONASTERY, 0>
<city_cap_straight_road, 1, (1, 1), None, 0>
<tri_road, 1, (2, 1), None, 0>
<monastery_road, 0, (3, -2), None, 0>
<city_cap_straight_road, 2, (0, -3), ROAD, 0>
<monastery, 0, (2, -2), MONASTERY, 0>
-------------------------------------------
Cities:  4
Roads:  11
Farms:  6
Free Meeples:  [0, 0, 0]
SCORES:  [13, 12, 16]
TIMES: [15.380009651184082, 15.555444955825806, 15.394493579864502]
GAMES: [1.5, 2.5, 2.5]
[(0, <UCTagent.UCTAgent object at 0x7f8154b868e0>), (1, <UCTagent.UCTAgent object at 0x7f8154b86940>), (2, <MCCFRagent.MCCFRAgent object at 0x7f8154b869a0>)]
0 UCT Agent(time=3, exploration_constant=3)
1 UCT Agent(time=3, exploration_constant=3)
2 MCCFR Agent(time=3, epsilon=0.6)
13 UCT iterations in 3s
turn complete
14 UCT iterations in 3s
turn complete
turn complete
15 UCT iterations in 3s
turn complete
13 UCT iterations in 3s
turn complete
turn complete
14 UCT iterations in 3s
turn complete
19 UCT iterations in 3s
turn complete
turn complete
32 UCT iterations in 3s
turn complete
41 UCT iterations in 3s
turn complete
turn complete
238 UCT iterations in 3s
turn complete
865 UCT iterations in 3s
turn complete
Action sequence ---------------------------
<monastery, 0, (-1, 0), MONASTERY, 0>
<monastery, 0, (-1, 1), MONASTERY, 0>
<tri_road, 1, (-2, 1), ROAD, 2>
<city_tunnel, 1, (1, 0), CITY, 0>
<monastery, 0, (-1, 2), MONASTERY, 0>
<monastery_road, 1, (1, 1), ROAD, 0>
<city_cap_straight_road, 2, (2, 0), None, 0>
<tri_road, 1, (0, -1), None, 0>
<city_cap_straight_road, 1, (-1, -1), None, 0>
<tri_road, 1, (-2, 2), ROAD, 2>
<city_cap_straight_road, 0, (0, 2), None, 0>
<monastery, 0, (1, -1), MONASTERY, 0>
<tri_road, 0, (-2, -1), None, 0>
<monastery_road, 3, (-1, 3), None, 0>
-------------------------------------------
Cities:  3
Roads:  14
Farms:  11
Free Meeples:  [0, 0, 0]
SCORES:  [14, 13, 8]
TIMES: [15.471367359161377, 15.473462343215942, 12.457852363586426]
GAMES: [2.5, 2.5, 2.5]
[(0, <UCTagent.UCTAgent object at 0x7f8154b868e0>), (1, <UCTagent.UCTAgent object at 0x7f8154b86940>), (2, <MCCFRagent.MCCFRAgent object at 0x7f8154b869a0>)]
0 UCT Agent(time=3, exploration_constant=3)
1 UCT Agent(time=3, exploration_constant=3)
2 MCCFR Agent(time=3, epsilon=0.6)
14 UCT iterations in 3s
turn complete
14 UCT iterations in 3s
turn complete
turn complete
13 UCT iterations in 3s
turn complete
14 UCT iterations in 3s
turn complete
turn complete
19 UCT iterations in 3s
turn complete
17 UCT iterations in 3s
turn complete
turn complete
22 UCT iterations in 3s
turn complete
30 UCT iterations in 3s
turn complete
turn complete
187 UCT iterations in 3s
turn complete
717 UCT iterations in 3s
turn complete
turn complete
Action sequence ---------------------------
<monastery_road, 2, (-1, 0), ROAD, 0>
<monastery, 0, (-2, 0), MONASTERY, 0>
<city_cap_straight_road, 3, (-2, 1), CITY, 0>
<monastery, 0, (-2, -1), MONASTERY, 0>
<city_cap_straight_road, 2, (-3, 0), FARM, 0>
<tri_road, 0, (-1, 1), ROAD, 2>
<monastery_road, 0, (-2, -2), MONASTERY, 0>
<big_city, 0, (-4, 0), None, 0>
<tri_road, 3, (-1, -2), None, 0>
<monastery, 0, (-3, -2), None, 0>
<tri_road, 3, (-3, 1), None, 0>
<city_cap_straight_road, 1, (-3, -3), None, 0>
<tri_road, 2, (-2, -3), None, 0>
<monastery, 0, (-1, 2), None, 0>
<city_tunnel, 1, (-1, 3), CITY, 0>
-------------------------------------------
Cities:  5
Roads:  12
Farms:  8
Free Meeples:  [0, 0, 0]
SCORES:  [15, 7, 5]
TIMES: [15.342538595199585, 15.400977849960327, 15.341551065444946]
GAMES: [3.5, 2.5, 2.5]
[(0, <UCTagent.UCTAgent object at 0x7f8154b868e0>), (1, <UCTagent.UCTAgent object at 0x7f8154b86940>), (2, <MCCFRagent.MCCFRAgent object at 0x7f8154b869a0>)]
0 UCT Agent(time=3, exploration_constant=3)
1 UCT Agent(time=3, exploration_constant=3)
2 MCCFR Agent(time=3, epsilon=0.6)
14 UCT iterations in 3s
turn complete
17 UCT iterations in 3s
turn complete
turn complete
25 UCT iterations in 3s
turn complete
26 UCT iterations in 3s
turn complete
turn complete
27 UCT iterations in 3s
turn complete
24 UCT iterations in 3s
turn complete
turn complete
35 UCT iterations in 3s
turn complete
43 UCT iterations in 3s
turn complete
turn complete
392 UCT iterations in 3s
turn complete
610 UCT iterations in 3s
turn complete
turn complete
Action sequence ---------------------------
<tri_road, 2, (0, -1), ROAD, 1>
<city_cap_straight_road, 2, (1, 0), CITY, 0>
<tri_road, 3, (1, 1), ROAD, 1>
<tri_road, 1, (1, -1), ROAD, 2>
<city_tunnel, 0, (2, -1), CITY, 0>
<city_cap_straight_road, 1, (0, -2), CITY, 0>
<monastery, 0, (3, -1), MONASTERY, 0>
<monastery, 0, (-1, 0), MONASTERY, 0>
<monastery_road, 2, (4, -1), None, 0>
<city_cap_straight_road, 0, (4, 0), None, 0>
<monastery_road, 3, (-1, -1), None, 0>
<tri_road, 2, (2, 1), None, 0>
<big_city, 0, (0, -3), None, 0>
<monastery, 0, (-2, 0), None, 0>
<monastery, 0, (3, 0), MONASTERY, 0>
-------------------------------------------
Cities:  4
Roads:  11
Farms:  7
Free Meeples:  [0, 0, 0]
SCORES:  [10, 10, 11]
TIMES: [15.150734424591064, 15.285890102386475, 15.311376810073853]
GAMES: [3.5, 2.5, 3.5]
[(0, <UCTagent.UCTAgent object at 0x7f8154b868e0>), (1, <UCTagent.UCTAgent object at 0x7f8154b86940>), (2, <MCCFRagent.MCCFRAgent object at 0x7f8154b869a0>)]
0 UCT Agent(time=3, exploration_constant=3)
1 UCT Agent(time=3, exploration_constant=3)
2 MCCFR Agent(time=3, epsilon=0.6)
14 UCT iterations in 3s
turn complete
14 UCT iterations in 3s
turn complete
turn complete
16 UCT iterations in 3s
turn complete
22 UCT iterations in 3s
turn complete
turn complete
21 UCT iterations in 3s
turn complete
33 UCT iterations in 3s
turn complete
turn complete
48 UCT iterations in 3s
turn complete
44 UCT iterations in 3s
turn complete
turn complete
45 UCT iterations in 3s
turn complete
496 UCT iterations in 3s
turn complete
turn complete
Action sequence ---------------------------
<big_city, 0, (1, 0), CITY, 0>
<city_cap_straight_road, 0, (0, -1), CITY, 0>
<tri_road, 1, (-1, -1), FARM, 1>
<city_cap_straight_road, 2, (-1, 0), FARM, 1>
<tri_road, 0, (-2, -1), ROAD, 1>
<city_tunnel, 1, (2, 0), FARM, 1>
<city_cap_straight_road, 1, (1, 1), None, 0>
<tri_road, 2, (-2, -2), None, 0>
<monastery_road, 3, (-2, -3), None, 0>
<monastery, 0, (1, 2), None, 0>
<monastery_road, 1, (0, 2), ROAD, 0>
<monastery, 0, (2, -1), None, 0>
<monastery, 0, (-3, -3), None, 0>
<tri_road, 3, (-1, 2), None, 0>
<monastery, 0, (3, -1), None, 0>
-------------------------------------------
Cities:  3
Roads:  13
Farms:  11
Free Meeples:  [0, 1, 0]
SCORES:  [5, 5, 0]
TIMES: [15.27185606956482, 15.42770528793335, 15.228407859802246]
GAMES: [4.0, 3.0, 3.5]
--------------------------------------------
Average Points: [9.1, 8.1, 7.9]
Average Times: [15.38310136795044, 15.41775140762329, 14.822955298423768]
Average Game Duration: 45.84483125209808 seconds
--- THREAD 0 FINISHED ---
turn complete
turn complete
57 UCT iterations in 3s
turn complete
77 UCT iterations in 3s
turn complete
turn complete
833 UCT iterations in 3s
turn complete
Action sequence ---------------------------
<city_cap_straight_road, 2, (1, 0), None, 0>
<tri_road, 1, (1, -1), None, 0>
<monastery_road, 0, (-1, 0), MONASTERY, 0>
<tri_road, 3, (1, -2), ROAD, 0>
<monastery, 0, (2, -1), MONASTERY, 0>
<city_tunnel, 0, (3, -1), None, 0>
<monastery, 0, (2, 0), MONASTERY, 0>
<tri_road, 1, (1, 1), ROAD, 0>
<monastery, 0, (-2, 0), MONASTERY, 0>
<city_cap_straight_road, 2, (1, -3), None, 0>
<tri_road, 2, (-1, -1), ROAD, 1>
<monastery_road, 3, (-1, 1), None, 0>
<city_cap_straight_road, 0, (0, -3), CITY, 0>
<monastery, 0, (-2, 1), MONASTERY, 0>
-------------------------------------------
Cities:  3
Roads:  13
Farms:  11
Free Meeples:  [1, 0, 0]
SCORES:  [12, 15, 11]
TIMES: [15.377253293991089, 15.248536825180054, 12.368181943893433]
GAMES: [1.5, 2, 2.5]
[(2, <MCCFRagent.MCCFRAgent object at 0x7f8154b86e80>), (1, <UCTagent.UCTAgent object at 0x7f8154b86ee0>), (0, <UCTagent.UCTAgent object at 0x7f8154b86f40>)]
0 MCCFR Agent(time=3, epsilon=0.6)
1 UCT Agent(time=3, exploration_constant=3)
2 UCT Agent(time=3, exploration_constant=3)
turn complete
14 UCT iterations in 3s
turn complete
15 UCT iterations in 3s
turn complete
turn complete
13 UCT iterations in 3s
turn complete
14 UCT iterations in 3s
turn complete
turn complete
18 UCT iterations in 3s
turn complete
17 UCT iterations in 3s
turn complete
turn complete
26 UCT iterations in 3s
turn complete
34 UCT iterations in 3s
turn complete
turn complete
170 UCT iterations in 3s
turn complete
832 UCT iterations in 3s
turn complete
Action sequence ---------------------------
<monastery, 0, (-1, 0), None, 0>
<monastery, 0, (-1, 1), MONASTERY, 0>
<tri_road, 2, (0, -1), None, 0>
<city_tunnel, 0, (-2, 1), CITY, 0>
<monastery, 0, (0, -2), MONASTERY, 0>
<monastery_road, 1, (-3, 1), ROAD, 0>
<city_cap_straight_road, 3, (-3, 2), CITY, 0>
<tri_road, 1, (-1, -2), None, 0>
<big_city, 0, (1, 0), CITY, 0>
<city_cap_straight_road, 3, (-1, 2), None, 0>
<tri_road, 0, (0, -3), None, 0>
<city_cap_straight_road, 3, (0, 2), None, 0>
<monastery, 0, (-3, 0), None, 0>
<tri_road, 2, (-1, -3), None, 0>
<monastery_road, 3, (-4, 1), None, 0>
-------------------------------------------
Cities:  5
Roads:  13
Farms:  10
Free Meeples:  [0, 0, 1]
SCORES:  [2, 11, 5]
TIMES: [15.706782102584839, 15.510953187942505, 15.625488996505737]
GAMES: [1.5, 3, 2.5]
[(2, <MCCFRagent.MCCFRAgent object at 0x7f8154b86e80>), (1, <UCTagent.UCTAgent object at 0x7f8154b86ee0>), (0, <UCTagent.UCTAgent object at 0x7f8154b86f40>)]
0 MCCFR Agent(time=3, epsilon=0.6)
1 UCT Agent(time=3, exploration_constant=3)
2 UCT Agent(time=3, exploration_constant=3)
turn complete
14 UCT iterations in 3s
turn complete
15 UCT iterations in 3s
turn complete
turn complete
15 UCT iterations in 3s
turn complete
18 UCT iterations in 3s
turn complete
turn complete
19 UCT iterations in 3s
turn complete
23 UCT iterations in 3s
turn complete
turn complete
31 UCT iterations in 3s
turn complete
39 UCT iterations in 3s
turn complete
turn complete
851 UCT iterations in 3s
turn complete
916 UCT iterations in 3s
turn complete
Action sequence ---------------------------
<monastery_road, 2, (0, -1), MONASTERY, 0>
<monastery, 0, (-1, 0), MONASTERY, 0>
<city_cap_straight_road, 0, (1, -1), FARM, 1>
<monastery, 0, (-1, -1), None, 0>
<city_cap_straight_road, 3, (-1, 1), None, 0>
<tri_road, 1, (0, 1), ROAD, 0>
<monastery_road, 0, (-2, 0), MONASTERY, 0>
<big_city, 0, (2, -1), CITY, 0>
<tri_road, 3, (1, 1), ROAD, 1>
<monastery, 0, (0, -2), None, 0>
<tri_road, 1, (1, 2), None, 0>
<city_cap_straight_road, 1, (2, 1), None, 0>
<tri_road, 3, (1, -2), None, 0>
<monastery, 0, (2, 2), None, 0>
<city_tunnel, 1, (3, -1), None, 0>
-------------------------------------------
Cities:  4
Roads:  12
Farms:  9
Free Meeples:  [0, 0, 0]
SCORES:  [11, 11, 5]
TIMES: [15.55868411064148, 15.443341732025146, 15.399527549743652]
GAMES: [2.0, 3.5, 2.5]
[(2, <MCCFRagent.MCCFRAgent object at 0x7f8154b86e80>), (1, <UCTagent.UCTAgent object at 0x7f8154b86ee0>), (0, <UCTagent.UCTAgent object at 0x7f8154b86f40>)]
0 MCCFR Agent(time=3, epsilon=0.6)
1 UCT Agent(time=3, exploration_constant=3)
2 UCT Agent(time=3, exploration_constant=3)
turn complete
17 UCT iterations in 3s
turn complete
20 UCT iterations in 3s
turn complete
turn complete
23 UCT iterations in 3s
turn complete
27 UCT iterations in 3s
turn complete
turn complete
27 UCT iterations in 3s
turn complete
29 UCT iterations in 3s
turn complete
turn complete
39 UCT iterations in 3s
turn complete
291 UCT iterations in 3s
turn complete
turn complete
641 UCT iterations in 3s
turn complete
875 UCT iterations in 3s
turn complete
Action sequence ---------------------------
<tri_road, 3, (0, 1), None, 0>
<city_cap_straight_road, 0, (0, 2), CITY, 0>
<tri_road, 2, (0, -1), ROAD, 2>
<tri_road, 2, (1, -1), FARM, 2>
<city_tunnel, 0, (-1, 2), FARM, 1>
<city_cap_straight_road, 1, (-1, -1), ROAD, 0>
<monastery, 0, (0, -2), MONASTERY, 0>
<monastery, 0, (-2, 2), None, 0>
<monastery_road, 1, (-3, 2), MONASTERY, 0>
<city_cap_straight_road, 1, (-3, 1), None, 0>
<monastery_road, 1, (2, -1), None, 0>
<tri_road, 0, (-2, -1), None, 0>
<big_city, 0, (-1, 3), None, 0>
<monastery, 0, (-1, 0), None, 0>
<monastery, 0, (-2, 0), MONASTERY, 0>
-------------------------------------------
Cities:  5
Roads:  11
Farms:  7
Free Meeples:  [0, 0, 0]
SCORES:  [4, 1, 13]
TIMES: [15.38573145866394, 15.445318222045898, 15.341179847717285]
GAMES: [2.0, 3.5, 3.5]
[(2, <MCCFRagent.MCCFRAgent object at 0x7f8154b86e80>), (1, <UCTagent.UCTAgent object at 0x7f8154b86ee0>), (0, <UCTagent.UCTAgent object at 0x7f8154b86f40>)]
0 MCCFR Agent(time=3, epsilon=0.6)
1 UCT Agent(time=3, exploration_constant=3)
2 UCT Agent(time=3, exploration_constant=3)
turn complete
15 UCT iterations in 3s
turn complete
15 UCT iterations in 3s
turn complete
turn complete
22 UCT iterations in 3s
turn complete
21 UCT iterations in 3s
turn complete
turn complete
32 UCT iterations in 3s
turn complete
41 UCT iterations in 3s
turn complete
turn complete
50 UCT iterations in 3s
turn complete
46 UCT iterations in 3s
turn complete
turn complete
713 UCT iterations in 3s
turn complete
876 UCT iterations in 3s
turn complete
Action sequence ---------------------------
<big_city, 0, (1, 0), CITY, 0>
<city_cap_straight_road, 0, (0, 1), None, 0>
<tri_road, 1, (-1, 0), ROAD, 1>
<city_cap_straight_road, 0, (0, -1), None, 0>
<tri_road, 1, (0, -2), ROAD, 2>
<city_tunnel, 0, (1, -2), CITY, 0>
<city_cap_straight_road, 2, (2, 0), None, 0>
<tri_road, 3, (2, -1), None, 0>
<monastery_road, 3, (-2, 0), None, 0>
<monastery, 0, (-3, 0), MONASTERY, 0>
<monastery_road, 2, (-1, -1), MONASTERY, 0>
<monastery, 0, (-2, 1), MONASTERY, 0>
<monastery, 0, (-3, -1), None, 0>
<tri_road, 3, (0, 2), None, 0>
<monastery, 0, (-2, 2), None, 0>
-------------------------------------------
Cities:  4
Roads:  11
Farms:  8
Free Meeples:  [0, 1, 0]
SCORES:  [8, 11, 8]
TIMES: [15.426221132278442, 15.54146933555603, 15.128011226654053]
GAMES: [2.0, 4.5, 3.5]
--------------------------------------------
Average Points: [8.3, 8.8, 9.6]
Average Times: [15.48615312576294, 15.439915084838868, 14.75570523738861]
Average Game Duration: 45.89307661056519 seconds
--- THREAD 5 FINISHED ---
turn complete
turn complete
22 UCT iterations in 3s
turn complete
21 UCT iterations in 3s
turn complete
turn complete
46 UCT iterations in 3s
turn complete
74 UCT iterations in 3s
turn complete
turn complete
900 UCT iterations in 3s
turn complete
Action sequence ---------------------------
<city_cap_straight_road, 2, (0, -1), ROAD, 0>
<tri_road, 3, (1, -1), ROAD, 2>
<monastery_road, 2, (1, -2), MONASTERY, 0>
<tri_road, 3, (0, 1), FARM, 1>
<big_city, 0, (-1, -1), CITY, 0>
<monastery, 0, (2, -2), MONASTERY, 0>
<city_tunnel, 0, (-1, 1), None, 0>
<monastery, 0, (3, -2), MONASTERY, 0>
<tri_road, 0, (1, 1), None, 0>
<monastery, 0, (4, -2), None, 0>
<city_cap_straight_road, 0, (0, 2), None, 0>
<tri_road, 2, (2, -1), None, 0>
<monastery_road, 1, (2, 1), None, 0>
<city_cap_straight_road, 3, (4, -1), None, 0>
<monastery, 0, (1, -3), None, 0>
-------------------------------------------
Cities:  5
Roads:  11
Farms:  7
Free Meeples:  [0, 0, 0]
SCORES:  [3, 10, 12]
TIMES: [15.342412233352661, 15.399749279022217, 15.284497737884521]
GAMES: [2.5, 0.5, 3]
[(1, <UCTagent.UCTAgent object at 0x7f8154b86c40>), (2, <MCCFRagent.MCCFRAgent object at 0x7f8154b86ca0>), (0, <UCTagent.UCTAgent object at 0x7f8154b86d00>)]
0 UCT Agent(time=3, exploration_constant=3)
1 MCCFR Agent(time=3, epsilon=0.6)
2 UCT Agent(time=3, exploration_constant=3)
13 UCT iterations in 3s
turn complete
turn complete
15 UCT iterations in 3s
turn complete
14 UCT iterations in 3s
turn complete
turn complete
14 UCT iterations in 3s
turn complete
14 UCT iterations in 3s
turn complete
turn complete
16 UCT iterations in 3s
turn complete
19 UCT iterations in 3s
turn complete
turn complete
32 UCT iterations in 3s
turn complete
45 UCT iterations in 3s
turn complete
turn complete
846 UCT iterations in 3s
turn complete
Action sequence ---------------------------
<monastery, 0, (-1, 0), MONASTERY, 0>
<monastery, 0, (-1, -1), MONASTERY, 0>
<tri_road, 3, (0, -1), FARM, 1>
<city_tunnel, 1, (-1, -2), None, 0>
<monastery, 0, (-1, -3), MONASTERY, 0>
<monastery_road, 1, (-1, -4), MONASTERY, 0>
<city_cap_straight_road, 3, (-2, -4), ROAD, 0>
<tri_road, 3, (0, -4), None, 0>
<big_city, 0, (1, 0), None, 0>
<city_cap_straight_road, 1, (-3, -4), None, 0>
<tri_road, 3, (0, -3), None, 0>
<city_cap_straight_road, 2, (0, -5), None, 0>
<monastery, 0, (-1, 1), None, 0>
<tri_road, 0, (-2, -5), None, 0>
<monastery_road, 1, (-3, -3), None, 0>
-------------------------------------------
Cities:  5
Roads:  13
Farms:  9
Free Meeples:  [0, 0, 0]
SCORES:  [8, 11, 7]
TIMES: [15.427207231521606, 15.595201015472412, 15.480608224868774]
GAMES: [2.5, 1.5, 3]
[(1, <UCTagent.UCTAgent object at 0x7f8154b86c40>), (2, <MCCFRagent.MCCFRAgent object at 0x7f8154b86ca0>), (0, <UCTagent.UCTAgent object at 0x7f8154b86d00>)]
0 UCT Agent(time=3, exploration_constant=3)
1 MCCFR Agent(time=3, epsilon=0.6)
2 UCT Agent(time=3, exploration_constant=3)
14 UCT iterations in 3s
turn complete
turn complete
14 UCT iterations in 3s
turn complete
14 UCT iterations in 3s
turn complete
turn complete
19 UCT iterations in 3s
turn complete
21 UCT iterations in 3s
turn complete
turn complete
27 UCT iterations in 3s
turn complete
39 UCT iterations in 3s
turn complete
turn complete
178 UCT iterations in 3s
turn complete
787 UCT iterations in 3s
turn complete
turn complete
Action sequence ---------------------------
<monastery_road, 2, (0, -1), ROAD, 0>
<monastery, 0, (0, -2), MONASTERY, 0>
<city_cap_straight_road, 2, (1, 0), CITY, 0>
<monastery, 0, (2, 0), None, 0>
<city_cap_straight_road, 0, (1, -1), ROAD, 0>
<tri_road, 0, (0, 1), None, 0>
<monastery_road, 0, (-1, 0), MONASTERY, 0>
<tri_road, 0, (1, 1), None, 0>
<monastery, 0, (0, -3), FARM, 0>
<tri_road, 1, (-2, 0), ROAD, 2>
<city_cap_straight_road, 0, (1, -3), None, 0>
<tri_road, 2, (-3, 0), ROAD, 2>
<monastery, 0, (0, 2), None, 0>
<city_tunnel, 0, (-1, -2), None, 0>
-------------------------------------------
Cities:  4
Roads:  12
Farms:  8
Free Meeples:  [0, 0, 1]
SCORES:  [9, 9, 9]
TIMES: [15.575780630111694, 15.531845808029175, 12.492881774902344]
GAMES: [3.0, 2.0, 3.5]
[(1, <UCTagent.UCTAgent object at 0x7f8154b86c40>), (2, <MCCFRagent.MCCFRAgent object at 0x7f8154b86ca0>), (0, <UCTagent.UCTAgent object at 0x7f8154b86d00>)]
0 UCT Agent(time=3, exploration_constant=3)
1 MCCFR Agent(time=3, epsilon=0.6)
2 UCT Agent(time=3, exploration_constant=3)
16 UCT iterations in 3s
turn complete
turn complete
19 UCT iterations in 3s
turn complete
24 UCT iterations in 3s
turn complete
turn complete
29 UCT iterations in 3s
turn complete
29 UCT iterations in 3s
turn complete
turn complete
32 UCT iterations in 3s
turn complete
35 UCT iterations in 3s
turn complete
turn complete
269 UCT iterations in 3s
turn complete
349 UCT iterations in 3s
turn complete
turn complete
810 UCT iterations in 3s
turn complete
Action sequence ---------------------------
<tri_road, 1, (-1, 0), FARM, 0>
<city_cap_straight_road, 0, (0, 1), ROAD, 0>
<tri_road, 2, (-2, 0), None, 0>
<tri_road, 2, (-1, -1), ROAD, 1>
<city_tunnel, 1, (1, 0), CITY, 0>
<city_cap_straight_road, 1, (-1, -2), None, 0>
<monastery, 0, (1, -1), MONASTERY, 0>
<monastery, 0, (1, -2), None, 0>
<monastery_road, 2, (2, -2), MONASTERY, 0>
<city_cap_straight_road, 3, (-3, 0), None, 0>
<monastery_road, 3, (-2, -2), None, 0>
<tri_road, 3, (-4, 0), ROAD, 1>
<big_city, 0, (2, 0), None, 0>
<monastery, 0, (-2, -3), None, 0>
<monastery, 0, (-3, -1), MONASTERY, 0>
-------------------------------------------
Cities:  4
Roads:  12
Farms:  9
Free Meeples:  [0, 0, 0]
SCORES:  [8, 6, 11]
TIMES: [15.3336181640625, 15.331891298294067, 15.168954372406006]
GAMES: [3.0, 2.0, 4.5]
[(1, <UCTagent.UCTAgent object at 0x7f8154b86c40>), (2, <MCCFRagent.MCCFRAgent object at 0x7f8154b86ca0>), (0, <UCTagent.UCTAgent object at 0x7f8154b86d00>)]
0 UCT Agent(time=3, exploration_constant=3)
1 MCCFR Agent(time=3, epsilon=0.6)
2 UCT Agent(time=3, exploration_constant=3)
13 UCT iterations in 3s
turn complete
turn complete
16 UCT iterations in 3s
turn complete
16 UCT iterations in 3s
turn complete
turn complete
19 UCT iterations in 3s
turn complete
21 UCT iterations in 3s
turn complete
turn complete
40 UCT iterations in 3s
turn complete
32 UCT iterations in 3s
turn complete
turn complete
44 UCT iterations in 3s
turn complete
52 UCT iterations in 3s
turn complete
turn complete
865 UCT iterations in 3s
turn complete
Action sequence ---------------------------
<big_city, 0, (1, 0), CITY, 0>
<city_cap_straight_road, 1, (1, 1), ROAD, 0>
<tri_road, 1, (-1, 0), ROAD, 1>
<city_cap_straight_road, 0, (-1, -1), CITY, 0>
<tri_road, 1, (2, 1), None, 0>
<city_tunnel, 0, (3, 1), None, 0>
<city_cap_straight_road, 2, (0, -1), None, 0>
<tri_road, 0, (-1, 1), ROAD, 0>
<monastery_road, 2, (-1, 2), MONASTERY, 0>
<monastery, 0, (-2, -1), MONASTERY, 0>
<monastery_road, 3, (4, 1), None, 0>
<monastery, 0, (0, 2), None, 0>
<monastery, 0, (-2, -2), None, 0>
<tri_road, 1, (-3, -1), None, 0>
<monastery, 0, (0, 3), None, 0>
-------------------------------------------
Cities:  3
Roads:  14
Farms:  11
Free Meeples:  [0, 0, 0]
SCORES:  [13, 3, 5]
TIMES: [15.303797721862793, 15.348124027252197, 15.14666748046875]
GAMES: [4.0, 2.0, 4.5]
--------------------------------------------
Average Points: [9.3, 7.6, 9.1]
Average Times: [15.436057710647583, 15.394440031051635, 15.041455459594726]
Average Game Duration: 46.08669500350952 seconds
--- THREAD 3 FINISHED ---
turn complete
24 UCT iterations in 3s
turn complete
29 UCT iterations in 3s
turn complete
turn complete
72 UCT iterations in 3s
turn complete
621 UCT iterations in 3s
turn complete
turn complete
Action sequence ---------------------------
<city_cap_straight_road, 0, (0, 1), ROAD, 0>
<tri_road, 1, (0, 2), FARM, 1>
<monastery_road, 2, (-1, 1), None, 0>
<tri_road, 0, (-1, 2), ROAD, 0>
<big_city, 0, (1, 0), CITY, 0>
<monastery, 0, (-2, 1), MONASTERY, 0>
<city_tunnel, 0, (1, 2), None, 0>
<monastery, 0, (-1, 0), None, 0>
<tri_road, 3, (2, 2), ROAD, 2>
<monastery, 0, (-1, 3), MONASTERY, 0>
<city_cap_straight_road, 2, (2, 0), None, 0>
<tri_road, 0, (3, 2), None, 0>
<monastery_road, 2, (-2, 3), None, 0>
<city_cap_straight_road, 3, (1, -1), None, 0>
<monastery, 0, (-2, 0), None, 0>
-------------------------------------------
Cities:  3
Roads:  13
Farms:  11
Free Meeples:  [0, 0, 0]
SCORES:  [9, 5, 6]
TIMES: [15.409083604812622, 15.368682384490967, 15.263324737548828]
GAMES: [2, 3, 1]
[(1, <UCTagent.UCTAgent object at 0x7f8154b86b20>), (0, <UCTagent.UCTAgent object at 0x7f8154b86b80>), (2, <MCCFRagent.MCCFRAgent object at 0x7f8154b86be0>)]
0 UCT Agent(time=3, exploration_constant=3)
1 UCT Agent(time=3, exploration_constant=3)
2 MCCFR Agent(time=3, epsilon=0.6)
14 UCT iterations in 3s
turn complete
14 UCT iterations in 3s
turn complete
turn complete
14 UCT iterations in 3s
turn complete
14 UCT iterations in 3s
turn complete
turn complete
15 UCT iterations in 3s
turn complete
18 UCT iterations in 3s
turn complete
turn complete
21 UCT iterations in 3s
turn complete
29 UCT iterations in 3s
turn complete
turn complete
35 UCT iterations in 3s
turn complete
277 UCT iterations in 3s
turn complete
turn complete
Action sequence ---------------------------
<monastery, 0, (-1, 0), None, 0>
<monastery, 0, (-1, -1), MONASTERY, 0>
<tri_road, 1, (-2, -1), ROAD, 0>
<city_tunnel, 1, (1, 0), FARM, 1>
<monastery, 0, (-1, -2), MONASTERY, 0>
<monastery_road, 0, (0, -2), ROAD, 0>
<city_cap_straight_road, 2, (-2, -2), CITY, 0>
<tri_road, 1, (-2, 0), None, 0>
<big_city, 0, (2, 0), None, 0>
<city_cap_straight_road, 0, (-3, -2), None, 0>
<tri_road, 2, (-2, -3), None, 0>
<city_cap_straight_road, 3, (-1, 1), CITY, 0>
<monastery, 0, (1, -1), MONASTERY, 0>
<tri_road, 2, (0, -3), None, 0>
<monastery_road, 2, (0, -1), MONASTERY, 0>
-------------------------------------------
Cities:  3
Roads:  13
Farms:  10
Free Meeples:  [0, 0, 0]
SCORES:  [10, 17, 14]
TIMES: [15.513649940490723, 15.55972409248352, 15.486708879470825]
GAMES: [2, 4, 1]
[(1, <UCTagent.UCTAgent object at 0x7f8154b86b20>), (0, <UCTagent.UCTAgent object at 0x7f8154b86b80>), (2, <MCCFRagent.MCCFRAgent object at 0x7f8154b86be0>)]
0 UCT Agent(time=3, exploration_constant=3)
1 UCT Agent(time=3, exploration_constant=3)
2 MCCFR Agent(time=3, epsilon=0.6)
15 UCT iterations in 3s
turn complete
14 UCT iterations in 3s
turn complete
turn complete
14 UCT iterations in 3s
turn complete
14 UCT iterations in 3s
turn complete
turn complete
17 UCT iterations in 3s
turn complete
17 UCT iterations in 3s
turn complete
turn complete
21 UCT iterations in 3s
turn complete
31 UCT iterations in 3s
turn complete
turn complete
188 UCT iterations in 3s
turn complete
806 UCT iterations in 3s
turn complete
turn complete
Action sequence ---------------------------
<monastery_road, 2, (0, -1), MONASTERY, 0>
<monastery, 0, (-1, -1), FARM, 0>
<city_cap_straight_road, 2, (-2, -1), ROAD, 0>
<monastery, 0, (-1, -2), MONASTERY, 0>
<city_cap_straight_road, 2, (0, 1), CITY, 0>
<tri_road, 3, (1, 1), ROAD, 1>
<monastery_road, 0, (1, -1), None, 0>
<big_city, 0, (-1, 1), None, 0>
<tri_road, 0, (0, 2), None, 0>
<monastery, 0, (0, -2), None, 0>
<tri_road, 2, (2, 1), None, 0>
<city_cap_straight_road, 3, (0, 3), FARM, 0>
<tri_road, 3, (1, -2), None, 0>
<monastery, 0, (2, -1), None, 0>
<city_tunnel, 0, (3, -1), None, 0>
-------------------------------------------
Cities:  5
Roads:  13
Farms:  9
Free Meeples:  [0, 0, 0]
SCORES:  [12, 3, 3]
TIMES: [15.573031902313232, 15.621038675308228, 15.54765248298645]
GAMES: [3, 4, 1]
[(1, <UCTagent.UCTAgent object at 0x7f8154b86b20>), (0, <UCTagent.UCTAgent object at 0x7f8154b86b80>), (2, <MCCFRagent.MCCFRAgent object at 0x7f8154b86be0>)]
0 UCT Agent(time=3, exploration_constant=3)
1 UCT Agent(time=3, exploration_constant=3)
2 MCCFR Agent(time=3, epsilon=0.6)
16 UCT iterations in 3s
turn complete
17 UCT iterations in 3s
turn complete
turn complete
22 UCT iterations in 3s
turn complete
23 UCT iterations in 3s
turn complete
turn complete
25 UCT iterations in 3s
turn complete
27 UCT iterations in 3s
turn complete
turn complete
32 UCT iterations in 3s
turn complete
41 UCT iterations in 3s
turn complete
turn complete
706 UCT iterations in 3s
turn complete
808 UCT iterations in 3s
turn complete
turn complete
Action sequence ---------------------------
<tri_road, 1, (0, 1), ROAD, 2>
<city_cap_straight_road, 0, (0, 2), CITY, 0>
<tri_road, 1, (0, -1), ROAD, 1>
<tri_road, 3, (0, 3), ROAD, 1>
<city_tunnel, 0, (-1, 3), CITY, 0>
<city_cap_straight_road, 2, (1, 0), CITY, 0>
<monastery, 0, (-1, 0), MONASTERY, 0>
<monastery, 0, (2, 0), None, 0>
<monastery_road, 2, (-2, 3), MONASTERY, 0>
<city_cap_straight_road, 2, (-2, 0), None, 0>
<monastery_road, 0, (2, -1), None, 0>
<tri_road, 3, (3, 0), None, 0>
<big_city, 0, (-3, 0), None, 0>
<monastery, 0, (2, 1), None, 0>
<monastery, 0, (-2, 2), None, 0>
-------------------------------------------
Cities:  4
Roads:  14
Farms:  11
Free Meeples:  [0, 0, 0]
SCORES:  [9, 2, 8]
TIMES: [15.399086713790894, 15.349003076553345, 15.380405187606812]
GAMES: [4, 4, 1]
[(1, <UCTagent.UCTAgent object at 0x7f8154b86b20>), (0, <UCTagent.UCTAgent object at 0x7f8154b86b80>), (2, <MCCFRagent.MCCFRAgent object at 0x7f8154b86be0>)]
0 UCT Agent(time=3, exploration_constant=3)
1 UCT Agent(time=3, exploration_constant=3)
2 MCCFR Agent(time=3, epsilon=0.6)
13 UCT iterations in 3s
turn complete
13 UCT iterations in 3s
turn complete
turn complete
18 UCT iterations in 3s
turn complete
22 UCT iterations in 3s
turn complete
turn complete
28 UCT iterations in 3s
turn complete
42 UCT iterations in 3s
turn complete
turn complete
54 UCT iterations in 3s
turn complete
63 UCT iterations in 3s
turn complete
turn complete
113 UCT iterations in 3s
turn complete
447 UCT iterations in 3s
turn complete
turn complete
Action sequence ---------------------------
<big_city, 0, (1, 0), CITY, 0>
<city_cap_straight_road, 2, (0, 1), None, 0>
<tri_road, 1, (-1, 0), ROAD, 2>
<city_cap_straight_road, 0, (-1, 1), None, 0>
<tri_road, 1, (0, 2), None, 0>
<city_tunnel, 0, (1, 1), None, 0>
<city_cap_straight_road, 2, (0, -1), None, 0>
<tri_road, 3, (-2, 0), None, 0>
<monastery_road, 2, (-2, -1), ROAD, 0>
<monastery, 0, (-3, 0), MONASTERY, 0>
<monastery_road, 0, (-2, 1), MONASTERY, 0>
<monastery, 0, (-3, -1), MONASTERY, 0>
<monastery, 0, (-3, 1), None, 0>
<tri_road, 2, (0, -2), ROAD, 1>
<monastery, 0, (-2, -2), None, 0>
-------------------------------------------
Cities:  3
Roads:  10
Farms:  6
Free Meeples:  [0, 1, 0]
SCORES:  [10, 11, 9]
TIMES: [15.400185823440552, 15.390847206115723, 15.354054689407349]
GAMES: [4, 5, 1]
--------------------------------------------
Average Points: [9.6, 8.5, 7.2]
Average Times: [15.434015130996704, 15.427637195587158, 15.130189681053162]
Average Game Duration: 46.20755660533905 seconds
--- THREAD 2 FINISHED ---
turn complete
22 UCT iterations in 3s
turn complete
turn complete
25 UCT iterations in 3s
turn complete
44 UCT iterations in 3s
turn complete
turn complete
591 UCT iterations in 3s
turn complete
838 UCT iterations in 3s
turn complete
Action sequence ---------------------------
<city_cap_straight_road, 0, (0, -1), ROAD, 0>
<tri_road, 1, (-1, 0), None, 0>
<monastery_road, 0, (-1, 1), MONASTERY, 0>
<tri_road, 2, (0, -2), None, 0>
<big_city, 0, (1, 0), CITY, 0>
<monastery, 0, (0, -3), MONASTERY, 0>
<city_tunnel, 0, (1, 1), FARM, 0>
<monastery, 0, (2, 1), MONASTERY, 0>
<tri_road, 3, (1, -3), None, 0>
<monastery, 0, (-1, -3), None, 0>
<city_cap_straight_road, 1, (1, 2), None, 0>
<tri_road, 2, (0, 2), None, 0>
<monastery_road, 3, (3, 1), None, 0>
<city_cap_straight_road, 3, (2, 2), None, 0>
<monastery, 0, (0, -4), None, 0>
-------------------------------------------
Cities:  3
Roads:  13
Farms:  10
Free Meeples:  [0, 0, 0]
SCORES:  [3, 11, 9]
TIMES: [15.534600257873535, 15.40297794342041, 15.327330589294434]
GAMES: [1.5, 3, 1.5]
[(2, <MCCFRagent.MCCFRAgent object at 0x7f8154b86d60>), (0, <UCTagent.UCTAgent object at 0x7f8154b86dc0>), (1, <UCTagent.UCTAgent object at 0x7f8154b86e20>)]
0 MCCFR Agent(time=3, epsilon=0.6)
1 UCT Agent(time=3, exploration_constant=3)
2 UCT Agent(time=3, exploration_constant=3)
turn complete
12 UCT iterations in 3s
turn complete
14 UCT iterations in 3s
turn complete
turn complete
13 UCT iterations in 3s
turn complete
14 UCT iterations in 3s
turn complete
turn complete
18 UCT iterations in 3s
turn complete
19 UCT iterations in 3s
turn complete
turn complete
26 UCT iterations in 3s
turn complete
38 UCT iterations in 3s
turn complete
turn complete
242 UCT iterations in 3s
turn complete
708 UCT iterations in 3s
turn complete
Action sequence ---------------------------
<monastery, 0, (-1, 0), MONASTERY, 0>
<monastery, 0, (-1, 1), MONASTERY, 0>
<tri_road, 1, (0, -1), None, 0>
<city_tunnel, 1, (-1, 2), CITY, 0>
<monastery, 0, (1, -1), MONASTERY, 0>
<monastery_road, 3, (1, -2), MONASTERY, 0>
<city_cap_straight_road, 2, (0, 2), None, 0>
<tri_road, 2, (2, -2), None, 0>
<big_city, 0, (-2, 2), None, 0>
<city_cap_straight_road, 2, (0, 3), None, 0>
<tri_road, 3, (2, -1), None, 0>
<city_cap_straight_road, 2, (0, -2), None, 0>
<monastery, 0, (1, 2), None, 0>
<tri_road, 0, (2, 0), None, 0>
<monastery_road, 0, (1, 1), MONASTERY, 0>
-------------------------------------------
Cities:  4
Roads:  12
Farms:  9
Free Meeples:  [0, 0, 0]
SCORES:  [8, 14, 11]
TIMES: [15.678441047668457, 15.360496759414673, 15.47508454322815]
GAMES: [1.5, 4, 1.5]
[(2, <MCCFRagent.MCCFRAgent object at 0x7f8154b86d60>), (0, <UCTagent.UCTAgent object at 0x7f8154b86dc0>), (1, <UCTagent.UCTAgent object at 0x7f8154b86e20>)]
0 MCCFR Agent(time=3, epsilon=0.6)
1 UCT Agent(time=3, exploration_constant=3)
2 UCT Agent(time=3, exploration_constant=3)
turn complete
14 UCT iterations in 3s
turn complete
15 UCT iterations in 3s
turn complete
turn complete
15 UCT iterations in 3s
turn complete
17 UCT iterations in 3s
turn complete
turn complete
19 UCT iterations in 3s
turn complete
22 UCT iterations in 3s
turn complete
turn complete
31 UCT iterations in 3s
turn complete
47 UCT iterations in 3s
turn complete
turn complete
482 UCT iterations in 3s
turn complete
822 UCT iterations in 3s
turn complete
Action sequence ---------------------------
<monastery_road, 2, (-1, 0), None, 0>
<monastery, 0, (-2, 0), MONASTERY, 0>
<city_cap_straight_road, 2, (1, 0), CITY, 0>
<monastery, 0, (-2, 1), MONASTERY, 0>
<city_cap_straight_road, 0, (1, -1), FARM, 0>
<tri_road, 3, (1, 1), ROAD, 2>
<monastery_road, 0, (-1, 1), MONASTERY, 0>
<big_city, 0, (2, -1), None, 0>
<tri_road, 2, (-2, 2), None, 0>
<monastery, 0, (-3, 0), None, 0>
<tri_road, 2, (1, -2), None, 0>
<city_cap_straight_road, 2, (3, -1), CITY, 0>
<tri_road, 2, (-1, 2), None, 0>
<monastery, 0, (-1, -1), None, 0>
<city_tunnel, 0, (4, -1), CITY, 0>
-------------------------------------------
Cities:  3
Roads:  13
Farms:  12
Free Meeples:  [0, 0, 0]
SCORES:  [14, 9, 13]
TIMES: [15.511672973632812, 15.583111763000488, 15.509657144546509]
GAMES: [2.5, 4, 1.5]
[(2, <MCCFRagent.MCCFRAgent object at 0x7f8154b86d60>), (0, <UCTagent.UCTAgent object at 0x7f8154b86dc0>), (1, <UCTagent.UCTAgent object at 0x7f8154b86e20>)]
0 MCCFR Agent(time=3, epsilon=0.6)
1 UCT Agent(time=3, exploration_constant=3)
2 UCT Agent(time=3, exploration_constant=3)
turn complete
17 UCT iterations in 3s
turn complete
19 UCT iterations in 3s
turn complete
turn complete
24 UCT iterations in 3s
turn complete
26 UCT iterations in 3s
turn complete
turn complete
25 UCT iterations in 3s
turn complete
30 UCT iterations in 3s
turn complete
turn complete
44 UCT iterations in 3s
turn complete
305 UCT iterations in 3s
turn complete
turn complete
691 UCT iterations in 3s
turn complete
872 UCT iterations in 3s
turn complete
Action sequence ---------------------------
<tri_road, 2, (0, -1), None, 0>
<city_cap_straight_road, 3, (1, -1), CITY, 0>
<tri_road, 1, (-1, 0), ROAD, 2>
<tri_road, 0, (0, 1), ROAD, 2>
<city_tunnel, 1, (0, 2), None, 0>
<city_cap_straight_road, 1, (1, 1), ROAD, 0>
<monastery, 0, (0, -2), MONASTERY, 0>
<monastery, 0, (-1, -2), MONASTERY, 0>
<monastery_road, 0, (-1, -3), None, 0>
<city_cap_straight_road, 3, (-2, 0), None, 0>
<monastery_road, 1, (-2, -1), None, 0>
<tri_road, 2, (2, 1), None, 0>
<big_city, 0, (-1, 2), None, 0>
<monastery, 0, (-2, -2), None, 0>
<monastery, 0, (2, 0), MONASTERY, 0>
-------------------------------------------
Cities:  5
Roads:  12
Farms:  7
Free Meeples:  [0, 0, 0]
SCORES:  [6, 7, 8]
TIMES: [15.415722846984863, 15.412217140197754, 15.24243426322937]
GAMES: [2.5, 4, 2.5]
[(2, <MCCFRagent.MCCFRAgent object at 0x7f8154b86d60>), (0, <UCTagent.UCTAgent object at 0x7f8154b86dc0>), (1, <UCTagent.UCTAgent object at 0x7f8154b86e20>)]
0 MCCFR Agent(time=3, epsilon=0.6)
1 UCT Agent(time=3, exploration_constant=3)
2 UCT Agent(time=3, exploration_constant=3)
turn complete
13 UCT iterations in 3s
turn complete
15 UCT iterations in 3s
turn complete
turn complete
20 UCT iterations in 3s
turn complete
19 UCT iterations in 3s
turn complete
turn complete
32 UCT iterations in 3s
turn complete
35 UCT iterations in 3s
turn complete
turn complete
47 UCT iterations in 3s
turn complete
56 UCT iterations in 3s
turn complete
turn complete
686 UCT iterations in 3s
turn complete
991 UCT iterations in 3s
turn complete
Action sequence ---------------------------
<big_city, 0, (1, 0), None, 0>
<city_cap_straight_road, 2, (2, 0), CITY, 0>
<tri_road, 0, (0, 1), ROAD, 0>
<city_cap_straight_road, 1, (1, 1), FARM, 0>
<tri_road, 1, (2, -1), ROAD, 2>
<city_tunnel, 0, (3, 0), FARM, 1>
<city_cap_straight_road, 1, (-1, 1), ROAD, 0>
<tri_road, 3, (4, 0), None, 0>
<monastery_road, 3, (1, 2), None, 0>
<monastery, 0, (0, 2), None, 0>
<monastery_road, 1, (-1, 2), None, 0>
<monastery, 0, (1, 3), None, 0>
<monastery, 0, (-1, 3), None, 0>
<tri_road, 2, (2, 2), None, 0>
<monastery, 0, (-1, 4), None, 0>
-------------------------------------------
Cities:  3
Roads:  13
Farms:  10
Free Meeples:  [0, 0, 0]
SCORES:  [2, 7, 2]
TIMES: [15.40184760093689, 15.314233541488647, 15.331173181533813]
GAMES: [2.5, 5, 2.5]
--------------------------------------------
Average Points: [7.2, 8.6, 8.5]
Average Times: [15.549297785758972, 15.465288615226745, 15.42190477848053]
Average Game Duration: 46.66454222202301 seconds
--- THREAD 4 FINISHED ---
[<UCTagent.UCTAgent object at 0x7f8154b82d90>, <UCTagent.UCTAgent object at 0x7f8154b82e80>, <MCCFRagent.MCCFRAgent object at 0x7f8154b86760>]

--- Full Stats --------------
Total Points: [567, 525, 459]
Total Scores: [28.5, 19.5, 13.0]
