Process Process-1:
Traceback (most recent call last):
  File "/usr/lib64/python3.9/multiprocessing/process.py", line 315, in _bootstrap
    self.run()
  File "/usr/lib64/python3.9/multiprocessing/process.py", line 108, in run
    self._target(*self._args, **self._kwargs)
  File "/dcs/20/u2013334/Documents/CS310/carcassonepy/test.py", line 51, in simulate_games
    next_player.make_move(next_tile)
  File "/dcs/20/u2013334/Documents/CS310/carcassonepy/star1agenteval.py", line 164, in make_move
    _, action = self.minimax(self.game, next_tile, - inf, inf, depth, best_actions, start_time)
  File "/dcs/20/u2013334/Documents/CS310/carcassonepy/star1agenteval.py", line 72, in minimax
    val = self.star1(new_state, alpha, beta, depth - 1, best_actions, start_time)
  File "/dcs/20/u2013334/Documents/CS310/carcassonepy/star1agenteval.py", line 144, in star1
    val, _ = self.minimax(state, state.deck.get_tile_by_name(tile), ax, bx, depth, best_actions, start_time)
  File "/dcs/20/u2013334/Documents/CS310/carcassonepy/star1agenteval.py", line 101, in minimax
    val = self.star1(new_state, alpha, beta, depth - 1, best_actions, start_time)
  File "/dcs/20/u2013334/Documents/CS310/carcassonepy/star1agenteval.py", line 144, in star1
    val, _ = self.minimax(state, state.deck.get_tile_by_name(tile), ax, bx, depth, best_actions, start_time)
  File "/dcs/20/u2013334/Documents/CS310/carcassonepy/star1agenteval.py", line 90, in minimax
    return max_val, best_action
UnboundLocalError: local variable 'best_action' referenced before assignment
[(0, <star1agenteval.Star1AgentEval object at 0x7fbcfd87e700>), (1, <star1agentevalsave.Star1AgentEvalSave object at 0x7fbcfd87e6a0>)]
0 STAR1 EVAL Agent(time=30.0)
1 STAR1 EVAL SAVE Agent(time=30.0)
EXPECTIMAX entering depth 1
EXPECTIMAX entering depth 2
EXPECTIMAX entering depth 3
Process Process-2:
Traceback (most recent call last):
  File "/usr/lib64/python3.9/multiprocessing/process.py", line 315, in _bootstrap
    self.run()
  File "/usr/lib64/python3.9/multiprocessing/process.py", line 108, in run
    self._target(*self._args, **self._kwargs)
  File "/dcs/20/u2013334/Documents/CS310/carcassonepy/test.py", line 51, in simulate_games
    next_player.make_move(next_tile)
  File "/dcs/20/u2013334/Documents/CS310/carcassonepy/star1agenteval.py", line 164, in make_move
    _, action = self.minimax(self.game, next_tile, - inf, inf, depth, best_actions, start_time)
  File "/dcs/20/u2013334/Documents/CS310/carcassonepy/star1agenteval.py", line 72, in minimax
    val = self.star1(new_state, alpha, beta, depth - 1, best_actions, start_time)
  File "/dcs/20/u2013334/Documents/CS310/carcassonepy/star1agenteval.py", line 144, in star1
    val, _ = self.minimax(state, state.deck.get_tile_by_name(tile), ax, bx, depth, best_actions, start_time)
  File "/dcs/20/u2013334/Documents/CS310/carcassonepy/star1agenteval.py", line 117, in minimax
    return min_val, best_action
UnboundLocalError: local variable 'best_action' referenced before assignment
[(1, <star1agentevalsave.Star1AgentEvalSave object at 0x7fbcfd87e640>), (0, <star1agenteval.Star1AgentEval object at 0x7fbcfd87e5e0>)]
0 STAR1 EVAL SAVE Agent(time=30.0)
1 STAR1 EVAL Agent(time=30.0)
EXPECTIMAX entering depth 1
EXPECTIMAX entering depth 2
EXPECTIMAX entering depth 3
STAR out of time
STAR out of time
STAR out of time
STAR out of time
STAR out of time
STAR out of time
STAR out of time
STAR out of time
STAR out of time
STAR out of time
STAR out of time
STAR out of time
STAR out of time
STAR out of time
STAR out of time
STAR out of time
STAR out of time
STAR out of time
STAR out of time
STAR out of time
STAR out of time
STAR out of time
STAR out of time
STAR out of time
STAR out of time
STAR out of time
STAR out of time
STAR out of time
STAR out of time
STAR out of time
STAR out of time
STAR out of time
STAR out of time
STAR out of time
STAR out of time
STAR out of time
STAR out of time
STAR out of time
STAR out of time
STAR out of time
STAR out of time
STAR out of time
STAR out of time
STAR out of time
STAR out of time
STAR out of time
STAR out of time
STAR out of time
STAR out of time
STAR out of time
STAR out of time
STAR out of time
STAR out of time
STAR out of time
STAR out of time
STAR out of time
STAR out of time
STAR out of time
STAR out of time
STAR out of time
STAR out of time
STAR out of time
STAR out of time
STAR out of time
STAR out of time
STAR out of time
STAR out of time
STAR out of time
STAR out of time
STAR out of time
STAR out of time
STAR out of time
STAR out of time
STAR out of time
STAR out of time
STAR out of time
STAR out of time
STAR out of time
STAR out of time
STAR out of time
STAR out of time
STAR out of time
STAR out of time
STAR out of time
STAR out of time
STAR out of time
STAR out of time
STAR out of time
STAR out of time
STAR out of time
STAR out of time
STAR out of time
STAR out of time
STAR out of time
STAR out of time
STAR out of time
STAR out of time
STAR out of time
STAR out of time
STAR out of time
STAR out of time
STAR out of time
STAR out of time
STAR out of time
STAR out of time
STAR out of time
STAR out of time
STAR out of time
STAR out of time
STAR out of time
STAR out of time
STAR out of time
STAR out of time
STAR out of time
STAR out of time
STAR out of time
STAR out of time
STAR out of time
STAR out of time
STAR out of time
STAR out of time
STAR out of time
STAR out of time
STAR out of time
STAR out of time
STAR out of time
STAR out of time
STAR out of time
STAR out of time
STAR out of time
STAR out of time
STAR out of time
STAR out of time
STAR out of time
STAR out of time
STAR out of time
STAR out of time
STAR out of time
STAR out of time
STAR out of time
STAR out of time
STAR out of time
STAR out of time
STAR out of time
STAR out of time
STAR out of time
STAR out of time
STAR out of time
STAR out of time
STAR out of time
STAR out of time
STAR out of time
STAR out of time
STAR out of time
STAR out of time
STAR out of time
STAR out of time
STAR out of time
STAR out of time
STAR out of time
STAR out of time
STAR out of time
STAR out of time
STAR out of time
STAR out of time
STAR out of time
STAR out of time
STAR out of time
STAR out of time
STAR out of time
STAR out of time
STAR out of time
STAR out of time
STAR out of time
STAR out of time
STAR out of time
STAR out of time
STAR out of time
STAR out of time
STAR out of time
STAR out of time
STAR out of time
STAR out of time
STAR out of time
STAR out of time
STAR out of time
STAR out of time
STAR out of time
STAR out of time
STAR out of time
STAR out of time
STAR out of time
STAR out of time
STAR out of time
STAR out of time
STAR out of time
STAR out of time
STAR out of time
STAR out of time
STAR out of time
STAR out of time
STAR out of time
STAR out of time
STAR out of time
STAR out of time
STAR out of time
STAR out of time
STAR out of time
STAR out of time
STAR out of time
STAR out of time
STAR out of time
STAR out of time
STAR move: <monastery_road, 2, (0, -1), ROAD, 0>
turn complete
EXPECTIMAX entering depth 1
EXPECTIMAX entering depth 2
[<star1agenteval.Star1AgentEval object at 0x7fbcfd888fa0>, <star1agentevalsave.Star1AgentEvalSave object at 0x7fbcfd888fd0>]

--- Full Stats --------------
Total Points: [0, 0]
Total Scores: [0, 0]
