Process Process-1:
Traceback (most recent call last):
  File "/usr/lib64/python3.9/multiprocessing/process.py", line 315, in _bootstrap
    self.run()
  File "/usr/lib64/python3.9/multiprocessing/process.py", line 108, in run
    self._target(*self._args, **self._kwargs)
  File "/dcs/20/u2013334/Documents/CS310/carcassonepy/test.py", line 51, in simulate_games
    next_player.make_move(next_tile)
  File "/dcs/20/u2013334/Documents/CS310/carcassonepy/MCCFRagent.py", line 191, in make_move
    self.cfr_iteration(self.game, i, [1 for _ in range(self.game.player_count + 1)], 1, 1, next_tile)
  File "/dcs/20/u2013334/Documents/CS310/carcassonepy/MCCFRagent.py", line 151, in cfr_iteration
    terminal_utilities, terminal_reach_probability, sample_probability = self.cfr_iteration(next_state, iteration, list(reach_probabilities), terminal_reach_probability, sample_probability)
  File "/dcs/20/u2013334/Documents/CS310/carcassonepy/MCCFRagent.py", line 151, in cfr_iteration
    terminal_utilities, terminal_reach_probability, sample_probability = self.cfr_iteration(next_state, iteration, list(reach_probabilities), terminal_reach_probability, sample_probability)
  File "/dcs/20/u2013334/Documents/CS310/carcassonepy/MCCFRagent.py", line 151, in cfr_iteration
    terminal_utilities, terminal_reach_probability, sample_probability = self.cfr_iteration(next_state, iteration, list(reach_probabilities), terminal_reach_probability, sample_probability)
  [Previous line repeated 11 more times]
  File "/dcs/20/u2013334/Documents/CS310/carcassonepy/MCCFRagent.py", line 164, in cfr_iteration
    W = (terminal_utilities[current_state.current_player] * counterfactual_reach_probability) / sample_probability
ZeroDivisionError: float division by zero
[(0, <MCCFRagent.MCCFRAgent object at 0x7fdb2c3503d0>), (1, <star1agenteval.Star1AgentEval object at 0x7fdb2c350430>)]
0 MCCFR Agent(time=60.0, epsilon=4.0)
1 STAR1 EVAL Agent(time=30.0)
MCCFR MAKE MOVE IN 56.25 time
[(1, <star1agenteval.Star1AgentEval object at 0x7fdb2c350490>), (0, <MCCFRagent.MCCFRAgent object at 0x7fdb2c3504f0>)]
0 STAR1 EVAL Agent(time=30.0)
1 MCCFR Agent(time=60.0, epsilon=4.0)
EXPECTIMAX entering depth 1
EXPECTIMAX entering depth 2
EXPECTIMAX entering depth 3
STAR out of time
STAR out of time
STAR out of time
STAR out of time
STAR out of time
STAR out of time
STAR out of time
STAR out of time
STAR out of time
STAR out of time
STAR out of time
STAR out of time
STAR out of time
STAR out of time
STAR out of time
STAR out of time
STAR out of time
STAR out of time
STAR out of time
STAR out of time
STAR out of time
STAR out of time
STAR out of time
STAR out of time
STAR out of time
STAR out of time
STAR out of time
STAR out of time
STAR out of time
STAR out of time
STAR out of time
STAR out of time
STAR out of time
STAR out of time
STAR out of time
STAR out of time
STAR out of time
STAR out of time
STAR out of time
STAR out of time
STAR out of time
STAR out of time
STAR out of time
STAR out of time
STAR out of time
STAR out of time
STAR out of time
STAR out of time
STAR out of time
STAR out of time
STAR out of time
STAR out of time
STAR out of time
STAR out of time
STAR out of time
STAR out of time
STAR out of time
STAR out of time
STAR out of time
STAR out of time
STAR out of time
STAR out of time
STAR out of time
STAR out of time
STAR out of time
STAR out of time
STAR out of time
STAR out of time
STAR out of time
STAR out of time
STAR out of time
STAR out of time
STAR out of time
STAR out of time
STAR out of time
STAR out of time
STAR out of time
STAR out of time
STAR out of time
STAR out of time
STAR out of time
STAR out of time
STAR out of time
STAR out of time
STAR out of time
STAR out of time
STAR out of time
STAR out of time
STAR out of time
STAR out of time
STAR out of time
STAR out of time
STAR out of time
STAR out of time
STAR out of time
STAR out of time
STAR out of time
STAR out of time
STAR out of time
STAR out of time
STAR out of time
STAR out of time
STAR out of time
STAR out of time
STAR out of time
STAR out of time
STAR out of time
STAR out of time
STAR out of time
STAR out of time
STAR out of time
STAR out of time
STAR out of time
STAR out of time
STAR out of time
STAR out of time
STAR out of time
STAR out of time
STAR out of time
STAR out of time
STAR out of time
STAR out of time
STAR out of time
STAR out of time
STAR out of time
STAR out of time
STAR out of time
STAR out of time
STAR out of time
STAR out of time
STAR out of time
STAR out of time
STAR out of time
STAR out of time
STAR out of time
STAR out of time
STAR out of time
STAR out of time
STAR out of time
STAR out of time
STAR out of time
STAR out of time
STAR out of time
STAR out of time
STAR out of time
STAR out of time
STAR out of time
STAR out of time
STAR out of time
STAR out of time
STAR out of time
STAR out of time
STAR out of time
STAR out of time
STAR out of time
STAR out of time
STAR out of time
STAR out of time
STAR out of time
STAR out of time
STAR out of time
STAR out of time
STAR out of time
STAR out of time
STAR out of time
STAR out of time
STAR out of time
STAR out of time
STAR out of time
STAR out of time
STAR out of time
STAR out of time
STAR out of time
STAR out of time
STAR out of time
STAR out of time
STAR out of time
STAR out of time
STAR out of time
STAR out of time
STAR out of time
STAR out of time
STAR out of time
STAR out of time
STAR out of time
STAR out of time
STAR out of time
STAR out of time
STAR out of time
STAR out of time
STAR out of time
STAR out of time
STAR out of time
STAR out of time
STAR out of time
STAR out of time
STAR out of time
STAR out of time
STAR out of time
STAR out of time
STAR out of time
STAR out of time
STAR out of time
STAR out of time
STAR out of time
STAR out of time
STAR out of time
STAR out of time
STAR out of time
STAR out of time
STAR out of time
STAR out of time
STAR out of time
STAR out of time
STAR out of time
STAR out of time
STAR out of time
STAR out of time
STAR out of time
STAR out of time
STAR out of time
STAR out of time
STAR out of time
STAR out of time
STAR out of time
STAR out of time
STAR out of time
STAR out of time
STAR out of time
STAR out of time
STAR out of time
STAR out of time
STAR out of time
STAR out of time
STAR out of time
STAR out of time
STAR out of time
STAR out of time
STAR out of time
STAR out of time
STAR out of time
STAR out of time
STAR out of time
STAR out of time
STAR out of time
STAR out of time
STAR out of time
STAR out of time
STAR out of time
STAR out of time
STAR out of time
STAR out of time
STAR out of time
STAR out of time
STAR out of time
STAR out of time
STAR out of time
STAR out of time
STAR out of time
STAR out of time
STAR out of time
STAR out of time
STAR out of time
STAR out of time
STAR out of time
STAR out of time
STAR out of time
STAR out of time
STAR out of time
STAR out of time
STAR out of time
STAR out of time
STAR out of time
STAR out of time
STAR out of time
STAR out of time
STAR out of time
STAR out of time
STAR out of time
STAR out of time
STAR out of time
STAR out of time
STAR out of time
STAR out of time
STAR out of time
STAR out of time
STAR out of time
STAR out of time
STAR out of time
STAR out of time
STAR out of time
STAR out of time
STAR out of time
STAR out of time
STAR out of time
STAR out of time
STAR move: <tri_road, 0, (0, 1), ROAD, 1>
turn complete
MCCFR MAKE MOVE IN 52.5 time
turn complete
EXPECTIMAX entering depth 1
EXPECTIMAX entering depth 2
EXPECTIMAX entering depth 3
STAR out of time
STAR out of time
STAR out of time
STAR out of time
STAR out of time
STAR out of time
STAR out of time
STAR out of time
STAR out of time
STAR out of time
STAR out of time
STAR out of time
STAR out of time
STAR out of time
STAR out of time
STAR out of time
STAR out of time
STAR out of time
STAR out of time
STAR out of time
STAR out of time
STAR out of time
STAR out of time
STAR out of time
STAR out of time
STAR out of time
STAR out of time
STAR out of time
STAR out of time
STAR out of time
STAR out of time
STAR out of time
STAR out of time
STAR out of time
STAR out of time
STAR out of time
STAR out of time
STAR out of time
STAR out of time
STAR out of time
STAR out of time
STAR out of time
STAR out of time
STAR out of time
STAR out of time
STAR out of time
STAR out of time
STAR out of time
STAR out of time
STAR out of time
STAR out of time
STAR out of time
STAR out of time
STAR out of time
STAR out of time
STAR out of time
STAR out of time
STAR out of time
STAR out of time
STAR out of time
STAR out of time
STAR out of time
STAR out of time
STAR out of time
STAR out of time
STAR out of time
STAR out of time
STAR out of time
STAR out of time
STAR out of time
STAR out of time
STAR out of time
STAR out of time
STAR out of time
STAR out of time
STAR out of time
STAR out of time
STAR out of time
STAR out of time
STAR out of time
STAR out of time
STAR out of time
STAR out of time
STAR out of time
STAR out of time
STAR out of time
STAR out of time
STAR out of time
STAR out of time
STAR out of time
STAR out of time
STAR out of time
STAR out of time
STAR out of time
STAR out of time
STAR out of time
STAR out of time
STAR out of time
STAR out of time
STAR out of time
STAR out of time
STAR out of time
STAR out of time
STAR out of time
STAR out of time
STAR out of time
STAR out of time
STAR out of time
STAR out of time
STAR out of time
STAR out of time
STAR out of time
STAR out of time
STAR out of time
STAR out of time
STAR out of time
STAR out of time
STAR out of time
STAR out of time
STAR out of time
STAR out of time
STAR out of time
STAR out of time
STAR out of time
STAR out of time
STAR out of time
STAR out of time
STAR out of time
STAR out of time
STAR out of time
STAR out of time
STAR out of time
STAR out of time
STAR out of time
STAR out of time
STAR out of time
STAR out of time
STAR out of time
STAR out of time
STAR out of time
STAR out of time
STAR out of time
STAR out of time
STAR out of time
STAR out of time
STAR out of time
STAR out of time
STAR out of time
STAR out of time
STAR out of time
STAR out of time
STAR out of time
STAR out of time
STAR out of time
STAR out of time
STAR out of time
STAR out of time
STAR out of time
STAR out of time
STAR out of time
STAR out of time
STAR out of time
STAR out of time
STAR out of time
STAR out of time
STAR out of time
STAR out of time
STAR out of time
STAR out of time
STAR out of time
STAR out of time
STAR out of time
STAR out of time
STAR out of time
STAR out of time
STAR out of time
STAR out of time
STAR out of time
STAR out of time
STAR out of time
STAR out of time
STAR out of time
STAR out of time
STAR out of time
STAR out of time
STAR out of time
STAR out of time
STAR out of time
STAR out of time
STAR out of time
STAR out of time
STAR out of time
STAR out of time
STAR out of time
STAR out of time
STAR out of time
STAR out of time
STAR out of time
STAR out of time
STAR out of time
STAR out of time
STAR out of time
STAR out of time
STAR out of time
STAR out of time
STAR out of time
STAR out of time
STAR out of time
STAR out of time
STAR out of time
STAR out of time
STAR out of time
STAR out of time
STAR out of time
STAR out of time
STAR out of time
STAR out of time
STAR out of time
STAR out of time
STAR out of time
STAR out of time
STAR out of time
STAR out of time
STAR out of time
STAR out of time
STAR out of time
STAR out of time
STAR out of time
STAR out of time
STAR out of time
STAR out of time
STAR out of time
STAR out of time
STAR out of time
STAR out of time
STAR out of time
STAR out of time
STAR out of time
STAR out of time
STAR out of time
STAR out of time
STAR out of time
STAR out of time
STAR out of time
STAR out of time
STAR out of time
STAR out of time
STAR out of time
STAR out of time
STAR out of time
STAR out of time
STAR out of time
STAR out of time
STAR out of time
STAR out of time
STAR out of time
STAR out of time
STAR out of time
STAR out of time
STAR out of time
STAR out of time
STAR out of time
STAR out of time
STAR out of time
STAR out of time
STAR out of time
STAR out of time
STAR move: <city_cap_straight_road, 2, (1, 0), CITY, 0>
turn complete
MCCFR MAKE MOVE IN 45.0 time
turn complete
EXPECTIMAX entering depth 1
EXPECTIMAX entering depth 2
EXPECTIMAX entering depth 3
STAR out of time
STAR out of time
STAR out of time
STAR out of time
STAR out of time
STAR out of time
STAR out of time
STAR out of time
STAR out of time
STAR out of time
STAR out of time
STAR out of time
STAR out of time
STAR out of time
STAR out of time
STAR out of time
STAR out of time
STAR out of time
STAR out of time
STAR out of time
STAR out of time
STAR out of time
STAR out of time
STAR out of time
STAR out of time
STAR out of time
STAR out of time
STAR out of time
STAR out of time
STAR out of time
STAR out of time
STAR out of time
STAR out of time
STAR out of time
STAR out of time
STAR out of time
STAR out of time
STAR out of time
STAR out of time
STAR out of time
STAR out of time
STAR out of time
STAR out of time
STAR out of time
STAR out of time
STAR out of time
STAR out of time
STAR out of time
STAR out of time
STAR out of time
STAR out of time
STAR out of time
STAR out of time
STAR out of time
STAR out of time
STAR out of time
STAR out of time
STAR out of time
STAR out of time
STAR out of time
STAR out of time
STAR out of time
STAR out of time
STAR out of time
STAR out of time
STAR out of time
STAR out of time
STAR out of time
STAR out of time
STAR out of time
STAR out of time
STAR out of time
STAR out of time
STAR out of time
STAR out of time
STAR out of time
STAR out of time
STAR out of time
STAR out of time
STAR out of time
STAR out of time
STAR out of time
STAR out of time
STAR out of time
STAR out of time
STAR out of time
STAR out of time
STAR out of time
STAR out of time
STAR out of time
STAR out of time
STAR out of time
STAR out of time
STAR out of time
STAR out of time
STAR out of time
STAR out of time
STAR out of time
STAR out of time
STAR out of time
STAR out of time
STAR out of time
STAR out of time
STAR out of time
STAR out of time
STAR out of time
STAR out of time
STAR out of time
STAR out of time
STAR out of time
STAR out of time
STAR out of time
STAR out of time
STAR out of time
STAR out of time
STAR out of time
STAR out of time
STAR out of time
STAR out of time
STAR out of time
STAR out of time
STAR out of time
STAR out of time
STAR out of time
STAR out of time
STAR out of time
STAR out of time
STAR out of time
STAR out of time
STAR out of time
STAR out of time
STAR out of time
STAR out of time
STAR out of time
STAR out of time
STAR out of time
STAR out of time
STAR out of time
STAR out of time
STAR out of time
STAR out of time
STAR out of time
STAR out of time
STAR out of time
STAR out of time
STAR out of time
STAR out of time
STAR out of time
STAR out of time
STAR out of time
STAR out of time
STAR out of time
STAR out of time
STAR out of time
STAR out of time
STAR out of time
STAR out of time
STAR out of time
STAR out of time
STAR out of time
STAR out of time
STAR out of time
STAR out of time
STAR out of time
STAR out of time
STAR out of time
STAR out of time
STAR out of time
STAR out of time
STAR out of time
STAR out of time
STAR out of time
STAR out of time
STAR out of time
STAR out of time
STAR out of time
STAR out of time
STAR out of time
STAR out of time
STAR out of time
STAR out of time
STAR out of time
STAR out of time
STAR out of time
STAR out of time
STAR out of time
STAR out of time
STAR out of time
STAR out of time
STAR out of time
STAR out of time
STAR out of time
STAR out of time
STAR out of time
STAR out of time
STAR out of time
STAR out of time
STAR out of time
STAR out of time
STAR out of time
STAR out of time
STAR out of time
STAR out of time
STAR out of time
STAR out of time
STAR out of time
STAR out of time
STAR out of time
STAR out of time
STAR out of time
STAR out of time
STAR out of time
STAR out of time
STAR out of time
STAR out of time
STAR out of time
STAR out of time
STAR out of time
STAR out of time
STAR out of time
STAR out of time
STAR out of time
STAR out of time
STAR out of time
STAR out of time
STAR out of time
STAR out of time
STAR out of time
STAR out of time
STAR out of time
STAR out of time
STAR out of time
STAR out of time
STAR out of time
STAR out of time
STAR out of time
STAR out of time
STAR out of time
STAR out of time
STAR out of time
STAR out of time
STAR out of time
STAR out of time
STAR out of time
STAR out of time
STAR out of time
STAR out of time
STAR out of time
STAR out of time
STAR out of time
STAR out of time
STAR out of time
STAR out of time
STAR out of time
STAR out of time
STAR out of time
STAR out of time
STAR out of time
STAR out of time
STAR out of time
STAR out of time
STAR out of time
STAR out of time
STAR out of time
STAR out of time
STAR out of time
STAR out of time
STAR out of time
STAR out of time
STAR out of time
STAR out of time
STAR out of time
STAR out of time
STAR out of time
STAR out of time
STAR out of time
STAR out of time
STAR out of time
STAR out of time
STAR out of time
STAR out of time
STAR out of time
STAR out of time
STAR out of time
STAR out of time
STAR out of time
STAR out of time
STAR out of time
STAR out of time
STAR out of time
STAR out of time
STAR out of time
STAR out of time
STAR out of time
STAR out of time
STAR out of time
STAR out of time
STAR out of time
STAR out of time
STAR out of time
STAR out of time
STAR out of time
STAR out of time
STAR out of time
STAR out of time
STAR out of time
STAR out of time
STAR out of time
STAR out of time
STAR out of time
STAR out of time
STAR out of time
STAR out of time
STAR out of time
STAR out of time
STAR out of time
STAR out of time
STAR out of time
STAR out of time
STAR out of time
STAR out of time
STAR out of time
STAR out of time
STAR out of time
STAR out of time
STAR out of time
STAR out of time
STAR out of time
STAR out of time
STAR out of time
STAR out of time
STAR out of time
STAR move: <monastery, 0, (1, 2), None, 0>
turn complete
MCCFR MAKE MOVE IN 33.75 time
turn complete
EXPECTIMAX entering depth 1
EXPECTIMAX entering depth 2
STAR out of time
STAR out of time
STAR out of time
STAR out of time
STAR out of time
STAR out of time
STAR out of time
STAR out of time
STAR out of time
STAR out of time
STAR out of time
STAR out of time
STAR out of time
STAR out of time
STAR out of time
STAR out of time
STAR out of time
STAR out of time
STAR out of time
STAR out of time
STAR out of time
STAR out of time
STAR out of time
STAR out of time
STAR out of time
STAR out of time
STAR out of time
STAR out of time
STAR out of time
STAR out of time
STAR out of time
STAR out of time
STAR out of time
STAR out of time
STAR out of time
STAR out of time
STAR out of time
STAR out of time
STAR out of time
STAR out of time
STAR out of time
STAR move: <city_cap_straight_road, 0, (0, -1), FARM, 1>
turn complete
MCCFR MAKE MOVE IN 26.25 time
turn complete
EXPECTIMAX entering depth 1
EXPECTIMAX entering depth 2
EXPECTIMAX entering depth 3
STAR out of time
STAR out of time
STAR out of time
STAR out of time
STAR out of time
STAR out of time
STAR out of time
STAR out of time
STAR out of time
STAR out of time
STAR out of time
STAR out of time
STAR out of time
STAR out of time
STAR out of time
STAR out of time
STAR out of time
STAR out of time
STAR out of time
STAR out of time
STAR out of time
STAR out of time
STAR out of time
STAR out of time
STAR out of time
STAR out of time
STAR out of time
STAR out of time
STAR out of time
STAR out of time
STAR out of time
STAR out of time
STAR out of time
STAR out of time
STAR out of time
STAR out of time
STAR out of time
STAR out of time
STAR out of time
STAR out of time
STAR out of time
STAR out of time
STAR out of time
STAR out of time
STAR out of time
STAR out of time
STAR out of time
STAR out of time
STAR out of time
STAR out of time
STAR out of time
STAR out of time
STAR out of time
STAR out of time
STAR out of time
STAR out of time
STAR out of time
STAR out of time
STAR out of time
STAR out of time
STAR out of time
STAR out of time
STAR out of time
STAR out of time
STAR out of time
STAR out of time
STAR out of time
STAR out of time
STAR out of time
STAR out of time
STAR out of time
STAR out of time
STAR out of time
STAR out of time
STAR move: <tri_road, 1, (0, -2), None, 0>
turn complete
MCCFR MAKE MOVE IN 18.75 time
turn complete
EXPECTIMAX entering depth 1
EXPECTIMAX entering depth 2
EXPECTIMAX entering depth 3
STAR out of time
STAR out of time
STAR out of time
STAR out of time
STAR out of time
STAR out of time
STAR out of time
STAR out of time
STAR out of time
STAR out of time
STAR out of time
STAR out of time
STAR out of time
STAR out of time
STAR out of time
STAR out of time
STAR out of time
STAR out of time
STAR out of time
STAR out of time
STAR out of time
STAR out of time
STAR out of time
STAR out of time
STAR out of time
STAR out of time
STAR out of time
STAR out of time
STAR out of time
STAR out of time
STAR out of time
STAR out of time
STAR out of time
STAR out of time
STAR out of time
STAR out of time
STAR out of time
STAR out of time
STAR out of time
STAR out of time
STAR out of time
STAR out of time
STAR out of time
STAR out of time
STAR out of time
STAR out of time
STAR out of time
STAR out of time
STAR out of time
STAR out of time
STAR out of time
STAR out of time
STAR out of time
STAR out of time
STAR out of time
STAR out of time
STAR out of time
STAR out of time
STAR out of time
STAR out of time
STAR out of time
STAR out of time
STAR out of time
STAR out of time
STAR out of time
STAR out of time
STAR out of time
STAR out of time
STAR out of time
STAR out of time
STAR out of time
STAR out of time
STAR out of time
STAR out of time
STAR out of time
STAR out of time
STAR out of time
STAR out of time
STAR out of time
STAR out of time
STAR out of time
STAR out of time
STAR out of time
STAR out of time
STAR out of time
STAR out of time
STAR out of time
STAR out of time
STAR out of time
STAR out of time
STAR out of time
STAR out of time
STAR out of time
STAR out of time
STAR out of time
STAR out of time
STAR out of time
STAR out of time
STAR out of time
STAR out of time
STAR out of time
STAR out of time
STAR out of time
STAR out of time
STAR out of time
STAR out of time
STAR out of time
STAR out of time
STAR out of time
STAR out of time
STAR out of time
STAR out of time
STAR out of time
STAR out of time
STAR out of time
STAR out of time
STAR out of time
STAR out of time
STAR out of time
STAR out of time
STAR out of time
STAR out of time
STAR out of time
STAR out of time
STAR out of time
STAR out of time
STAR out of time
STAR out of time
STAR out of time
STAR out of time
STAR out of time
STAR out of time
STAR out of time
STAR out of time
STAR out of time
STAR out of time
STAR out of time
STAR out of time
STAR out of time
STAR out of time
STAR out of time
STAR out of time
STAR out of time
STAR out of time
STAR out of time
STAR out of time
STAR out of time
STAR out of time
STAR out of time
STAR out of time
STAR out of time
STAR out of time
STAR out of time
STAR out of time
STAR out of time
STAR out of time
STAR out of time
STAR out of time
STAR out of time
STAR out of time
STAR move: <tri_road, 1, (-1, 0), ROAD, 2>
turn complete
MCCFR MAKE MOVE IN 11.25 time
turn complete
EXPECTIMAX entering depth 1
EXPECTIMAX entering depth 2
EXPECTIMAX entering depth 3
EXPECTIMAX entering depth 4
EXPECTIMAX entering depth 5
EXPECTIMAX entering depth 6
EXPECTIMAX entering depth 7
EXPECTIMAX entering depth 8
EXPECTIMAX entering depth 9
EXPECTIMAX entering depth 10
EXPECTIMAX entering depth 11
EXPECTIMAX entering depth 12
EXPECTIMAX entering depth 13
EXPECTIMAX entering depth 14
EXPECTIMAX entering depth 15
STAR out of time
STAR out of time
STAR out of time
STAR out of time
STAR out of time
STAR out of time
STAR out of time
STAR out of time
STAR out of time
STAR out of time
STAR out of time
STAR out of time
STAR out of time
STAR out of time
STAR out of time
STAR out of time
STAR out of time
STAR out of time
STAR out of time
STAR out of time
STAR out of time
STAR out of time
STAR out of time
STAR out of time
STAR out of time
STAR out of time
STAR out of time
STAR out of time
STAR out of time
STAR out of time
STAR out of time
STAR out of time
STAR out of time
STAR out of time
STAR out of time
STAR out of time
STAR out of time
STAR out of time
STAR out of time
STAR out of time
STAR out of time
STAR out of time
STAR out of time
STAR out of time
STAR out of time
STAR out of time
STAR out of time
STAR out of time
STAR out of time
STAR out of time
STAR out of time
STAR out of time
STAR out of time
STAR out of time
STAR out of time
STAR out of time
STAR out of time
STAR out of time
STAR out of time
STAR out of time
STAR out of time
STAR out of time
STAR out of time
STAR out of time
STAR out of time
STAR out of time
STAR out of time
STAR out of time
STAR out of time
STAR out of time
STAR out of time
STAR out of time
STAR out of time
STAR out of time
STAR out of time
STAR out of time
STAR out of time
STAR out of time
STAR out of time
STAR out of time
STAR out of time
STAR out of time
STAR out of time
STAR out of time
STAR out of time
STAR out of time
STAR out of time
STAR out of time
STAR out of time
STAR out of time
STAR out of time
STAR out of time
STAR out of time
STAR out of time
STAR out of time
STAR out of time
STAR out of time
STAR out of time
STAR out of time
STAR out of time
STAR out of time
STAR out of time
STAR move: <city_cap_straight_road, 1, (-2, 0), ROAD, 0>
turn complete
MCCFR MAKE MOVE IN 3.75 time
turn complete
Action sequence ---------------------------
<tri_road, 0, (0, 1), ROAD, 1>
<monastery, 0, (0, 2), None, 0>
<city_cap_straight_road, 2, (1, 0), CITY, 0>
<monastery_road, 3, (2, 0), None, 0>
<monastery, 0, (1, 2), None, 0>
<monastery, 0, (2, 1), MONASTERY, 0>
<city_cap_straight_road, 0, (0, -1), FARM, 1>
<tri_road, 0, (-1, 1), FARM, 0>
<tri_road, 1, (0, -2), None, 0>
<city_tunnel, 1, (2, -1), None, 0>
<tri_road, 1, (-1, 0), ROAD, 2>
<monastery, 0, (2, 2), None, 0>
<city_cap_straight_road, 1, (-2, 0), ROAD, 0>
<monastery_road, 3, (1, -2), None, 0>
-------------------------------------------
Cities:  4
Roads:  12
Farms:  8
Free Meeples:  [0, 0]
SCORES:  [15, 5]
TIMES: [213.385395526886, 191.5738079547882]
GAMES: [1, 0]
[(1, <star1agenteval.Star1AgentEval object at 0x7fdb2c350490>), (0, <MCCFRagent.MCCFRAgent object at 0x7fdb2c3504f0>)]
0 STAR1 EVAL Agent(time=30.0)
1 MCCFR Agent(time=60.0, epsilon=4.0)
EXPECTIMAX entering depth 1
EXPECTIMAX entering depth 2
EXPECTIMAX entering depth 3
STAR out of time
STAR out of time
STAR out of time
STAR out of time
STAR out of time
STAR out of time
STAR out of time
STAR out of time
STAR out of time
STAR out of time
STAR out of time
STAR out of time
STAR out of time
STAR out of time
STAR out of time
STAR out of time
STAR out of time
STAR out of time
STAR out of time
STAR out of time
STAR out of time
STAR out of time
STAR out of time
STAR out of time
STAR out of time
STAR out of time
STAR out of time
STAR out of time
STAR out of time
STAR out of time
STAR out of time
STAR out of time
STAR out of time
STAR out of time
STAR out of time
STAR out of time
STAR out of time
STAR out of time
STAR out of time
STAR out of time
STAR out of time
STAR out of time
STAR out of time
STAR out of time
STAR out of time
STAR out of time
STAR out of time
STAR out of time
STAR out of time
STAR out of time
STAR out of time
STAR out of time
STAR out of time
STAR out of time
STAR out of time
STAR out of time
STAR out of time
STAR out of time
STAR out of time
STAR out of time
STAR out of time
STAR out of time
STAR out of time
STAR out of time
STAR out of time
STAR out of time
STAR out of time
STAR out of time
STAR out of time
STAR out of time
STAR out of time
STAR out of time
STAR out of time
STAR out of time
STAR out of time
STAR out of time
STAR out of time
STAR out of time
STAR out of time
STAR out of time
STAR out of time
STAR out of time
STAR out of time
STAR out of time
STAR out of time
STAR out of time
STAR out of time
STAR out of time
STAR out of time
STAR out of time
STAR out of time
STAR out of time
STAR out of time
STAR out of time
STAR out of time
STAR out of time
STAR out of time
STAR out of time
STAR out of time
STAR out of time
STAR out of time
STAR out of time
STAR out of time
STAR out of time
STAR out of time
STAR out of time
STAR out of time
STAR out of time
STAR out of time
STAR out of time
STAR out of time
STAR out of time
STAR out of time
STAR out of time
STAR out of time
STAR out of time
STAR out of time
STAR out of time
STAR out of time
STAR out of time
STAR out of time
STAR out of time
STAR out of time
STAR out of time
STAR out of time
STAR out of time
STAR out of time
STAR out of time
STAR out of time
STAR out of time
STAR out of time
STAR out of time
STAR out of time
STAR out of time
STAR out of time
STAR out of time
STAR out of time
STAR out of time
STAR out of time
STAR out of time
STAR out of time
STAR out of time
STAR out of time
STAR out of time
STAR out of time
STAR out of time
STAR out of time
STAR out of time
STAR out of time
STAR out of time
STAR out of time
STAR out of time
STAR out of time
STAR out of time
STAR out of time
STAR out of time
STAR out of time
STAR out of time
STAR out of time
STAR out of time
STAR out of time
STAR out of time
STAR out of time
STAR out of time
STAR out of time
STAR out of time
STAR out of time
STAR out of time
STAR out of time
STAR out of time
STAR out of time
STAR out of time
STAR out of time
STAR out of time
STAR out of time
STAR out of time
STAR out of time
STAR out of time
STAR out of time
STAR out of time
STAR out of time
STAR out of time
STAR out of time
STAR out of time
STAR out of time
STAR out of time
STAR out of time
STAR out of time
STAR out of time
STAR out of time
STAR out of time
STAR out of time
STAR out of time
STAR out of time
STAR out of time
STAR out of time
STAR out of time
STAR out of time
STAR out of time
STAR out of time
STAR out of time
STAR out of time
STAR out of time
STAR out of time
STAR out of time
STAR out of time
STAR out of time
STAR out of time
STAR out of time
STAR out of time
STAR out of time
STAR out of time
STAR out of time
STAR out of time
STAR out of time
STAR out of time
STAR out of time
STAR out of time
STAR out of time
STAR out of time
STAR out of time
STAR out of time
STAR out of time
STAR out of time
STAR out of time
STAR out of time
STAR out of time
STAR out of time
STAR out of time
STAR out of time
STAR out of time
STAR out of time
STAR out of time
STAR out of time
STAR out of time
STAR out of time
STAR out of time
STAR out of time
STAR out of time
STAR out of time
STAR out of time
STAR out of time
STAR out of time
STAR out of time
STAR out of time
STAR move: <monastery_road, 0, (0, 1), MONASTERY, 0>
turn complete
MCCFR MAKE MOVE IN 52.5 time
turn complete
EXPECTIMAX entering depth 1
EXPECTIMAX entering depth 2
EXPECTIMAX entering depth 3
STAR out of time
STAR out of time
STAR out of time
STAR out of time
STAR out of time
STAR out of time
STAR out of time
STAR out of time
STAR out of time
STAR out of time
STAR out of time
STAR out of time
STAR out of time
STAR out of time
STAR out of time
STAR out of time
STAR out of time
STAR out of time
STAR out of time
STAR out of time
STAR out of time
STAR out of time
STAR out of time
STAR out of time
STAR out of time
STAR out of time
STAR out of time
STAR out of time
STAR out of time
STAR out of time
STAR out of time
STAR out of time
STAR out of time
STAR out of time
STAR out of time
STAR out of time
STAR out of time
STAR out of time
STAR out of time
STAR out of time
STAR out of time
STAR out of time
STAR out of time
STAR out of time
STAR out of time
STAR out of time
STAR out of time
STAR out of time
STAR out of time
STAR out of time
STAR out of time
STAR out of time
STAR out of time
STAR out of time
STAR out of time
STAR out of time
STAR out of time
STAR out of time
STAR out of time
STAR out of time
STAR out of time
STAR out of time
STAR out of time
STAR out of time
STAR out of time
STAR out of time
STAR out of time
STAR out of time
STAR out of time
STAR out of time
STAR out of time
STAR out of time
STAR out of time
STAR out of time
STAR out of time
STAR out of time
STAR out of time
STAR out of time
STAR out of time
STAR out of time
STAR out of time
STAR out of time
STAR out of time
STAR out of time
STAR out of time
STAR out of time
STAR out of time
STAR out of time
STAR out of time
STAR out of time
STAR out of time
STAR out of time
STAR out of time
STAR out of time
STAR out of time
STAR out of time
STAR out of time
STAR out of time
STAR out of time
STAR out of time
STAR out of time
STAR out of time
STAR out of time
STAR out of time
STAR out of time
STAR out of time
STAR out of time
STAR out of time
STAR out of time
STAR out of time
STAR out of time
STAR out of time
STAR out of time
STAR out of time
STAR out of time
STAR out of time
STAR out of time
STAR out of time
STAR out of time
STAR out of time
STAR out of time
STAR out of time
STAR out of time
STAR out of time
STAR out of time
STAR out of time
STAR out of time
STAR out of time
STAR out of time
STAR out of time
STAR out of time
STAR out of time
STAR out of time
STAR out of time
STAR out of time
STAR out of time
STAR out of time
STAR out of time
STAR out of time
STAR out of time
STAR out of time
STAR out of time
STAR out of time
STAR out of time
STAR out of time
STAR out of time
STAR out of time
STAR out of time
STAR out of time
STAR out of time
STAR out of time
STAR out of time
STAR out of time
STAR out of time
STAR out of time
STAR out of time
STAR out of time
STAR out of time
STAR out of time
STAR out of time
STAR out of time
STAR out of time
STAR out of time
STAR out of time
STAR out of time
STAR out of time
STAR out of time
STAR out of time
STAR out of time
STAR out of time
STAR out of time
STAR out of time
STAR out of time
STAR out of time
STAR out of time
STAR out of time
STAR out of time
STAR out of time
STAR out of time
STAR out of time
STAR out of time
STAR out of time
STAR out of time
STAR out of time
STAR out of time
STAR out of time
STAR out of time
STAR out of time
STAR out of time
STAR out of time
STAR out of time
STAR out of time
STAR out of time
STAR out of time
STAR out of time
STAR out of time
STAR out of time
STAR out of time
STAR out of time
STAR out of time
STAR out of time
STAR out of time
STAR out of time
STAR out of time
STAR out of time
STAR out of time
STAR out of time
STAR out of time
STAR out of time
STAR out of time
STAR out of time
STAR out of time
STAR out of time
STAR out of time
STAR out of time
STAR out of time
STAR out of time
STAR out of time
STAR out of time
STAR out of time
STAR out of time
STAR out of time
STAR out of time
STAR out of time
STAR out of time
STAR out of time
STAR out of time
STAR out of time
STAR out of time
STAR out of time
STAR out of time
STAR out of time
Process Process-2:
Traceback (most recent call last):
  File "/usr/lib64/python3.9/multiprocessing/process.py", line 315, in _bootstrap
    self.run()
  File "/usr/lib64/python3.9/multiprocessing/process.py", line 108, in run
    self._target(*self._args, **self._kwargs)
  File "/dcs/20/u2013334/Documents/CS310/carcassonepy/test.py", line 51, in simulate_games
    next_player.make_move(next_tile)
  File "/dcs/20/u2013334/Documents/CS310/carcassonepy/MCCFRagent.py", line 191, in make_move
    self.cfr_iteration(self.game, i, [1 for _ in range(self.game.player_count + 1)], 1, 1, next_tile)
  File "/dcs/20/u2013334/Documents/CS310/carcassonepy/MCCFRagent.py", line 151, in cfr_iteration
    terminal_utilities, terminal_reach_probability, sample_probability = self.cfr_iteration(next_state, iteration, list(reach_probabilities), terminal_reach_probability, sample_probability)
  File "/dcs/20/u2013334/Documents/CS310/carcassonepy/MCCFRagent.py", line 151, in cfr_iteration
    terminal_utilities, terminal_reach_probability, sample_probability = self.cfr_iteration(next_state, iteration, list(reach_probabilities), terminal_reach_probability, sample_probability)
  File "/dcs/20/u2013334/Documents/CS310/carcassonepy/MCCFRagent.py", line 151, in cfr_iteration
    terminal_utilities, terminal_reach_probability, sample_probability = self.cfr_iteration(next_state, iteration, list(reach_probabilities), terminal_reach_probability, sample_probability)
  [Previous line repeated 6 more times]
  File "/dcs/20/u2013334/Documents/CS310/carcassonepy/MCCFRagent.py", line 164, in cfr_iteration
    W = (terminal_utilities[current_state.current_player] * counterfactual_reach_probability) / sample_probability
ZeroDivisionError: float division by zero
STAR out of time
STAR out of time
STAR out of time
STAR out of time
STAR out of time
STAR out of time
STAR out of time
STAR out of time
STAR out of time
STAR out of time
STAR out of time
STAR out of time
STAR out of time
STAR out of time
STAR out of time
STAR out of time
STAR out of time
STAR out of time
STAR out of time
STAR out of time
STAR out of time
STAR out of time
STAR out of time
STAR out of time
STAR out of time
STAR out of time
STAR out of time
STAR out of time
STAR out of time
STAR out of time
STAR out of time
STAR out of time
STAR out of time
STAR out of time
STAR out of time
STAR out of time
STAR out of time
STAR out of time
STAR out of time
STAR out of time
STAR out of time
STAR out of time
STAR move: <monastery, 0, (1, 1), None, 0>
turn complete
MCCFR MAKE MOVE IN 45.0 time
turn complete
EXPECTIMAX entering depth 1
EXPECTIMAX entering depth 2
EXPECTIMAX entering depth 3
STAR out of time
STAR out of time
STAR out of time
STAR out of time
STAR out of time
STAR out of time
STAR out of time
STAR out of time
STAR out of time
STAR out of time
STAR out of time
STAR out of time
STAR out of time
STAR out of time
STAR out of time
STAR out of time
STAR out of time
STAR out of time
STAR out of time
STAR out of time
STAR out of time
STAR out of time
STAR out of time
STAR out of time
STAR out of time
STAR out of time
STAR out of time
STAR out of time
STAR out of time
STAR out of time
STAR out of time
STAR out of time
STAR out of time
STAR out of time
STAR out of time
STAR out of time
STAR out of time
STAR out of time
STAR out of time
STAR out of time
STAR out of time
STAR out of time
STAR out of time
STAR out of time
STAR out of time
STAR out of time
STAR out of time
STAR out of time
STAR out of time
STAR out of time
STAR out of time
STAR out of time
STAR out of time
STAR out of time
STAR out of time
STAR out of time
STAR out of time
STAR out of time
STAR out of time
STAR out of time
STAR out of time
STAR out of time
STAR out of time
STAR out of time
STAR out of time
STAR out of time
STAR out of time
STAR out of time
STAR out of time
STAR out of time
STAR out of time
STAR out of time
STAR out of time
STAR move: <monastery, 0, (-1, 1), None, 0>
turn complete
MCCFR MAKE MOVE IN 37.5 time
[<MCCFRagent.MCCFRAgent object at 0x7fdb2c34ea60>, <star1agenteval.Star1AgentEval object at 0x7fdb2c34ea90>]

--- Full Stats --------------
Total Points: [0, 0]
Total Scores: [0, 0]
