[(1, <UCTagent.UCTAgent object at 0x7fd17874cb20>), (0, <UCTagent.UCTAgent object at 0x7fd17874cb80>), (2, <UCTagent.UCTAgent object at 0x7fd17874cbe0>)]
0 UCT Agent(time=10.0, exploration_constant=3.0)
1 UCT Agent(time=10.0, exploration_constant=3.0)
2 UCT Agent(time=10.0, exploration_constant=3.0)
UCT MAKE MOVE IN 9.375 time
45 UCT iterations in 10.0s
turn complete
UCT MAKE MOVE IN 8.75 time
47 UCT iterations in 10.0s
turn complete
UCT MAKE MOVE IN 8.125 time
53 UCT iterations in 10.0s
turn complete
UCT MAKE MOVE IN 7.5 time
47 UCT iterations in 10.0s
turn complete
UCT MAKE MOVE IN 6.875 time
52 UCT iterations in 10.0s
turn complete
UCT MAKE MOVE IN 6.25 time
59 UCT iterations in 10.0s
turn complete
UCT MAKE MOVE IN 5.625 time
58 UCT iterations in 10.0s
turn complete
UCT MAKE MOVE IN 5.0 time
54 UCT iterations in 10.0s
turn complete
UCT MAKE MOVE IN 4.375 time
43 UCT iterations in 10.0s
turn complete
UCT MAKE MOVE IN 3.75 time
43 UCT iterations in 10.0s
turn complete
UCT MAKE MOVE IN 3.125 time
36 UCT iterations in 10.0s
turn complete
UCT MAKE MOVE IN 2.5 time
66 UCT iterations in 10.0s
turn complete
UCT MAKE MOVE IN 1.875 time
106 UCT iterations in 10.0s
turn complete
UCT MAKE MOVE IN 0.625 time
182 UCT iterations in 10.0s
turn complete
Action sequence ---------------------------
<city_cap_straight_road, 2, (1, 0), CITY, 0>
<tri_road, 3, (1, -1), ROAD, 2>
<tri_road, 1, (2, -1), FARM, 0>
<city_tunnel, 0, (-1, 0), CITY, 0>
<tri_road, 1, (0, -1), FARM, 0>
<city_cap_straight_road, 2, (1, 1), ROAD, 0>
<monastery_road, 0, (2, 0), MONASTERY, 0>
<monastery, 0, (-2, 0), None, 0>
<monastery, 0, (-2, 1), None, 0>
<monastery_road, 3, (3, 0), None, 0>
<monastery, 0, (-3, 0), None, 0>
<tri_road, 1, (1, 2), None, 0>
<monastery, 0, (2, 1), None, 0>
<city_cap_straight_road, 0, (0, 1), None, 0>
-------------------------------------------
Cities:  3
Roads:  11
Farms:  7
Free Meeples:  [0, 0, 1]
SCORES:  [12, 7, 4]
TIMES: [28.462127208709717, 24.536871671676636, 21.469134092330933]
GAMES: [1, 0, 0]
[(1, <UCTagent.UCTAgent object at 0x7fd17874cb20>), (0, <UCTagent.UCTAgent object at 0x7fd17874cb80>), (2, <UCTagent.UCTAgent object at 0x7fd17874cbe0>)]
0 UCT Agent(time=10.0, exploration_constant=3.0)
1 UCT Agent(time=10.0, exploration_constant=3.0)
2 UCT Agent(time=10.0, exploration_constant=3.0)
UCT MAKE MOVE IN 9.375 time
41 UCT iterations in 10.0s
turn complete
UCT MAKE MOVE IN 8.75 time
41 UCT iterations in 10.0s
turn complete
UCT MAKE MOVE IN 8.125 time
43 UCT iterations in 10.0s
turn complete
UCT MAKE MOVE IN 7.5 time
45 UCT iterations in 10.0s
turn complete
UCT MAKE MOVE IN 6.875 time
38 UCT iterations in 10.0s
turn complete
UCT MAKE MOVE IN 6.25 time
40 UCT iterations in 10.0s
turn complete
UCT MAKE MOVE IN 5.625 time
38 UCT iterations in 10.0s
turn complete
UCT MAKE MOVE IN 5.0 time
29 UCT iterations in 10.0s
turn complete
UCT MAKE MOVE IN 4.375 time
35 UCT iterations in 10.0s
turn complete
UCT MAKE MOVE IN 3.75 time
36 UCT iterations in 10.0s
turn complete
UCT MAKE MOVE IN 3.125 time
36 UCT iterations in 10.0s
turn complete
UCT MAKE MOVE IN 2.5 time
29 UCT iterations in 10.0s
turn complete
UCT MAKE MOVE IN 1.875 time
47 UCT iterations in 10.0s
turn complete
UCT MAKE MOVE IN 1.25 time
358 UCT iterations in 10.0s
turn complete
UCT MAKE MOVE IN 0.625 time
185 UCT iterations in 10.0s
turn complete
Action sequence ---------------------------
<monastery, 0, (-1, 0), MONASTERY, 0>
<city_cap_straight_road, 2, (-2, 0), CITY, 0>
<tri_road, 3, (-2, 1), ROAD, 0>
<tri_road, 2, (0, -1), ROAD, 0>
<city_tunnel, 1, (-3, 0), None, 0>
<monastery_road, 3, (0, -2), None, 0>
<monastery, 0, (-3, -1), None, 0>
<monastery, 0, (-3, 1), MONASTERY, 0>
<tri_road, 0, (1, -2), None, 0>
<city_cap_straight_road, 3, (-1, 1), None, 0>
<monastery_road, 1, (1, -1), None, 0>
<monastery, 0, (-4, 1), MONASTERY, 0>
<tri_road, 0, (-1, -1), None, 0>
<big_city, 0, (-1, 2), None, 0>
<city_cap_straight_road, 3, (-4, 2), None, 0>
-------------------------------------------
Cities:  4
Roads:  12
Farms:  8
Free Meeples:  [1, 0, 0]
SCORES:  [9, 8, 5]
TIMES: [28.348541259765625, 25.510948181152344, 22.205215215682983]
GAMES: [2, 0, 0]
[(1, <UCTagent.UCTAgent object at 0x7fd17874cb20>), (0, <UCTagent.UCTAgent object at 0x7fd17874cb80>), (2, <UCTagent.UCTAgent object at 0x7fd17874cbe0>)]
0 UCT Agent(time=10.0, exploration_constant=3.0)
1 UCT Agent(time=10.0, exploration_constant=3.0)
2 UCT Agent(time=10.0, exploration_constant=3.0)
UCT MAKE MOVE IN 9.375 time
42 UCT iterations in 10.0s
turn complete
UCT MAKE MOVE IN 8.75 time
36 UCT iterations in 10.0s
turn complete
UCT MAKE MOVE IN 8.125 time
35 UCT iterations in 10.0s
turn complete
UCT MAKE MOVE IN 7.5 time
35 UCT iterations in 10.0s
turn complete
UCT MAKE MOVE IN 6.875 time
33 UCT iterations in 10.0s
turn complete
UCT MAKE MOVE IN 5.625 time
33 UCT iterations in 10.0s
turn complete
UCT MAKE MOVE IN 5.0 time
38 UCT iterations in 10.0s
turn complete
UCT MAKE MOVE IN 4.375 time
42 UCT iterations in 10.0s
turn complete
UCT MAKE MOVE IN 3.75 time
49 UCT iterations in 10.0s
turn complete
UCT MAKE MOVE IN 3.125 time
52 UCT iterations in 10.0s
turn complete
UCT MAKE MOVE IN 2.5 time
33 UCT iterations in 10.0s
turn complete
UCT MAKE MOVE IN 1.875 time
32 UCT iterations in 10.0s
turn complete
UCT MAKE MOVE IN 1.25 time
117 UCT iterations in 10.0s
turn complete
UCT MAKE MOVE IN 0.625 time
190 UCT iterations in 10.0s
turn complete
Action sequence ---------------------------
<monastery, 0, (-1, 0), MONASTERY, 0>
<monastery, 0, (-1, -1), MONASTERY, 0>
<city_cap_straight_road, 0, (0, 1), ROAD, 0>
<city_cap_straight_road, 2, (1, 1), None, 0>
<monastery_road, 2, (-2, 0), ROAD, 0>
<tri_road, 3, (0, -1), FARM, 1>
<tri_road, 3, (1, 2), ROAD, 0>
<tri_road, 3, (-2, 1), None, 0>
<city_cap_straight_road, 2, (1, 0), None, 0>
<monastery, 0, (2, 1), None, 0>
<monastery, 0, (-2, -1), MONASTERY, 0>
<monastery_road, 3, (2, 0), None, 0>
<tri_road, 0, (1, 3), None, 0>
<city_tunnel, 1, (-2, -2), None, 0>
-------------------------------------------
Cities:  3
Roads:  12
Farms:  9
Free Meeples:  [1, 0, 0]
SCORES:  [10, 14, 9]
TIMES: [26.55235767364502, 23.456468105316162, 19.690124988555908]
GAMES: [2, 1, 0]
[(1, <UCTagent.UCTAgent object at 0x7fd17874cb20>), (0, <UCTagent.UCTAgent object at 0x7fd17874cb80>), (2, <UCTagent.UCTAgent object at 0x7fd17874cbe0>)]
0 UCT Agent(time=10.0, exploration_constant=3.0)
1 UCT Agent(time=10.0, exploration_constant=3.0)
2 UCT Agent(time=10.0, exploration_constant=3.0)
UCT MAKE MOVE IN 9.375 time
49 UCT iterations in 10.0s
turn complete
UCT MAKE MOVE IN 8.75 time
45 UCT iterations in 10.0s
turn complete
UCT MAKE MOVE IN 8.125 time
42 UCT iterations in 10.0s
turn complete
UCT MAKE MOVE IN 7.5 time
40 UCT iterations in 10.0s
turn complete
UCT MAKE MOVE IN 6.875 time
36 UCT iterations in 10.0s
turn complete
UCT MAKE MOVE IN 6.25 time
38 UCT iterations in 10.0s
turn complete
UCT MAKE MOVE IN 5.625 time
32 UCT iterations in 10.0s
turn complete
UCT MAKE MOVE IN 5.0 time
37 UCT iterations in 10.0s
turn complete
UCT MAKE MOVE IN 4.375 time
36 UCT iterations in 10.0s
turn complete
UCT MAKE MOVE IN 3.75 time
29 UCT iterations in 10.0s
turn complete
UCT MAKE MOVE IN 3.125 time
31 UCT iterations in 10.0s
turn complete
UCT MAKE MOVE IN 2.5 time
24 UCT iterations in 10.0s
turn complete
UCT MAKE MOVE IN 1.875 time
18 UCT iterations in 10.0s
turn complete
UCT MAKE MOVE IN 1.25 time
28 UCT iterations in 10.0s
turn complete
UCT MAKE MOVE IN 0.625 time
167 UCT iterations in 10.0s
turn complete
Action sequence ---------------------------
<tri_road, 1, (0, 1), None, 0>
<monastery, 0, (1, 1), MONASTERY, 0>
<monastery_road, 0, (2, 1), MONASTERY, 0>
<city_cap_straight_road, 2, (0, -1), None, 0>
<big_city, 0, (-1, -1), CITY, 0>
<tri_road, 3, (3, 1), ROAD, 0>
<monastery, 0, (1, -1), MONASTERY, 0>
<tri_road, 2, (1, 2), None, 0>
<monastery_road, 0, (3, 2), None, 0>
<monastery, 0, (4, 2), MONASTERY, 0>
<city_cap_straight_road, 3, (-1, 1), None, 0>
<monastery, 0, (4, 3), MONASTERY, 0>
<city_tunnel, 1, (1, -2), None, 0>
<tri_road, 3, (0, 2), None, 0>
<city_cap_straight_road, 0, (5, 2), None, 0>
-------------------------------------------
Cities:  5
Roads:  12
Farms:  8
[(0, <UCTagent.UCTAgent object at 0x7fd17874ca00>), (2, <UCTagent.UCTAgent object at 0x7fd17874ca60>), (1, <UCTagent.UCTAgent object at 0x7fd17874cac0>)]
0 UCT Agent(time=10.0, exploration_constant=3.0)
1 UCT Agent(time=10.0, exploration_constant=3.0)
2 UCT Agent(time=10.0, exploration_constant=3.0)
UCT MAKE MOVE IN 9.375 time
46 UCT iterations in 10.0s
turn complete
UCT MAKE MOVE IN 8.75 time
47 UCT iterations in 10.0s
turn complete
UCT MAKE MOVE IN 8.125 time
49 UCT iterations in 10.0s
turn complete
UCT MAKE MOVE IN 7.5 time
50 UCT iterations in 10.0s
turn complete
UCT MAKE MOVE IN 6.875 time
57 UCT iterations in 10.0s
turn complete
UCT MAKE MOVE IN 6.25 time
62 UCT iterations in 10.0s
turn complete
UCT MAKE MOVE IN 5.625 time
68 UCT iterations in 10.0s
turn complete
UCT MAKE MOVE IN 5.0 time
61 UCT iterations in 10.0s
turn complete
UCT MAKE MOVE IN 4.375 time
43 UCT iterations in 10.0s
turn complete
UCT MAKE MOVE IN 3.75 time
44 UCT iterations in 10.0s
turn complete
UCT MAKE MOVE IN 3.125 time
45 UCT iterations in 10.0s
turn complete
UCT MAKE MOVE IN 2.5 time
76 UCT iterations in 10.0s
turn complete
UCT MAKE MOVE IN 1.875 time
46 UCT iterations in 10.0s
turn complete
UCT MAKE MOVE IN 0.625 time
185 UCT iterations in 10.0s
turn complete
Action sequence ---------------------------
<city_cap_straight_road, 0, (0, -1), ROAD, 0>
<tri_road, 1, (-1, -1), FARM, 1>
<tri_road, 1, (-1, 0), ROAD, 0>
<city_tunnel, 1, (1, 0), CITY, 0>
<tri_road, 2, (-2, 0), ROAD, 2>
<city_cap_straight_road, 2, (-2, 1), None, 0>
<monastery_road, 2, (0, -2), None, 0>
<monastery, 0, (1, 1), MONASTERY, 0>
<monastery, 0, (2, 1), MONASTERY, 0>
<monastery_road, 0, (0, 1), None, 0>
<monastery, 0, (2, 2), None, 0>
<tri_road, 2, (-3, 0), ROAD, 2>
<monastery, 0, (1, 2), MONASTERY, 0>
<city_cap_straight_road, 1, (0, -3), None, 0>
-------------------------------------------
Cities:  4
Roads:  11
Farms:  8
Free Meeples:  [0, 0, 1]
SCORES:  [11, 9, 9]
TIMES: [28.506017923355103, 24.71028780937195, 21.545791387557983]
GAMES: [1, 0, 0]
[(0, <UCTagent.UCTAgent object at 0x7fd17874ca00>), (2, <UCTagent.UCTAgent object at 0x7fd17874ca60>), (1, <UCTagent.UCTAgent object at 0x7fd17874cac0>)]
0 UCT Agent(time=10.0, exploration_constant=3.0)
1 UCT Agent(time=10.0, exploration_constant=3.0)
2 UCT Agent(time=10.0, exploration_constant=3.0)
UCT MAKE MOVE IN 9.375 time
43 UCT iterations in 10.0s
turn complete
UCT MAKE MOVE IN 8.75 time
41 UCT iterations in 10.0s
turn complete
UCT MAKE MOVE IN 8.125 time
42 UCT iterations in 10.0s
turn complete
UCT MAKE MOVE IN 7.5 time
47 UCT iterations in 10.0s
turn complete
UCT MAKE MOVE IN 6.875 time
42 UCT iterations in 10.0s
turn complete
UCT MAKE MOVE IN 6.25 time
38 UCT iterations in 10.0s
turn complete
UCT MAKE MOVE IN 5.625 time
32 UCT iterations in 10.0s
turn complete
UCT MAKE MOVE IN 5.0 time
29 UCT iterations in 10.0s
turn complete
UCT MAKE MOVE IN 4.375 time
34 UCT iterations in 10.0s
turn complete
UCT MAKE MOVE IN 3.75 time
37 UCT iterations in 10.0s
turn complete
UCT MAKE MOVE IN 3.125 time
41 UCT iterations in 10.0s
turn complete
UCT MAKE MOVE IN 2.5 time
30 UCT iterations in 10.0s
turn complete
UCT MAKE MOVE IN 1.875 time
68 UCT iterations in 10.0s
turn complete
UCT MAKE MOVE IN 0.625 time
181 UCT iterations in 10.0s
turn complete
Action sequence ---------------------------
<monastery, 0, (-1, 0), MONASTERY, 0>
<city_cap_straight_road, 2, (0, -1), None, 0>
<tri_road, 1, (0, -2), ROAD, 1>
<tri_road, 3, (0, -3), ROAD, 0>
<city_tunnel, 1, (-1, 1), CITY, 0>
<monastery_road, 0, (-2, 0), MONASTERY, 0>
<monastery, 0, (1, -1), MONASTERY, 0>
<monastery, 0, (1, -2), MONASTERY, 0>
<tri_road, 0, (-1, -2), None, 0>
<city_cap_straight_road, 0, (-2, -1), None, 0>
<monastery_road, 1, (1, -3), None, 0>
<monastery, 0, (-3, 0), MONASTERY, 0>
<tri_road, 3, (2, -1), None, 0>
<city_cap_straight_road, 0, (2, -3), None, 0>
-------------------------------------------
Cities:  5
Roads:  12
Farms:  8
Free Meeples:  [0, 0, 0]
SCORES:  [14, 9, 10]
TIMES: [28.53968858718872, 24.967061758041382, 21.447591543197632]
GAMES: [2, 0, 0]
[(0, <UCTagent.UCTAgent object at 0x7fd17874ca00>), (2, <UCTagent.UCTAgent object at 0x7fd17874ca60>), (1, <UCTagent.UCTAgent object at 0x7fd17874cac0>)]
0 UCT Agent(time=10.0, exploration_constant=3.0)
1 UCT Agent(time=10.0, exploration_constant=3.0)
2 UCT Agent(time=10.0, exploration_constant=3.0)
UCT MAKE MOVE IN 9.375 time
43 UCT iterations in 10.0s
turn complete
UCT MAKE MOVE IN 8.75 time
36 UCT iterations in 10.0s
turn complete
UCT MAKE MOVE IN 8.125 time
35 UCT iterations in 10.0s
turn complete
UCT MAKE MOVE IN 7.5 time
34 UCT iterations in 10.0s
turn complete
UCT MAKE MOVE IN 6.875 time
32 UCT iterations in 10.0s
turn complete
UCT MAKE MOVE IN 6.25 time
31 UCT iterations in 10.0s
turn complete
UCT MAKE MOVE IN 5.625 time
33 UCT iterations in 10.0s
turn complete
UCT MAKE MOVE IN 5.0 time
37 UCT iterations in 10.0s
turn complete
UCT MAKE MOVE IN 4.375 time
45 UCT iterations in 10.0s
turn complete
UCT MAKE MOVE IN 3.75 time
54 UCT iterations in 10.0s
turn complete
UCT MAKE MOVE IN 3.125 time
47 UCT iterations in 10.0s
turn complete
UCT MAKE MOVE IN 2.5 time
33 UCT iterations in 10.0s
turn complete
UCT MAKE MOVE IN 1.875 time
32 UCT iterations in 10.0s
turn complete
UCT MAKE MOVE IN 1.25 time
213 UCT iterations in 10.0s
turn complete
UCT MAKE MOVE IN 0.625 time
196 UCT iterations in 10.0s
turn complete
Action sequence ---------------------------
<monastery, 0, (-1, 0), MONASTERY, 0>
<monastery, 0, (-1, -1), MONASTERY, 0>
<city_cap_straight_road, 2, (1, 0), CITY, 0>
<city_cap_straight_road, 0, (1, -1), FARM, 0>
<monastery_road, 2, (0, -1), MONASTERY, 0>
<big_city, 0, (2, -1), CITY, 0>
<tri_road, 0, (1, 1), None, 0>
<tri_road, 2, (1, -2), None, 0>
<tri_road, 0, (0, 1), ROAD, 0>
<city_cap_straight_road, 1, (2, 1), None, 0>
<monastery, 0, (-1, -2), None, 0>
<monastery, 0, (1, 2), MONASTERY, 0>
<monastery_road, 3, (-1, 1), None, 0>
<tri_road, 1, (-2, -2), None, 0>
<city_tunnel, 0, (2, 0), None, 0>
-------------------------------------------
Cities:  2
Roads:  10
Farms:  6
Free Meeples:  [0, 0, 0]
SCORES:  [9, 14, 15]
TIMES: [28.885437965393066, 25.437750339508057, 22.161921501159668]
GAMES: [2, 0, 1]
[(0, <UCTagent.UCTAgent object at 0x7fd17874ca00>), (2, <UCTagent.UCTAgent object at 0x7fd17874ca60>), (1, <UCTagent.UCTAgent object at 0x7fd17874cac0>)]
0 UCT Agent(time=10.0, exploration_constant=3.0)
1 UCT Agent(time=10.0, exploration_constant=3.0)
2 UCT Agent(time=10.0, exploration_constant=3.0)
UCT MAKE MOVE IN 9.375 time
49 UCT iterations in 10.0s
turn complete
UCT MAKE MOVE IN 8.75 time
45 UCT iterations in 10.0s
turn complete
UCT MAKE MOVE IN 8.125 time
42 UCT iterations in 10.0s
turn complete
UCT MAKE MOVE IN 7.5 time
41 UCT iterations in 10.0s
turn complete
UCT MAKE MOVE IN 6.875 time
37 UCT iterations in 10.0s
turn complete
UCT MAKE MOVE IN 6.25 time
39 UCT iterations in 10.0s
turn complete
UCT MAKE MOVE IN 5.625 time
37 UCT iterations in 10.0s
turn complete
UCT MAKE MOVE IN 5.0 time
42 UCT iterations in 10.0s
turn complete
UCT MAKE MOVE IN 4.375 time
42 UCT iterations in 10.0s
turn complete
UCT MAKE MOVE IN 3.75 time
38 UCT iterations in 10.0s
turn complete
UCT MAKE MOVE IN 3.125 time
36 UCT iterations in 10.0s
turn complete
UCT MAKE MOVE IN 2.5 time
30 UCT iterations in 10.0s
turn complete
UCT MAKE MOVE IN 1.875 time
23 UCT iterations in 10.0s
turn complete
UCT MAKE MOVE IN 1.25 time
30 UCT iterations in 10.0s
turn complete
UCT MAKE MOVE IN 0.625 time
171 UCT iterations in 10.0s
turn complete
Action sequence ---------------------------
<tri_road, 3, (0, -1), ROAD, 0>
<monastery, 0, (-1, 0), MONASTERY, 0>
<monastery_road, 1, (-1, 1), MONASTERY, 0>
<city_cap_straight_road, 3, (-1, 2), FARM, 0>
<big_city, 0, (1, 0), CITY, 0>
<tri_road, 3, (0, 1), ROAD, 0>
<monastery, 0, (-1, -1), MONASTERY, 0>
<tri_road, 2, (-2, 1), None, 0>
<monastery_road, 0, (-1, -2), None, 0>
<monastery, 0, (-2, -2), None, 0>
<city_cap_straight_road, 3, (1, -1), None, 0>
<monastery, 0, (1, -2), None, 0>
<city_tunnel, 1, (1, -3), None, 0>
<tri_road, 0, (-2, -3), None, 0>
<city_cap_straight_road, 3, (-3, -3), None, 0>
-------------------------------------------
Cities:  [(2, <UCTagent.UCTAgent object at 0x7fd17874cd60>), (0, <UCTagent.UCTAgent object at 0x7fd17874cdc0>), (1, <UCTagent.UCTAgent object at 0x7fd17874ce20>)]
0 UCT Agent(time=10.0, exploration_constant=3.0)
1 UCT Agent(time=10.0, exploration_constant=3.0)
2 UCT Agent(time=10.0, exploration_constant=3.0)
UCT MAKE MOVE IN 9.375 time
48 UCT iterations in 10.0s
turn complete
UCT MAKE MOVE IN 8.75 time
50 UCT iterations in 10.0s
turn complete
UCT MAKE MOVE IN 8.125 time
55 UCT iterations in 10.0s
turn complete
UCT MAKE MOVE IN 7.5 time
49 UCT iterations in 10.0s
turn complete
UCT MAKE MOVE IN 6.875 time
57 UCT iterations in 10.0s
turn complete
UCT MAKE MOVE IN 6.25 time
62 UCT iterations in 10.0s
turn complete
UCT MAKE MOVE IN 5.625 time
65 UCT iterations in 10.0s
turn complete
UCT MAKE MOVE IN 5.0 time
52 UCT iterations in 10.0s
turn complete
UCT MAKE MOVE IN 4.375 time
45 UCT iterations in 10.0s
turn complete
UCT MAKE MOVE IN 3.75 time
44 UCT iterations in 10.0s
turn complete
UCT MAKE MOVE IN 3.125 time
38 UCT iterations in 10.0s
turn complete
UCT MAKE MOVE IN 2.5 time
74 UCT iterations in 10.0s
turn complete
UCT MAKE MOVE IN 1.875 time
75 UCT iterations in 10.0s
turn complete
UCT MAKE MOVE IN 0.625 time
183 UCT iterations in 10.0s
turn complete
Action sequence ---------------------------
<city_cap_straight_road, 2, (0, 1), ROAD, 0>
<tri_road, 3, (0, 2), ROAD, 0>
<tri_road, 1, (1, 2), ROAD, 1>
<city_tunnel, 0, (-1, 2), CITY, 0>
<tri_road, 1, (0, 3), ROAD, 1>
<city_cap_straight_road, 2, (1, 0), CITY, 0>
<monastery_road, 0, (0, 4), None, 0>
<monastery, 0, (-1, 0), MONASTERY, 0>
<monastery, 0, (0, 5), MONASTERY, 0>
<monastery_road, 0, (-2, 0), None, 0>
<monastery, 0, (-2, 1), None, 0>
<tri_road, 1, (-2, -1), ROAD, 2>
<monastery, 0, (-3, 1), None, 0>
<city_cap_straight_road, 1, (-1, 3), None, 0>
-------------------------------------------
Cities:  3
Roads:  11
Farms:  8
Free Meeples:  [0, 0, 1]
SCORES:  [5, 10, 10]
TIMES: [28.32957649230957, 24.681674003601074, 21.546626806259155]
GAMES: [0, 0.5, 0.5]
[(2, <UCTagent.UCTAgent object at 0x7fd17874cd60>), (0, <UCTagent.UCTAgent object at 0x7fd17874cdc0>), (1, <UCTagent.UCTAgent object at 0x7fd17874ce20>)]
0 UCT Agent(time=10.0, exploration_constant=3.0)
1 UCT Agent(time=10.0, exploration_constant=3.0)
2 UCT Agent(time=10.0, exploration_constant=3.0)
UCT MAKE MOVE IN 9.375 time
44 UCT iterations in 10.0s
turn complete
UCT MAKE MOVE IN 8.75 time
44 UCT iterations in 10.0s
turn complete
UCT MAKE MOVE IN 8.125 time
47 UCT iterations in 10.0s
turn complete
UCT MAKE MOVE IN 7.5 time
52 UCT iterations in 10.0s
turn complete
UCT MAKE MOVE IN 6.875 time
47 UCT iterations in 10.0s
turn complete
UCT MAKE MOVE IN 6.25 time
45 UCT iterations in 10.0s
turn complete
UCT MAKE MOVE IN 5.625 time
40 UCT iterations in 10.0s
turn complete
UCT MAKE MOVE IN 5.0 time
36 UCT iterations in 10.0s
turn complete
UCT MAKE MOVE IN 4.375 time
37 UCT iterations in 10.0s
turn complete
UCT MAKE MOVE IN 3.75 time
39 UCT iterations in 10.0s
turn complete
UCT MAKE MOVE IN 3.125 time
40 UCT iterations in 10.0s
turn complete
UCT MAKE MOVE IN 2.5 time
51 UCT iterations in 10.0s
turn complete
UCT MAKE MOVE IN 1.875 time
59 UCT iterations in 10.0s
turn complete
UCT MAKE MOVE IN 1.25 time
368 UCT iterations in 10.0s
turn complete
UCT MAKE MOVE IN 0.625 time
204 UCT iterations in 10.0s
turn complete
Action sequence ---------------------------
<monastery, 0, (-1, 0), MONASTERY, 0>
<city_cap_straight_road, 0, (0, -1), ROAD, 0>
<tri_road, 3, (0, 1), ROAD, 0>
<tri_road, 1, (-2, 0), ROAD, 0>
<city_tunnel, 1, (1, -1), CITY, 0>
<monastery_road, 3, (1, -2), MONASTERY, 0>
<monastery, 0, (-1, -1), None, 0>
<monastery, 0, (-1, -2), None, 0>
<tri_road, 0, (2, -2), None, 0>
<city_cap_straight_road, 2, (-2, -1), None, 0>
<monastery_road, 2, (0, -2), None, 0>
<monastery, 0, (1, -3), None, 0>
<tri_road, 0, (-2, 1), None, 0>
<big_city, 0, (-3, -1), CITY, 0>
<city_cap_straight_road, 0, (2, -3), None, 0>
-------------------------------------------
Cities:  4
Roads:  11
Farms:  7
Free Meeples:  [0, 0, 0]
SCORES:  [10, 9, 8]
TIMES: [28.494998931884766, 25.252671718597412, 22.151773691177368]
GAMES: [1, 0.5, 0.5]
[(2, <UCTagent.UCTAgent object at 0x7fd17874cd60>), (0, <UCTagent.UCTAgent object at 0x7fd17874cdc0>), (1, <UCTagent.UCTAgent object at 0x7fd17874ce20>)]
0 UCT Agent(time=10.0, exploration_constant=3.0)
1 UCT Agent(time=10.0, exploration_constant=3.0)
2 UCT Agent(time=10.0, exploration_constant=3.0)
UCT MAKE MOVE IN 9.375 time
45 UCT iterations in 10.0s
turn complete
UCT MAKE MOVE IN 8.75 time
39 UCT iterations in 10.0s
turn complete
UCT MAKE MOVE IN 8.125 time
40 UCT iterations in 10.0s
turn complete
UCT MAKE MOVE IN 7.5 time
36 UCT iterations in 10.0s
turn complete
UCT MAKE MOVE IN 6.875 time
32 UCT iterations in 10.0s
turn complete
UCT MAKE MOVE IN 6.25 time
29 UCT iterations in 10.0s
turn complete
UCT MAKE MOVE IN 5.625 time
31 UCT iterations in 10.0s
turn complete
UCT MAKE MOVE IN 5.0 time
35 UCT iterations in 10.0s
turn complete
UCT MAKE MOVE IN 4.375 time
47 UCT iterations in 10.0s
turn complete
UCT MAKE MOVE IN 3.75 time
51 UCT iterations in 10.0s
turn complete
UCT MAKE MOVE IN 3.125 time
42 UCT iterations in 10.0s
turn complete
UCT MAKE MOVE IN 2.5 time
31 UCT iterations in 10.0s
turn complete
UCT MAKE MOVE IN 1.875 time
29 UCT iterations in 10.0s
turn complete
UCT MAKE MOVE IN 1.25 time
133 UCT iterations in 10.0s
turn complete
UCT MAKE MOVE IN 0.625 time
183 UCT iterations in 10.0s
turn complete
Action sequence ---------------------------
<monastery, 0, (-1, 0), MONASTERY, 0>
<monastery, 0, (-1, 1), MONASTERY, 0>
<city_cap_straight_road, 2, (1, 0), FARM, 1>
<city_cap_straight_road, 3, (-1, 2), CITY, 0>
<monastery_road, 3, (-2, 2), MONASTERY, 0>
<big_city, 0, (-1, 3), None, 0>
<tri_road, 0, (1, 1), None, 0>
<tri_road, 1, (0, 2), None, 0>
<tri_road, 1, (1, -1), ROAD, 2>
<city_cap_straight_road, 1, (-1, 4), None, 0>
<monastery, 0, (-2, 1), None, 0>
<monastery, 0, (2, 0), MONASTERY, 0>
<monastery_road, 3, (-1, -1), None, 0>
<tri_road, 1, (-3, 1), None, 0>
<city_tunnel, 0, (3, 0), None, 0>
-------------------------------------------
Cities:  3
Roads:  14
Farms:  12
Free Meeples:  [0, 0, 0]
SCORES:  [9, 13, 11]
TIMES: [28.503480195999146, 25.488360166549683, 22.399348258972168]
GAMES: [1, 1.5, 0.5]
[(2, <UCTagent.UCTAgent object at 0x7fd17874cd60>), (0, <UCTagent.UCTAgent object at 0x7fd17874cdc0>), (1, <UCTagent.UCTAgent object at 0x7fd17874ce20>)]
0 UCT Agent(time=10.0, exploration_constant=3.0)
1 UCT Agent(time=10.0, exploration_constant=3.0)
2 UCT Agent(time=10.0, exploration_constant=3.0)
UCT MAKE MOVE IN 9.375 time
53 UCT iterations in 10.0s
turn complete
UCT MAKE MOVE IN 8.75 time
48 UCT iterations in 10.0s
turn complete
UCT MAKE MOVE IN 8.125 time
47 UCT iterations in 10.0s
turn complete
UCT MAKE MOVE IN 7.5 time
45 UCT iterations in 10.0s
turn complete
UCT MAKE MOVE IN 6.875 time
43 UCT iterations in 10.0s
turn complete
UCT MAKE MOVE IN 6.25 time
43 UCT iterations in 10.0s
turn complete
UCT MAKE MOVE IN 5.625 time
37 UCT iterations in 10.0s
turn complete
UCT MAKE MOVE IN 5.0 time
43 UCT iterations in 10.0s
turn complete
UCT MAKE MOVE IN 4.375 time
44 UCT iterations in 10.0s
turn complete
UCT MAKE MOVE IN 3.75 time
35 UCT iterations in 10.0s
turn complete
UCT MAKE MOVE IN 3.125 time
36 UCT iterations in 10.0s
turn complete
UCT MAKE MOVE IN 2.5 time
30 UCT iterations in 10.0s
turn complete
UCT MAKE MOVE IN 1.875 time
22 UCT iterations in 10.0s
turn complete
UCT MAKE MOVE IN 1.25 time
31 UCT iterations in 10.0s
turn complete
UCT MAKE MOVE IN 0.625 time
198 UCT iterations in 10.0s
turn complete
Action sequence ---------------------------
<tri_road, 0, (0, 1), ROAD, 1>
<monastery, 0, (-1, 0), MONASTERY, 0>
<monastery_road, 1, (1, 1), ROAD, 0>
<city_cap_straight_road, 0, (0, -1), None, 0>
<big_city, 0, (1, -1), CITY, 0>
<tri_road, 1, (0, -2), None, 0>
<monastery, 0, (2, 1), MONASTERY, 0>
<tri_road, 0, (-1, -2), None, 0>
<monastery_road, 1, (-2, 0), MONASTERY, 0>
<monastery, 0, (2, 0), MONASTERY, 0>
<city_cap_straight_road, 2, (0, -3), None, 0>
<monastery, 0, (-1, -1), MONASTERY, 0>
<city_tunnel, 1, (2, 2), None, 0>
<tri_road, 2, (-1, 1), None, 0>
[(1, <UCTagent.UCTAgent object at 0x7fd17874cc40>), (2, <UCTagent.UCTAgent object at 0x7fd17874cca0>), (0, <UCTagent.UCTAgent object at 0x7fd17874cd00>)]
0 UCT Agent(time=10.0, exploration_constant=3.0)
1 UCT Agent(time=10.0, exploration_constant=3.0)
2 UCT Agent(time=10.0, exploration_constant=3.0)
UCT MAKE MOVE IN 9.375 time
48 UCT iterations in 10.0s
turn complete
UCT MAKE MOVE IN 8.75 time
51 UCT iterations in 10.0s
turn complete
UCT MAKE MOVE IN 8.125 time
55 UCT iterations in 10.0s
turn complete
UCT MAKE MOVE IN 7.5 time
54 UCT iterations in 10.0s
turn complete
UCT MAKE MOVE IN 6.875 time
60 UCT iterations in 10.0s
turn complete
UCT MAKE MOVE IN 6.25 time
63 UCT iterations in 10.0s
turn complete
UCT MAKE MOVE IN 5.625 time
65 UCT iterations in 10.0s
turn complete
UCT MAKE MOVE IN 5.0 time
51 UCT iterations in 10.0s
turn complete
UCT MAKE MOVE IN 4.375 time
45 UCT iterations in 10.0s
turn complete
UCT MAKE MOVE IN 3.75 time
43 UCT iterations in 10.0s
turn complete
UCT MAKE MOVE IN 3.125 time
30 UCT iterations in 10.0s
turn complete
UCT MAKE MOVE IN 2.5 time
63 UCT iterations in 10.0s
turn complete
UCT MAKE MOVE IN 1.875 time
44 UCT iterations in 10.0s
turn complete
UCT MAKE MOVE IN 1.25 time
284 UCT iterations in 10.0s
turn complete
UCT MAKE MOVE IN 0.625 time
175 UCT iterations in 10.0s
turn complete
Action sequence ---------------------------
<city_cap_straight_road, 0, (0, 1), ROAD, 0>
<tri_road, 1, (-1, 0), ROAD, 2>
<tri_road, 3, (0, -1), ROAD, 1>
<city_tunnel, 1, (1, 0), CITY, 0>
<tri_road, 3, (-2, 0), ROAD, 1>
<city_cap_straight_road, 2, (-3, 0), FARM, 1>
<monastery_road, 0, (0, 2), None, 0>
<monastery, 0, (0, 3), MONASTERY, 0>
<monastery, 0, (1, 3), None, 0>
<monastery_road, 2, (0, -2), MONASTERY, 0>
<monastery, 0, (0, 4), None, 0>
<tri_road, 3, (-3, -1), None, 0>
<monastery, 0, (0, -3), None, 0>
<big_city, 0, (-4, 0), None, 0>
<city_cap_straight_road, 3, (0, 5), None, 0>
-------------------------------------------
Cities:  4
Roads:  12
Farms:  9
Free Meeples:  [0, 0, 0]
SCORES:  [9, 7, 1]
TIMES: [28.368125677108765, 25.276536226272583, 22.150715112686157]
GAMES: [1, 0, 0]
[(1, <UCTagent.UCTAgent object at 0x7fd17874cc40>), (2, <UCTagent.UCTAgent object at 0x7fd17874cca0>), (0, <UCTagent.UCTAgent object at 0x7fd17874cd00>)]
0 UCT Agent(time=10.0, exploration_constant=3.0)
1 UCT Agent(time=10.0, exploration_constant=3.0)
2 UCT Agent(time=10.0, exploration_constant=3.0)
UCT MAKE MOVE IN 9.375 time
45 UCT iterations in 10.0s
turn complete
UCT MAKE MOVE IN 8.75 time
44 UCT iterations in 10.0s
turn complete
UCT MAKE MOVE IN 8.125 time
46 UCT iterations in 10.0s
turn complete
UCT MAKE MOVE IN 7.5 time
49 UCT iterations in 10.0s
turn complete
UCT MAKE MOVE IN 6.875 time
43 UCT iterations in 10.0s
turn complete
UCT MAKE MOVE IN 6.25 time
45 UCT iterations in 10.0s
turn complete
UCT MAKE MOVE IN 5.625 time
38 UCT iterations in 10.0s
turn complete
UCT MAKE MOVE IN 5.0 time
34 UCT iterations in 10.0s
turn complete
UCT MAKE MOVE IN 4.375 time
40 UCT iterations in 10.0s
turn complete
UCT MAKE MOVE IN 3.75 time
45 UCT iterations in 10.0s
turn complete
UCT MAKE MOVE IN 3.125 time
43 UCT iterations in 10.0s
turn complete
UCT MAKE MOVE IN 2.5 time
33 UCT iterations in 10.0s
turn complete
UCT MAKE MOVE IN 1.875 time
55 UCT iterations in 10.0s
turn complete
UCT MAKE MOVE IN 1.25 time
366 UCT iterations in 10.0s
turn complete
UCT MAKE MOVE IN 0.625 time
191 UCT iterations in 10.0s
turn complete
Action sequence ---------------------------
<monastery, 0, (-1, 0), MONASTERY, 0>
<city_cap_straight_road, 2, (0, -1), ROAD, 0>
<tri_road, 1, (0, -2), ROAD, 0>
<tri_road, 3, (-1, -2), ROAD, 1>
<city_tunnel, 1, (1, 0), CITY, 0>
<monastery_road, 0, (1, -2), MONASTERY, 0>
<monastery, 0, (1, -1), MONASTERY, 0>
<monastery, 0, (1, 1), None, 0>
<tri_road, 2, (0, -3), None, 0>
<city_cap_straight_road, 3, (-1, 1), None, 0>
<monastery_road, 2, (1, 2), None, 0>
<monastery, 0, (0, 2), MONASTERY, 0>
<tri_road, 1, (-2, 0), None, 0>
<big_city, 0, (2, 0), None, 0>
<city_cap_straight_road, 2, (1, 3), None, 0>
-------------------------------------------
Cities:  4
Roads:  13
Farms:  9
Free Meeples:  [0, 0, 0]
SCORES:  [14, 7, 12]
TIMES: [28.45030689239502, 25.243712186813354, 22.39660930633545]
GAMES: [2, 0, 0]
[(1, <UCTagent.UCTAgent object at 0x7fd17874cc40>), (2, <UCTagent.UCTAgent object at 0x7fd17874cca0>), (0, <UCTagent.UCTAgent object at 0x7fd17874cd00>)]
0 UCT Agent(time=10.0, exploration_constant=3.0)
1 UCT Agent(time=10.0, exploration_constant=3.0)
2 UCT Agent(time=10.0, exploration_constant=3.0)
UCT MAKE MOVE IN 9.375 time
46 UCT iterations in 10.0s
turn complete
UCT MAKE MOVE IN 8.75 time
39 UCT iterations in 10.0s
turn complete
UCT MAKE MOVE IN 8.125 time
40 UCT iterations in 10.0s
turn complete
UCT MAKE MOVE IN 7.5 time
37 UCT iterations in 10.0s
turn complete
UCT MAKE MOVE IN 6.875 time
34 UCT iterations in 10.0s
turn complete
UCT MAKE MOVE IN 6.25 time
31 UCT iterations in 10.0s
turn complete
UCT MAKE MOVE IN 5.625 time
31 UCT iterations in 10.0s
turn complete
UCT MAKE MOVE IN 5.0 time
35 UCT iterations in 10.0s
turn complete
UCT MAKE MOVE IN 4.375 time
42 UCT iterations in 10.0s
turn complete
UCT MAKE MOVE IN 3.75 time
42 UCT iterations in 10.0s
turn complete
UCT MAKE MOVE IN 3.125 time
55 UCT iterations in 10.0s
turn complete
UCT MAKE MOVE IN 2.5 time
26 UCT iterations in 10.0s
turn complete
UCT MAKE MOVE IN 1.875 time
25 UCT iterations in 10.0s
turn complete
UCT MAKE MOVE IN 1.25 time
88 UCT iterations in 10.0s
turn complete
UCT MAKE MOVE IN 0.625 time
186 UCT iterations in 10.0s
turn complete
Action sequence ---------------------------
<monastery, 0, (-1, 0), MONASTERY, 0>
<monastery, 0, (-1, 1), MONASTERY, 0>
<city_cap_straight_road, 2, (1, 0), None, 0>
<city_cap_straight_road, 3, (-1, 2), CITY, 0>
<monastery_road, 1, (-2, 1), MONASTERY, 0>
<big_city, 0, (-1, 3), None, 0>
<tri_road, 1, (1, -1), None, 0>
<tri_road, 2, (-3, 1), None, 0>
<tri_road, 3, (1, 1), FARM, 0>
<city_cap_straight_road, 0, (2, 0), None, 0>
<monastery, 0, (-3, 0), None, 0>
<monastery, 0, (-4, 0), MONASTERY, 0>
<monastery_road, 0, (-4, -1), None, 0>
<tri_road, 2, (-2, 2), None, 0>
<city_tunnel, 0, (-5, -1), None, 0>
-------------------------------------------
Cities:  4
Roads:  14
Farms:  11
Free Meeples:  [0, 0, 0]
SCORES:  [7, 13, 8]
TIMES: [28.44065546989441, 25.289772272109985, 22.280139684677124]
GAMES: [2, 1, 0]
[(1, <UCTagent.UCTAgent object at 0x7fd17874cc40>), (2, <UCTagent.UCTAgent object at 0x7fd17874cca0>), (0, <UCTagent.UCTAgent object at 0x7fd17874cd00>)]
0 UCT Agent(time=10.0, exploration_constant=3.0)
1 UCT Agent(time=10.0, exploration_constant=3.0)
2 UCT Agent(time=10.0, exploration_constant=3.0)
UCT MAKE MOVE IN 9.375 time
54 UCT iterations in 10.0s
turn complete
UCT MAKE MOVE IN 8.75 time
50 UCT iterations in 10.0s
turn complete
UCT MAKE MOVE IN 8.125 time
45 UCT iterations in 10.0s
turn complete
UCT MAKE MOVE IN 7.5 time
44 UCT iterations in 10.0s
turn complete
UCT MAKE MOVE IN 6.875 time
40 UCT iterations in 10.0s
turn complete
UCT MAKE MOVE IN 6.25 time
42 UCT iterations in 10.0s
turn complete
UCT MAKE MOVE IN 5.625 time
42 UCT iterations in 10.0s
turn complete
UCT MAKE MOVE IN 5.0 time
48 UCT iterations in 10.0s
turn complete
UCT MAKE MOVE IN 4.375 time
46 UCT iterations in 10.0s
turn complete
UCT MAKE MOVE IN 3.75 time
44 UCT iterations in 10.0s
turn complete
UCT MAKE MOVE IN 3.125 time
43 UCT iterations in 10.0s
turn complete
UCT MAKE MOVE IN 2.5 time
40 UCT iterations in 10.0s
turn complete
UCT MAKE MOVE IN 1.875 time
31 UCT iterations in 10.0s
turn complete
UCT MAKE MOVE IN 1.25 time
34 UCT iterations in 10.0s
turn complete
UCT MAKE MOVE IN 0.625 time
190 UCT iterations in 10.0s
turn complete
Action sequence ---------------------------
<tri_road, 3, (0, 1), ROAD, 1>
<monastery, 0, (-1, 0), MONASTERY, 0>
<monastery_road, 3, (-1, -1), MONASTERY, 0>
<city_cap_straight_road, 1, (-1, -2), CITY, 0>
<big_city, 0, (1, 0), CITY, 0>
<tri_road, 2, (0, -1), ROAD, 0>
<monastery, 0, (-2, 0), None, 0>
<tri_road, 1, (-3, 0), None, 0>
<monastery_road, 1, (-2, -1), MONASTERY, 0>
<monastery, 0, (-1, 1), None, 0>
<city_cap_straight_road, 3, (1, -1), None, 0>
[(0, <UCTagent.UCTAgent object at 0x7fd17874c8e0>), (1, <UCTagent.UCTAgent object at 0x7fd17874c940>), (2, <UCTagent.UCTAgent object at 0x7fd17874c9a0>)]
0 UCT Agent(time=10.0, exploration_constant=3.0)
1 UCT Agent(time=10.0, exploration_constant=3.0)
2 UCT Agent(time=10.0, exploration_constant=3.0)
UCT MAKE MOVE IN 9.375 time
45 UCT iterations in 10.0s
turn complete
UCT MAKE MOVE IN 8.75 time
47 UCT iterations in 10.0s
turn complete
UCT MAKE MOVE IN 8.125 time
53 UCT iterations in 10.0s
turn complete
UCT MAKE MOVE IN 7.5 time
48 UCT iterations in 10.0s
turn complete
UCT MAKE MOVE IN 6.875 time
58 UCT iterations in 10.0s
turn complete
UCT MAKE MOVE IN 6.25 time
63 UCT iterations in 10.0s
turn complete
UCT MAKE MOVE IN 5.625 time
62 UCT iterations in 10.0s
turn complete
UCT MAKE MOVE IN 5.0 time
54 UCT iterations in 10.0s
turn complete
UCT MAKE MOVE IN 4.375 time
46 UCT iterations in 10.0s
turn complete
UCT MAKE MOVE IN 3.75 time
42 UCT iterations in 10.0s
turn complete
UCT MAKE MOVE IN 3.125 time
36 UCT iterations in 10.0s
turn complete
UCT MAKE MOVE IN 2.5 time
65 UCT iterations in 10.0s
turn complete
UCT MAKE MOVE IN 1.875 time
94 UCT iterations in 10.0s
turn complete
UCT MAKE MOVE IN 1.25 time
327 UCT iterations in 10.0s
turn complete
UCT MAKE MOVE IN 0.625 time
169 UCT iterations in 10.0s
turn complete
Action sequence ---------------------------
<city_cap_straight_road, 2, (1, 0), CITY, 0>
<tri_road, 0, (0, 1), ROAD, 1>
<tri_road, 0, (1, 1), ROAD, 0>
<city_tunnel, 0, (2, 0), CITY, 0>
<tri_road, 3, (1, -1), None, 0>
<city_cap_straight_road, 3, (1, 2), CITY, 0>
<monastery_road, 3, (0, 2), MONASTERY, 0>
<monastery, 0, (-1, 0), MONASTERY, 0>
<monastery, 0, (3, 0), None, 0>
<monastery_road, 1, (-1, 2), None, 0>
<monastery, 0, (-2, 0), None, 0>
<tri_road, 2, (3, 1), None, 0>
<monastery, 0, (-1, 3), None, 0>
<big_city, 0, (1, 3), None, 0>
<city_cap_straight_road, 2, (2, 3), None, 0>
-------------------------------------------
Cities:  3
Roads:  13
Farms:  10
Free Meeples:  [0, 0, 0]
SCORES:  [12, 6, 5]
TIMES: [28.485435962677002, 25.387083530426025, 22.279719591140747]
GAMES: [1, 0, 0]
[(0, <UCTagent.UCTAgent object at 0x7fd17874c8e0>), (1, <UCTagent.UCTAgent object at 0x7fd17874c940>), (2, <UCTagent.UCTAgent object at 0x7fd17874c9a0>)]
0 UCT Agent(time=10.0, exploration_constant=3.0)
1 UCT Agent(time=10.0, exploration_constant=3.0)
2 UCT Agent(time=10.0, exploration_constant=3.0)
UCT MAKE MOVE IN 9.375 time
42 UCT iterations in 10.0s
turn complete
UCT MAKE MOVE IN 8.75 time
40 UCT iterations in 10.0s
turn complete
UCT MAKE MOVE IN 8.125 time
44 UCT iterations in 10.0s
turn complete
UCT MAKE MOVE IN 7.5 time
48 UCT iterations in 10.0s
turn complete
UCT MAKE MOVE IN 6.875 time
43 UCT iterations in 10.0s
turn complete
UCT MAKE MOVE IN 6.25 time
41 UCT iterations in 10.0s
turn complete
UCT MAKE MOVE IN 5.625 time
36 UCT iterations in 10.0s
turn complete
UCT MAKE MOVE IN 5.0 time
28 UCT iterations in 10.0s
turn complete
UCT MAKE MOVE IN 4.375 time
34 UCT iterations in 10.0s
turn complete
UCT MAKE MOVE IN 3.75 time
34 UCT iterations in 10.0s
turn complete
UCT MAKE MOVE IN 3.125 time
35 UCT iterations in 10.0s
turn complete
UCT MAKE MOVE IN 2.5 time
25 UCT iterations in 10.0s
turn complete
UCT MAKE MOVE IN 1.875 time
42 UCT iterations in 10.0s
turn complete
UCT MAKE MOVE IN 1.25 time
349 UCT iterations in 10.0s
turn complete
UCT MAKE MOVE IN 0.625 time
181 UCT iterations in 10.0s
turn complete
Action sequence ---------------------------
<monastery, 0, (-1, 0), MONASTERY, 0>
<city_cap_straight_road, 2, (1, 0), CITY, 0>
<tri_road, 2, (-1, 1), ROAD, 1>
<tri_road, 0, (0, 1), ROAD, 1>
<city_tunnel, 1, (0, 2), FARM, 0>
<monastery_road, 0, (2, 0), MONASTERY, 0>
<monastery, 0, (0, 3), None, 0>
<monastery, 0, (-1, -1), MONASTERY, 0>
<tri_road, 2, (1, -1), None, 0>
<city_cap_straight_road, 1, (-2, 1), None, 0>
<monastery_road, 0, (-1, -2), None, 0>
<monastery, 0, (3, 0), None, 0>
<tri_road, 3, (0, -1), None, 0>
<big_city, 0, (1, 2), None, 0>
<city_cap_straight_road, 3, (2, 1), None, 0>
-------------------------------------------
Cities:  4
Roads:  12
Farms:  8
Free Meeples:  [1, 0, 0]
SCORES:  [10, 9, 6]
TIMES: [28.569944143295288, 25.149935483932495, 22.19024419784546]
GAMES: [2, 0, 0]
[(0, <UCTagent.UCTAgent object at 0x7fd17874c8e0>), (1, <UCTagent.UCTAgent object at 0x7fd17874c940>), (2, <UCTagent.UCTAgent object at 0x7fd17874c9a0>)]
0 UCT Agent(time=10.0, exploration_constant=3.0)
1 UCT Agent(time=10.0, exploration_constant=3.0)
2 UCT Agent(time=10.0, exploration_constant=3.0)
UCT MAKE MOVE IN 9.375 time
43 UCT iterations in 10.0s
turn complete
UCT MAKE MOVE IN 8.75 time
36 UCT iterations in 10.0s
turn complete
UCT MAKE MOVE IN 8.125 time
36 UCT iterations in 10.0s
turn complete
UCT MAKE MOVE IN 7.5 time
34 UCT iterations in 10.0s
turn complete
UCT MAKE MOVE IN 6.875 time
31 UCT iterations in 10.0s
turn complete
UCT MAKE MOVE IN 6.25 time
28 UCT iterations in 10.0s
turn complete
UCT MAKE MOVE IN 5.625 time
29 UCT iterations in 10.0s
turn complete
UCT MAKE MOVE IN 5.0 time
34 UCT iterations in 10.0s
turn complete
UCT MAKE MOVE IN 4.375 time
43 UCT iterations in 10.0s
turn complete
UCT MAKE MOVE IN 3.75 time
46 UCT iterations in 10.0s
turn complete
UCT MAKE MOVE IN 3.125 time
41 UCT iterations in 10.0s
turn complete
UCT MAKE MOVE IN 2.5 time
28 UCT iterations in 10.0s
turn complete
UCT MAKE MOVE IN 1.875 time
26 UCT iterations in 10.0s
turn complete
UCT MAKE MOVE IN 1.25 time
94 UCT iterations in 10.0s
turn complete
UCT MAKE MOVE IN 0.625 time
173 UCT iterations in 10.0s
turn complete
Action sequence ---------------------------
<monastery, 0, (-1, 0), MONASTERY, 0>
<monastery, 0, (-1, 1), MONASTERY, 0>
<city_cap_straight_road, 2, (1, 0), FARM, 1>
<city_cap_straight_road, 0, (2, 0), None, 0>
<monastery_road, 2, (1, -1), MONASTERY, 0>
<big_city, 0, (3, 0), CITY, 0>
<tri_road, 3, (1, 1), ROAD, 2>
<tri_road, 1, (0, -1), None, 0>
<tri_road, 3, (0, -2), None, 0>
<city_cap_straight_road, 1, (1, -2), CITY, 0>
<monastery, 0, (-1, 2), None, 0>
<monastery, 0, (-1, 3), None, 0>
<monastery_road, 0, (-2, 3), None, 0>
<tri_road, 2, (2, -2), None, 0>
<city_tunnel, 1, (4, 0), None, 0>
-------------------------------------------
Cities:  3
Roads:  12
Farms:  9
Free Meeples:  [0, 0, 0]
SCORES:  [8, 12, 7]
TIMES: [28.8516263961792, 25.25435447692871, 22.243435621261597]
GAMES: [2, 1, 0]
[(0, <UCTagent.UCTAgent object at 0x7fd17874c8e0>), (1, <UCTagent.UCTAgent object at 0x7fd17874c940>), (2, <UCTagent.UCTAgent object at 0x7fd17874c9a0>)]
0 UCT Agent(time=10.0, exploration_constant=3.0)
1 UCT Agent(time=10.0, exploration_constant=3.0)
2 UCT Agent(time=10.0, exploration_constant=3.0)
UCT MAKE MOVE IN 9.375 time
48 UCT iterations in 10.0s
turn complete
UCT MAKE MOVE IN 8.75 time
45 UCT iterations in 10.0s
turn complete
UCT MAKE MOVE IN 8.125 time
41 UCT iterations in 10.0s
turn complete
UCT MAKE MOVE IN 7.5 time
40 UCT iterations in 10.0s
turn complete
UCT MAKE MOVE IN 6.875 time
39 UCT iterations in 10.0s
turn complete
UCT MAKE MOVE IN 6.25 time
39 UCT iterations in 10.0s
turn complete
UCT MAKE MOVE IN 5.625 time
35 UCT iterations in 10.0s
turn complete
UCT MAKE MOVE IN 5.0 time
39 UCT iterations in 10.0s
turn complete
UCT MAKE MOVE IN 4.375 time
38 UCT iterations in 10.0s
turn complete
UCT MAKE MOVE IN 3.75 time
31 UCT iterations in 10.0s
turn complete
UCT MAKE MOVE IN 3.125 time
30 UCT iterations in 10.0s
turn complete
UCT MAKE MOVE IN 2.5 time
26 UCT iterations in 10.0s
turn complete
UCT MAKE MOVE IN 1.875 time
18 UCT iterations in 10.0s
turn complete
UCT MAKE MOVE IN 1.25 time
29 UCT iterations in 10.0s
turn complete
UCT MAKE MOVE IN 0.625 time
165 UCT iterations in 10.0s
turn complete
Action sequence ---------------------------
<tri_road, 2, (0, -1), ROAD, 1>
<monastery, 0, (-1, 0), MONASTERY, 0>
<monastery_road, 2, (-2, 0), MONASTERY, 0>
<city_cap_straight_road, 3, (1, -1), CITY, 0>
<big_city, 0, (1, 0), None, 0>
<tri_road, 1, (2, -1), ROAD, 1>
<monastery, 0, (3, -1), None, 0>
<tri_road, 0, (3, -2), ROAD, 1>
<monastery_road, 1, (1, -2), MONASTERY, 0>
<monastery, 0, (4, -1), None, 0>
<city_cap_straight_road, 0, (-2, 1), None, 0>
<monastery, 0, (1, -3), None, 0>
[(2, <UCTagent.UCTAgent object at 0x7fd17874ce80>), (1, <UCTagent.UCTAgent object at 0x7fd17874cee0>), (0, <UCTagent.UCTAgent object at 0x7fd17874cf40>)]
0 UCT Agent(time=10.0, exploration_constant=3.0)
1 UCT Agent(time=10.0, exploration_constant=3.0)
2 UCT Agent(time=10.0, exploration_constant=3.0)
UCT MAKE MOVE IN 9.375 time
44 UCT iterations in 10.0s
turn complete
UCT MAKE MOVE IN 8.75 time
47 UCT iterations in 10.0s
turn complete
UCT MAKE MOVE IN 8.125 time
50 UCT iterations in 10.0s
turn complete
UCT MAKE MOVE IN 7.5 time
45 UCT iterations in 10.0s
turn complete
UCT MAKE MOVE IN 6.875 time
51 UCT iterations in 10.0s
turn complete
UCT MAKE MOVE IN 6.25 time
58 UCT iterations in 10.0s
turn complete
UCT MAKE MOVE IN 5.625 time
62 UCT iterations in 10.0s
turn complete
UCT MAKE MOVE IN 5.0 time
66 UCT iterations in 10.0s
turn complete
UCT MAKE MOVE IN 4.375 time
44 UCT iterations in 10.0s
turn complete
UCT MAKE MOVE IN 3.75 time
42 UCT iterations in 10.0s
turn complete
UCT MAKE MOVE IN 3.125 time
38 UCT iterations in 10.0s
turn complete
UCT MAKE MOVE IN 2.5 time
61 UCT iterations in 10.0s
turn complete
UCT MAKE MOVE IN 1.875 time
46 UCT iterations in 10.0s
turn complete
UCT MAKE MOVE IN 1.25 time
149 UCT iterations in 10.0s
turn complete
UCT MAKE MOVE IN 0.625 time
87 UCT iterations in 10.0s
turn complete
Action sequence ---------------------------
<city_cap_straight_road, 2, (0, 1), ROAD, 0>
<tri_road, 2, (0, -1), ROAD, 0>
<tri_road, 3, (1, 1), ROAD, 1>
<city_tunnel, 1, (0, -2), CITY, 0>
<tri_road, 0, (-1, -1), ROAD, 1>
<city_cap_straight_road, 1, (-2, -1), None, 0>
<monastery_road, 2, (-1, 0), None, 0>
<monastery, 0, (-2, 0), MONASTERY, 0>
<monastery, 0, (-2, 1), MONASTERY, 0>
<monastery_road, 2, (-2, 2), None, 0>
<monastery, 0, (0, -3), None, 0>
<tri_road, 1, (2, 1), None, 0>
<monastery, 0, (3, 1), None, 0>
<big_city, 0, (-2, -2), None, 0>
<city_cap_straight_road, 3, (-2, -3), CITY, 0>
-------------------------------------------
Cities:  4
Roads:  13
Farms:  10
Free Meeples:  [0, 0, 0]
SCORES:  [4, 8, 10]
TIMES: [28.505433320999146, 25.32909917831421, 22.202874660491943]
GAMES: [0, 0, 1]
[(2, <UCTagent.UCTAgent object at 0x7fd17874ce80>), (1, <UCTagent.UCTAgent object at 0x7fd17874cee0>), (0, <UCTagent.UCTAgent object at 0x7fd17874cf40>)]
0 UCT Agent(time=10.0, exploration_constant=3.0)
1 UCT Agent(time=10.0, exploration_constant=3.0)
2 UCT Agent(time=10.0, exploration_constant=3.0)
UCT MAKE MOVE IN 9.375 time
43 UCT iterations in 10.0s
turn complete
UCT MAKE MOVE IN 8.75 time
41 UCT iterations in 10.0s
turn complete
UCT MAKE MOVE IN 8.125 time
42 UCT iterations in 10.0s
turn complete
UCT MAKE MOVE IN 7.5 time
47 UCT iterations in 10.0s
turn complete
UCT MAKE MOVE IN 6.875 time
42 UCT iterations in 10.0s
turn complete
UCT MAKE MOVE IN 6.25 time
41 UCT iterations in 10.0s
turn complete
UCT MAKE MOVE IN 5.625 time
36 UCT iterations in 10.0s
turn complete
UCT MAKE MOVE IN 5.0 time
32 UCT iterations in 10.0s
turn complete
UCT MAKE MOVE IN 4.375 time
36 UCT iterations in 10.0s
turn complete
UCT MAKE MOVE IN 3.75 time
39 UCT iterations in 10.0s
turn complete
UCT MAKE MOVE IN 3.125 time
37 UCT iterations in 10.0s
turn complete
UCT MAKE MOVE IN 2.5 time
28 UCT iterations in 10.0s
turn complete
UCT MAKE MOVE IN 1.875 time
46 UCT iterations in 10.0s
turn complete
UCT MAKE MOVE IN 1.25 time
348 UCT iterations in 10.0s
turn complete
UCT MAKE MOVE IN 0.625 time
181 UCT iterations in 10.0s
turn complete
Action sequence ---------------------------
<monastery, 0, (-1, 0), MONASTERY, 0>
<city_cap_straight_road, 0, (0, -1), ROAD, 0>
<tri_road, 3, (0, 1), ROAD, 0>
<tri_road, 1, (1, 1), ROAD, 2>
<city_tunnel, 1, (1, -1), CITY, 0>
<monastery_road, 2, (-1, 1), MONASTERY, 0>
<monastery, 0, (-1, -1), None, 0>
<monastery, 0, (2, 1), None, 0>
<tri_road, 0, (0, 2), None, 0>
<city_cap_straight_road, 3, (0, 3), None, 0>
<monastery_road, 0, (1, -2), None, 0>
<monastery, 0, (2, 0), MONASTERY, 0>
<tri_road, 1, (1, 2), None, 0>
<big_city, 0, (0, 4), None, 0>
<city_cap_straight_road, 0, (3, 1), None, 0>
-------------------------------------------
Cities:  4
Roads:  12
Farms:  9
Free Meeples:  [1, 0, 0]
SCORES:  [8, 5, 12]
TIMES: [28.5941379070282, 25.384326457977295, 22.509103059768677]
GAMES: [0, 0, 2]
[(2, <UCTagent.UCTAgent object at 0x7fd17874ce80>), (1, <UCTagent.UCTAgent object at 0x7fd17874cee0>), (0, <UCTagent.UCTAgent object at 0x7fd17874cf40>)]
0 UCT Agent(time=10.0, exploration_constant=3.0)
1 UCT Agent(time=10.0, exploration_constant=3.0)
2 UCT Agent(time=10.0, exploration_constant=3.0)
UCT MAKE MOVE IN 9.375 time
43 UCT iterations in 10.0s
turn complete
UCT MAKE MOVE IN 8.75 time
36 UCT iterations in 10.0s
turn complete
UCT MAKE MOVE IN 8.125 time
36 UCT iterations in 10.0s
turn complete
UCT MAKE MOVE IN 7.5 time
36 UCT iterations in 10.0s
turn complete
UCT MAKE MOVE IN 6.875 time
35 UCT iterations in 10.0s
turn complete
UCT MAKE MOVE IN 6.25 time
27 UCT iterations in 10.0s
turn complete
UCT MAKE MOVE IN 5.625 time
28 UCT iterations in 10.0s
turn complete
UCT MAKE MOVE IN 5.0 time
29 UCT iterations in 10.0s
turn complete
UCT MAKE MOVE IN 4.375 time
37 UCT iterations in 10.0s
turn complete
UCT MAKE MOVE IN 3.75 time
40 UCT iterations in 10.0s
turn complete
UCT MAKE MOVE IN 3.125 time
36 UCT iterations in 10.0s
turn complete
UCT MAKE MOVE IN 2.5 time
28 UCT iterations in 10.0s
turn complete
UCT MAKE MOVE IN 1.875 time
25 UCT iterations in 10.0s
turn complete
UCT MAKE MOVE IN 1.25 time
57 UCT iterations in 10.0s
turn complete
UCT MAKE MOVE IN 0.625 time
172 UCT iterations in 10.0s
turn complete
Action sequence ---------------------------
<monastery, 0, (-1, 0), MONASTERY, 0>
<monastery, 0, (-1, -1), MONASTERY, 0>
<city_cap_straight_road, 0, (0, 1), CITY, 0>
<city_cap_straight_road, 2, (-2, 0), None, 0>
<monastery_road, 3, (-1, -2), MONASTERY, 0>
<big_city, 0, (-3, 0), CITY, 0>
<tri_road, 1, (0, 2), ROAD, 0>
<tri_road, 1, (-2, -2), None, 0>
<tri_road, 0, (-3, -2), None, 0>
<city_cap_straight_road, 2, (-2, 1), None, 0>
<monastery, 0, (-1, -3), None, 0>
<monastery, 0, (1, 2), None, 0>
<monastery_road, 2, (2, 2), None, 0>
<tri_road, 1, (0, -2), None, 0>
<city_tunnel, 1, (1, 1), None, 0>
-------------------------------------------
Cities:  4
Roads:  13
Farms:  9
Free Meeples:  [0, 0, 0]
SCORES:  [9, 12, 5]
TIMES: [28.673884868621826, 25.34583067893982, 22.199068069458008]
GAMES: [0, 1, 2]
[(2, <UCTagent.UCTAgent object at 0x7fd17874ce80>), (1, <UCTagent.UCTAgent object at 0x7fd17874cee0>), (0, <UCTagent.UCTAgent object at 0x7fd17874cf40>)]
0 UCT Agent(time=10.0, exploration_constant=3.0)
1 UCT Agent(time=10.0, exploration_constant=3.0)
2 UCT Agent(time=10.0, exploration_constant=3.0)
UCT MAKE MOVE IN 9.375 time
50 UCT iterations in 10.0s
turn complete
UCT MAKE MOVE IN 8.75 time
45 UCT iterations in 10.0s
turn complete
UCT MAKE MOVE IN 8.125 time
42 UCT iterations in 10.0s
turn complete
UCT MAKE MOVE IN 7.5 time
41 UCT iterations in 10.0s
turn complete
UCT MAKE MOVE IN 6.875 time
36 UCT iterations in 10.0s
turn complete
UCT MAKE MOVE IN 6.25 time
39 UCT iterations in 10.0s
turn complete
UCT MAKE MOVE IN 5.625 time
36 UCT iterations in 10.0s
turn complete
UCT MAKE MOVE IN 5.0 time
42 UCT iterations in 10.0s
turn complete
UCT MAKE MOVE IN 4.375 time
40 UCT iterations in 10.0s
turn complete
UCT MAKE MOVE IN 3.75 time
31 UCT iterations in 10.0s
turn complete
UCT MAKE MOVE IN 3.125 time
32 UCT iterations in 10.0s
turn complete
UCT MAKE MOVE IN 2.5 time
26 UCT iterations in 10.0s
turn complete
UCT MAKE MOVE IN 1.875 time
19 UCT iterations in 10.0s
turn complete
UCT MAKE MOVE IN 1.25 time
31 UCT iterations in 10.0s
turn complete
UCT MAKE MOVE IN 0.625 time
175 UCT iterations in 10.0s
turn complete
Action sequence ---------------------------
<tri_road, 3, (0, -1), ROAD, 0>
<monastery, 0, (-1, 0), MONASTERY, 0>
<monastery_road, 1, (1, -1), MONASTERY, 0>
<city_cap_straight_road, 1, (1, -2), ROAD, 0>
<big_city, 0, (1, -3), CITY, 0>
<tri_road, 3, (0, -2), ROAD, 0>
<monastery, 0, (-1, -2), None, 0>
<tri_road, 1, (-2, -2), None, 0>
<monastery_road, 2, (2, -1), None, 0>
<monastery, 0, (3, -1), None, 0>
<city_cap_straight_road, 0, (0, -3), None, 0>
Free Meeples:  [0, 0, 0]
SCORES:  [9, 9, 11]
TIMES: [28.627224683761597, 25.575388431549072, 22.224271535873413]
GAMES: [2, 1, 1]
[(1, <UCTagent.UCTAgent object at 0x7fd17874cb20>), (0, <UCTagent.UCTAgent object at 0x7fd17874cb80>), (2, <UCTagent.UCTAgent object at 0x7fd17874cbe0>)]
0 UCT Agent(time=10.0, exploration_constant=3.0)
1 UCT Agent(time=10.0, exploration_constant=3.0)
2 UCT Agent(time=10.0, exploration_constant=3.0)
UCT MAKE MOVE IN 9.375 time
44 UCT iterations in 10.0s
turn complete
UCT MAKE MOVE IN 8.75 time
42 UCT iterations in 10.0s
turn complete
UCT MAKE MOVE IN 8.125 time
43 UCT iterations in 10.0s
turn complete
UCT MAKE MOVE IN 7.5 time
39 UCT iterations in 10.0s
turn complete
UCT MAKE MOVE IN 6.875 time
40 UCT iterations in 10.0s
turn complete
UCT MAKE MOVE IN 6.25 time
46 UCT iterations in 10.0s
turn complete
UCT MAKE MOVE IN 5.625 time
38 UCT iterations in 10.0s
turn complete
UCT MAKE MOVE IN 5.0 time
39 UCT iterations in 10.0s
turn complete
UCT MAKE MOVE IN 4.375 time
32 UCT iterations in 10.0s
turn complete
UCT MAKE MOVE IN 3.75 time
41 UCT iterations in 10.0s
turn complete
UCT MAKE MOVE IN 3.125 time
38 UCT iterations in 10.0s
turn complete
UCT MAKE MOVE IN 2.5 time
37 UCT iterations in 10.0s
turn complete
UCT MAKE MOVE IN 1.875 time
32 UCT iterations in 10.0s
turn complete
UCT MAKE MOVE IN 1.25 time
21 UCT iterations in 10.0s
turn complete
UCT MAKE MOVE IN 0.625 time
167 UCT iterations in 10.0s
turn complete
Action sequence ---------------------------
<monastery_road, 2, (-1, 0), MONASTERY, 0>
<monastery_road, 0, (0, 1), ROAD, 0>
<tri_road, 0, (-1, -1), ROAD, 2>
<city_tunnel, 0, (1, 1), None, 0>
<city_cap_straight_road, 3, (-2, -1), CITY, 0>
<tri_road, 2, (-3, -1), ROAD, 1>
<monastery, 0, (-2, -2), MONASTERY, 0>
<city_cap_straight_road, 3, (-4, -1), None, 0>
<monastery, 0, (-4, -2), MONASTERY, 0>
<tri_road, 3, (-1, -2), None, 0>
<big_city, 0, (1, 0), None, 0>
<city_cap_straight_road, 2, (-3, 0), None, 0>
<monastery, 0, (-2, -3), None, 0>
<monastery, 0, (-2, -4), None, 0>
<tri_road, 2, (-5, -1), None, 0>
-------------------------------------------
Cities:  4
Roads:  11
Farms:  7
Free Meeples:  [0, 0, 0]
SCORES:  [11, 3, 9]
TIMES: [28.705999612808228, 25.477323055267334, 22.177098035812378]
GAMES: [3, 1, 1]
--------------------------------------------
Average Points: [10.2, 8.2, 7.6]
Average Times: [28.139250087738038, 24.91139988899231, 21.553168773651123]
Average Game Duration: 74.80320625305175 seconds
--- THREAD 2 FINISHED ---
4
Roads:  13
Farms:  9
Free Meeples:  [0, 0, 0]
SCORES:  [9, 11, 7]
TIMES: [28.713730812072754, 25.497023105621338, 22.29750347137451]
GAMES: [2, 1, 1]
[(0, <UCTagent.UCTAgent object at 0x7fd17874ca00>), (2, <UCTagent.UCTAgent object at 0x7fd17874ca60>), (1, <UCTagent.UCTAgent object at 0x7fd17874cac0>)]
0 UCT Agent(time=10.0, exploration_constant=3.0)
1 UCT Agent(time=10.0, exploration_constant=3.0)
2 UCT Agent(time=10.0, exploration_constant=3.0)
UCT MAKE MOVE IN 9.375 time
43 UCT iterations in 10.0s
turn complete
UCT MAKE MOVE IN 8.75 time
43 UCT iterations in 10.0s
turn complete
UCT MAKE MOVE IN 8.125 time
44 UCT iterations in 10.0s
turn complete
UCT MAKE MOVE IN 7.5 time
39 UCT iterations in 10.0s
turn complete
UCT MAKE MOVE IN 6.875 time
37 UCT iterations in 10.0s
turn complete
UCT MAKE MOVE IN 6.25 time
44 UCT iterations in 10.0s
turn complete
UCT MAKE MOVE IN 5.625 time
37 UCT iterations in 10.0s
turn complete
UCT MAKE MOVE IN 5.0 time
37 UCT iterations in 10.0s
turn complete
UCT MAKE MOVE IN 4.375 time
33 UCT iterations in 10.0s
turn complete
UCT MAKE MOVE IN 3.75 time
42 UCT iterations in 10.0s
turn complete
UCT MAKE MOVE IN 3.125 time
37 UCT iterations in 10.0s
turn complete
UCT MAKE MOVE IN 2.5 time
38 UCT iterations in 10.0s
turn complete
UCT MAKE MOVE IN 1.875 time
35 UCT iterations in 10.0s
turn complete
UCT MAKE MOVE IN 1.25 time
58 UCT iterations in 10.0s
turn complete
UCT MAKE MOVE IN 0.625 time
167 UCT iterations in 10.0s
turn complete
Action sequence ---------------------------
<monastery_road, 0, (0, 1), ROAD, 0>
<monastery_road, 2, (1, 1), MONASTERY, 0>
<tri_road, 2, (0, -1), ROAD, 2>
<city_tunnel, 0, (-1, 1), CITY, 0>
<city_cap_straight_road, 1, (-1, -1), ROAD, 0>
<tri_road, 0, (1, -1), ROAD, 1>
<monastery, 0, (2, 1), MONASTERY, 0>
<city_cap_straight_road, 1, (0, -2), None, 0>
<monastery, 0, (2, 2), MONASTERY, 0>
<tri_road, 0, (2, 0), None, 0>
<big_city, 0, (0, -3), None, 0>
<city_cap_straight_road, 0, (3, 2), None, 0>
<monastery, 0, (-2, 1), None, 0>
<monastery, 0, (0, 2), None, 0>
<tri_road, 2, (2, 3), None, 0>
-------------------------------------------
Cities:  5
Roads:  14
Farms:  10
Free Meeples:  [0, 0, 0]
SCORES:  [9, 9, 8]
TIMES: [28.501025438308716, 25.273731470108032, 22.24027991294861]
GAMES: [2.5, 1.5, 1]
--------------------------------------------
Average Points: [10.4, 10.4, 9.8]
Average Times: [28.62918014526367, 25.17717089653015, 21.938617563247682]
Average Game Duration: 75.93781380653381 seconds
--- THREAD 1 FINISHED ---
<city_cap_straight_road, 3, (-3, 0), None, 0>
-------------------------------------------
Cities:  5
Roads:  10
Farms:  6
Free Meeples:  [0, 0, 0]
SCORES:  [12, 10, 14]
TIMES: [28.50744652748108, 25.538783311843872, 22.178943157196045]
GAMES: [1, 1.5, 1.5]
[(2, <UCTagent.UCTAgent object at 0x7fd17874cd60>), (0, <UCTagent.UCTAgent object at 0x7fd17874cdc0>), (1, <UCTagent.UCTAgent object at 0x7fd17874ce20>)]
0 UCT Agent(time=10.0, exploration_constant=3.0)
1 UCT Agent(time=10.0, exploration_constant=3.0)
2 UCT Agent(time=10.0, exploration_constant=3.0)
UCT MAKE MOVE IN 9.375 time
47 UCT iterations in 10.0s
turn complete
UCT MAKE MOVE IN 8.75 time
45 UCT iterations in 10.0s
turn complete
UCT MAKE MOVE IN 8.125 time
48 UCT iterations in 10.0s
turn complete
UCT MAKE MOVE IN 7.5 time
44 UCT iterations in 10.0s
turn complete
UCT MAKE MOVE IN 6.875 time
45 UCT iterations in 10.0s
turn complete
UCT MAKE MOVE IN 6.25 time
51 UCT iterations in 10.0s
turn complete
UCT MAKE MOVE IN 5.625 time
45 UCT iterations in 10.0s
turn complete
UCT MAKE MOVE IN 5.0 time
45 UCT iterations in 10.0s
turn complete
UCT MAKE MOVE IN 4.375 time
39 UCT iterations in 10.0s
turn complete
UCT MAKE MOVE IN 3.75 time
48 UCT iterations in 10.0s
turn complete
UCT MAKE MOVE IN 3.125 time
46 UCT iterations in 10.0s
turn complete
UCT MAKE MOVE IN 2.5 time
43 UCT iterations in 10.0s
turn complete
UCT MAKE MOVE IN 1.875 time
46 UCT iterations in 10.0s
turn complete
UCT MAKE MOVE IN 1.25 time
60 UCT iterations in 10.0s
turn complete
UCT MAKE MOVE IN 0.625 time
184 UCT iterations in 10.0s
turn complete
Action sequence ---------------------------
<monastery_road, 0, (0, 1), MONASTERY, 0>
<monastery_road, 2, (1, 1), MONASTERY, 0>
<tri_road, 2, (0, 2), ROAD, 0>
<city_tunnel, 1, (1, 0), CITY, 0>
<city_cap_straight_road, 2, (0, -1), FARM, 0>
<tri_road, 3, (0, -2), ROAD, 0>
<monastery, 0, (-1, 0), None, 0>
<city_cap_straight_road, 0, (2, 1), None, 0>
<monastery, 0, (1, -1), MONASTERY, 0>
<tri_road, 0, (2, 2), None, 0>
<big_city, 0, (3, 1), None, 0>
<city_cap_straight_road, 1, (-1, 2), None, 0>
<monastery, 0, (-1, -2), None, 0>
<monastery, 0, (2, 3), None, 0>
<tri_road, 2, (-2, 2), None, 0>
-------------------------------------------
Cities:  4
Roads:  12
Farms:  7
Free Meeples:  [0, 0, 1]
SCORES:  [9, 7, 12]
TIMES: [28.566778898239136, 25.253517389297485, 22.168264627456665]
GAMES: [1, 1.5, 2.5]
--------------------------------------------
Average Points: [9.0, 9.8, 11.0]
Average Times: [28.48045620918274, 25.243001317977907, 22.08899130821228]
Average Game Duration: 75.99452514648438 seconds
--- THREAD 4 FINISHED ---
<monastery, 0, (-1, 2), None, 0>
<city_tunnel, 0, (-1, -3), None, 0>
<tri_road, 2, (-4, 0), None, 0>
<city_cap_straight_road, 1, (-2, -2), None, 0>
-------------------------------------------
Cities:  3
Roads:  12
Farms:  9
Free Meeples:  [0, 0, 0]
SCORES:  [3, 12, 17]
TIMES: [28.48677635192871, 25.50769829750061, 22.102358102798462]
GAMES: [2, 1, 1]
[(1, <UCTagent.UCTAgent object at 0x7fd17874cc40>), (2, <UCTagent.UCTAgent object at 0x7fd17874cca0>), (0, <UCTagent.UCTAgent object at 0x7fd17874cd00>)]
0 UCT Agent(time=10.0, exploration_constant=3.0)
1 UCT Agent(time=10.0, exploration_constant=3.0)
2 UCT Agent(time=10.0, exploration_constant=3.0)
UCT MAKE MOVE IN 9.375 time
47 UCT iterations in 10.0s
turn complete
UCT MAKE MOVE IN 8.75 time
44 UCT iterations in 10.0s
turn complete
UCT MAKE MOVE IN 8.125 time
47 UCT iterations in 10.0s
turn complete
UCT MAKE MOVE IN 7.5 time
43 UCT iterations in 10.0s
turn complete
UCT MAKE MOVE IN 6.875 time
44 UCT iterations in 10.0s
turn complete
UCT MAKE MOVE IN 6.25 time
51 UCT iterations in 10.0s
turn complete
UCT MAKE MOVE IN 5.625 time
41 UCT iterations in 10.0s
turn complete
UCT MAKE MOVE IN 5.0 time
44 UCT iterations in 10.0s
turn complete
UCT MAKE MOVE IN 4.375 time
35 UCT iterations in 10.0s
turn complete
UCT MAKE MOVE IN 3.75 time
45 UCT iterations in 10.0s
turn complete
UCT MAKE MOVE IN 3.125 time
47 UCT iterations in 10.0s
turn complete
UCT MAKE MOVE IN 2.5 time
45 UCT iterations in 10.0s
turn complete
UCT MAKE MOVE IN 1.875 time
36 UCT iterations in 10.0s
turn complete
UCT MAKE MOVE IN 1.25 time
61 UCT iterations in 10.0s
turn complete
UCT MAKE MOVE IN 0.625 time
203 UCT iterations in 10.0s
turn complete
Action sequence ---------------------------
<monastery_road, 0, (-1, 0), MONASTERY, 0>
<monastery_road, 2, (-2, 0), MONASTERY, 0>
<tri_road, 2, (-1, -1), ROAD, 1>
<city_tunnel, 1, (1, 0), CITY, 0>
<city_cap_straight_road, 1, (-2, -1), ROAD, 0>
<tri_road, 0, (-2, 1), ROAD, 2>
<monastery, 0, (-1, -2), None, 0>
<city_cap_straight_road, 1, (-3, -1), None, 0>
<monastery, 0, (0, -2), MONASTERY, 0>
<tri_road, 2, (0, -1), None, 0>
<big_city, 0, (-3, -2), None, 0>
<city_cap_straight_road, 3, (-2, 2), None, 0>
<monastery, 0, (1, 1), None, 0>
<monastery, 0, (-3, 0), None, 0>
<tri_road, 0, (0, -3), None, 0>
-------------------------------------------
Cities:  4
Roads:  12
Farms:  9
Free Meeples:  [0, 0, 0]
SCORES:  [9, 10, 8]
TIMES: [28.486515760421753, 25.391952991485596, 22.274444341659546]
GAMES: [2, 2, 1]
--------------------------------------------
Average Points: [8.4, 9.8, 9.2]
Average Times: [28.446476030349732, 25.341934394836425, 22.240853309631348]
Average Game Duration: 76.22110981941223 seconds
--- THREAD 3 FINISHED ---
<city_tunnel, 0, (1, 1), None, 0>
<tri_road, 3, (3, -3), None, 0>
<city_cap_straight_road, 2, (-3, 0), None, 0>
-------------------------------------------
Cities:  3
Roads:  13
Farms:  10
Free Meeples:  [0, 1, 0]
SCORES:  [7, 7, 12]
TIMES: [28.3820858001709, 25.573151350021362, 22.363054990768433]
GAMES: [2, 1, 1]
[(0, <UCTagent.UCTAgent object at 0x7fd17874c8e0>), (1, <UCTagent.UCTAgent object at 0x7fd17874c940>), (2, <UCTagent.UCTAgent object at 0x7fd17874c9a0>)]
0 UCT Agent(time=10.0, exploration_constant=3.0)
1 UCT Agent(time=10.0, exploration_constant=3.0)
2 UCT Agent(time=10.0, exploration_constant=3.0)
UCT MAKE MOVE IN 9.375 time
44 UCT iterations in 10.0s
turn complete
UCT MAKE MOVE IN 8.75 time
42 UCT iterations in 10.0s
turn complete
UCT MAKE MOVE IN 8.125 time
45 UCT iterations in 10.0s
turn complete
UCT MAKE MOVE IN 7.5 time
42 UCT iterations in 10.0s
turn complete
UCT MAKE MOVE IN 6.875 time
40 UCT iterations in 10.0s
turn complete
UCT MAKE MOVE IN 6.25 time
45 UCT iterations in 10.0s
turn complete
UCT MAKE MOVE IN 5.625 time
40 UCT iterations in 10.0s
turn complete
UCT MAKE MOVE IN 5.0 time
40 UCT iterations in 10.0s
turn complete
UCT MAKE MOVE IN 4.375 time
34 UCT iterations in 10.0s
turn complete
UCT MAKE MOVE IN 3.75 time
45 UCT iterations in 10.0s
turn complete
UCT MAKE MOVE IN 3.125 time
50 UCT iterations in 10.0s
turn complete
UCT MAKE MOVE IN 2.5 time
41 UCT iterations in 10.0s
turn complete
UCT MAKE MOVE IN 1.875 time
40 UCT iterations in 10.0s
turn complete
UCT MAKE MOVE IN 1.25 time
158 UCT iterations in 10.0s
turn complete
UCT MAKE MOVE IN 0.625 time
191 UCT iterations in 10.0s
turn complete
Action sequence ---------------------------
<monastery_road, 0, (0, 1), MONASTERY, 0>
<monastery_road, 1, (-1, 0), MONASTERY, 0>
<tri_road, 3, (0, -1), ROAD, 0>
<city_tunnel, 0, (1, 1), CITY, 0>
<city_cap_straight_road, 0, (0, -2), ROAD, 0>
<tri_road, 1, (1, -1), ROAD, 2>
<monastery, 0, (-1, -2), None, 0>
<city_cap_straight_road, 0, (0, -3), None, 0>
<monastery, 0, (-1, -1), MONASTERY, 0>
<tri_road, 2, (0, 2), None, 0>
<big_city, 0, (1, -3), None, 0>
<city_cap_straight_road, 2, (-2, -2), None, 0>
<monastery, 0, (-1, 1), None, 0>
<monastery, 0, (-2, 1), None, 0>
<tri_road, 2, (-1, 2), None, 0>
-------------------------------------------
Cities:  5
Roads:  12
Farms:  8
Free Meeples:  [0, 0, 0]
SCORES:  [8, 10, 11]
TIMES: [28.439335346221924, 25.270893573760986, 22.256009578704834]
GAMES: [2, 1, 2]
--------------------------------------------
Average Points: [9.0, 8.8, 8.2]
Average Times: [28.545685529708862, 25.327083683013917, 22.266492795944213]
Average Game Duration: 76.34535875320435 seconds
--- THREAD 0 FINISHED ---
<monastery, 0, (-1, -1), MONASTERY, 0>
<city_tunnel, 0, (4, -1), None, 0>
<tri_road, 1, (0, 1), None, 0>
<city_cap_straight_road, 2, (2, 0), None, 0>
-------------------------------------------
Cities:  4
Roads:  11
Farms:  7
Free Meeples:  [1, 0, 0]
SCORES:  [5, 9, 16]
TIMES: [28.690629720687866, 25.525927543640137, 22.393022775650024]
GAMES: [0, 1, 3]
[(2, <UCTagent.UCTAgent object at 0x7fd17874ce80>), (1, <UCTagent.UCTAgent object at 0x7fd17874cee0>), (0, <UCTagent.UCTAgent object at 0x7fd17874cf40>)]
0 UCT Agent(time=10.0, exploration_constant=3.0)
1 UCT Agent(time=10.0, exploration_constant=3.0)
2 UCT Agent(time=10.0, exploration_constant=3.0)
UCT MAKE MOVE IN 9.375 time
45 UCT iterations in 10.0s
turn complete
UCT MAKE MOVE IN 8.75 time
41 UCT iterations in 10.0s
turn complete
UCT MAKE MOVE IN 8.125 time
43 UCT iterations in 10.0s
turn complete
UCT MAKE MOVE IN 7.5 time
41 UCT iterations in 10.0s
turn complete
UCT MAKE MOVE IN 6.875 time
39 UCT iterations in 10.0s
turn complete
UCT MAKE MOVE IN 6.25 time
41 UCT iterations in 10.0s
turn complete
UCT MAKE MOVE IN 5.625 time
34 UCT iterations in 10.0s
turn complete
UCT MAKE MOVE IN 5.0 time
34 UCT iterations in 10.0s
turn complete
UCT MAKE MOVE IN 4.375 time
28 UCT iterations in 10.0s
turn complete
UCT MAKE MOVE IN 3.75 time
36 UCT iterations in 10.0s
turn complete
UCT MAKE MOVE IN 3.125 time
36 UCT iterations in 10.0s
turn complete
UCT MAKE MOVE IN 2.5 time
37 UCT iterations in 10.0s
turn complete
UCT MAKE MOVE IN 1.875 time
36 UCT iterations in 10.0s
turn complete
UCT MAKE MOVE IN 1.25 time
14 UCT iterations in 10.0s
turn complete
UCT MAKE MOVE IN 0.625 time
194 UCT iterations in 10.0s
turn complete
Action sequence ---------------------------
<monastery_road, 2, (-1, 0), MONASTERY, 0>
<monastery_road, 1, (-2, 0), MONASTERY, 0>
<tri_road, 1, (-1, 1), FARM, 1>
<city_tunnel, 1, (1, 0), CITY, 0>
<city_cap_straight_road, 0, (-1, 2), CITY, 0>
<tri_road, 1, (-1, 3), ROAD, 2>
<monastery, 0, (0, 3), None, 0>
<city_cap_straight_road, 1, (-3, 0), None, 0>
<monastery, 0, (-3, 1), None, 0>
<tri_road, 2, (0, -1), None, 0>
<big_city, 0, (-3, -1), None, 0>
<city_cap_straight_road, 2, (-2, 2), None, 0>
<monastery, 0, (1, 3), None, 0>
<monastery, 0, (0, 4), None, 0>
<tri_road, 1, (-1, 4), None, 0>
-------------------------------------------
Cities:  4
Roads:  12
Farms:  9
Free Meeples:  [0, 0, 1]
SCORES:  [7, 7, 2]
TIMES: [28.477256298065186, 25.36825203895569, 22.289333820343018]
GAMES: [0.5, 1.5, 3]
--------------------------------------------
Average Points: [6.6, 8.2, 9.0]
Average Times: [28.588268423080443, 25.39068717956543, 22.318680477142333]
Average Game Duration: 76.51507797241212 seconds
--- THREAD 5 FINISHED ---
[<UCTagent.UCTAgent object at 0x7fd178748f10>, <UCTagent.UCTAgent object at 0x7fd178748f40>, <UCTagent.UCTAgent object at 0x7fd17874c850>]

--- Full Stats --------------
Total Points: [278, 282, 258]
Total Scores: [11.0, 11.0, 8.0]
